Состояние 81 конфликты: 1 сдвига/вывода


Грамматика

    0 $accept: programm $end

    1 programm: programm line
    2         | /* пусто */

    3 list_line: list_line line
    4          | /* пусто */

    5 line: expr ';'
    6     | WHILE '(' logic_expr ')' line
    7     | IF '(' logic_expr ')' THEN line
    8     | IF '(' logic_expr ')' THEN line ELSE line
    9     | '{' list_line '}'
   10     | INT id_list ';'
   11     | FLOAT id_list ';'
   12     | PRINT '(' id_list ')' ';'
   13     | SCAN '(' id_list ')' ';'

   14 id_list: id dop_id_list

   15 dop_id_list: ',' id dop_id_list
   16            | /* пусто */

   17 id: IDENTIFIER

   18 logic_expr: expr '<' expr
   19           | expr '>' expr
   20           | expr COMPARE expr
   21           | expr NO_COMPARE expr
   22           | expr MORE_COM expr
   23           | expr LESS_COM expr

   24 expr: id
   25     | id '=' expr
   26     | INT_CONSTANT
   27     | FLOAT_CONSTANT
   28     | '(' expr ')'
   29     | expr '+' expr
   30     | expr '-' expr
   31     | expr '*' expr
   32     | expr '/' expr
   33     | '-' expr
   34     | INT '(' id ')'
   35     | FLOAT '(' id ')'


Терминальные символы с правилами, в которых они появляются

$end (0) 0
'(' (40) 6 7 8 12 13 28 34 35
')' (41) 6 7 8 12 13 28 34 35
'*' (42) 31
'+' (43) 29
',' (44) 15
'-' (45) 30 33
'/' (47) 32
';' (59) 5 10 11 12 13
'<' (60) 18
'=' (61) 25
'>' (62) 19
'{' (123) 9
'}' (125) 9
error (256)
IDENTIFIER (258) 17
INT_CONSTANT (259) 26
FLOAT_CONSTANT (260) 27
WHILE (261) 6
IF (262) 7 8
THEN (263) 7 8
ELSE (264) 8
INT (265) 10 34
FLOAT (266) 11 35
PRINT (267) 12
SCAN (268) 13
COMPARE (269) 20
NO_COMPARE (270) 21
MORE_COM (271) 22
LESS_COM (272) 23
NEG (273)


Нетерминальные символы с правилами, в которых они появляются

$accept (32)
    налево: 0
programm (33)
    налево: 1 2, направо: 0 1
list_line (34)
    налево: 3 4, направо: 3 9
line (35)
    налево: 5 6 7 8 9 10 11 12 13, направо: 1 3 6 7 8
id_list (36)
    налево: 14, направо: 10 11 12 13
dop_id_list (37)
    налево: 15 16, направо: 14 15
id (38)
    налево: 17, направо: 14 15 24 25 34 35
logic_expr (39)
    налево: 18 19 20 21 22 23, направо: 6 7 8
expr (40)
    налево: 24 25 26 27 28 29 30 31 32 33 34 35, направо:
    5 18 19 20 21 22 23 25 28 29 30 31 32 33


состояние 0

    0 $accept: . programm $end

    $default  вывод с использованием правила 2 (programm)

    programm  переход в состояние 1


состояние 1

    0 $accept: programm . $end
    1 programm: programm . line

    $end            сдвиг, и переход в состояние 2
    IDENTIFIER      сдвиг, и переход в состояние 3
    INT_CONSTANT    сдвиг, и переход в состояние 4
    FLOAT_CONSTANT  сдвиг, и переход в состояние 5
    WHILE           сдвиг, и переход в состояние 6
    IF              сдвиг, и переход в состояние 7
    INT             сдвиг, и переход в состояние 8
    FLOAT           сдвиг, и переход в состояние 9
    PRINT           сдвиг, и переход в состояние 10
    SCAN            сдвиг, и переход в состояние 11
    '-'             сдвиг, и переход в состояние 12
    '('             сдвиг, и переход в состояние 13
    '{'             сдвиг, и переход в состояние 14

    line  переход в состояние 15
    id    переход в состояние 16
    expr  переход в состояние 17


состояние 2

    0 $accept: programm $end .

    $default  accept


состояние 3

   17 id: IDENTIFIER .

    $default  вывод с использованием правила 17 (id)


состояние 4

   26 expr: INT_CONSTANT .

    $default  вывод с использованием правила 26 (expr)


состояние 5

   27 expr: FLOAT_CONSTANT .

    $default  вывод с использованием правила 27 (expr)


состояние 6

    6 line: WHILE . '(' logic_expr ')' line

    '('  сдвиг, и переход в состояние 18


состояние 7

    7 line: IF . '(' logic_expr ')' THEN line
    8     | IF . '(' logic_expr ')' THEN line ELSE line

    '('  сдвиг, и переход в состояние 19


состояние 8

   10 line: INT . id_list ';'
   34 expr: INT . '(' id ')'

    IDENTIFIER  сдвиг, и переход в состояние 3
    '('         сдвиг, и переход в состояние 20

    id_list  переход в состояние 21
    id       переход в состояние 22


состояние 9

   11 line: FLOAT . id_list ';'
   35 expr: FLOAT . '(' id ')'

    IDENTIFIER  сдвиг, и переход в состояние 3
    '('         сдвиг, и переход в состояние 23

    id_list  переход в состояние 24
    id       переход в состояние 22


состояние 10

   12 line: PRINT . '(' id_list ')' ';'

    '('  сдвиг, и переход в состояние 25


состояние 11

   13 line: SCAN . '(' id_list ')' ';'

    '('  сдвиг, и переход в состояние 26


состояние 12

   33 expr: '-' . expr

    IDENTIFIER      сдвиг, и переход в состояние 3
    INT_CONSTANT    сдвиг, и переход в состояние 4
    FLOAT_CONSTANT  сдвиг, и переход в состояние 5
    INT             сдвиг, и переход в состояние 27
    FLOAT           сдвиг, и переход в состояние 28
    '-'             сдвиг, и переход в состояние 12
    '('             сдвиг, и переход в состояние 13

    id    переход в состояние 16
    expr  переход в состояние 29


состояние 13

   28 expr: '(' . expr ')'

    IDENTIFIER      сдвиг, и переход в состояние 3
    INT_CONSTANT    сдвиг, и переход в состояние 4
    FLOAT_CONSTANT  сдвиг, и переход в состояние 5
    INT             сдвиг, и переход в состояние 27
    FLOAT           сдвиг, и переход в состояние 28
    '-'             сдвиг, и переход в состояние 12
    '('             сдвиг, и переход в состояние 13

    id    переход в состояние 16
    expr  переход в состояние 30


состояние 14

    9 line: '{' . list_line '}'

    $default  вывод с использованием правила 4 (list_line)

    list_line  переход в состояние 31


состояние 15

    1 programm: programm line .

    $default  вывод с использованием правила 1 (programm)


состояние 16

   24 expr: id .
   25     | id . '=' expr

    '='  сдвиг, и переход в состояние 32

    $default  вывод с использованием правила 24 (expr)


состояние 17

    5 line: expr . ';'
   29 expr: expr . '+' expr
   30     | expr . '-' expr
   31     | expr . '*' expr
   32     | expr . '/' expr

    '+'  сдвиг, и переход в состояние 33
    '-'  сдвиг, и переход в состояние 34
    '*'  сдвиг, и переход в состояние 35
    '/'  сдвиг, и переход в состояние 36
    ';'  сдвиг, и переход в состояние 37


состояние 18

    6 line: WHILE '(' . logic_expr ')' line

    IDENTIFIER      сдвиг, и переход в состояние 3
    INT_CONSTANT    сдвиг, и переход в состояние 4
    FLOAT_CONSTANT  сдвиг, и переход в состояние 5
    INT             сдвиг, и переход в состояние 27
    FLOAT           сдвиг, и переход в состояние 28
    '-'             сдвиг, и переход в состояние 12
    '('             сдвиг, и переход в состояние 13

    id          переход в состояние 16
    logic_expr  переход в состояние 38
    expr        переход в состояние 39


состояние 19

    7 line: IF '(' . logic_expr ')' THEN line
    8     | IF '(' . logic_expr ')' THEN line ELSE line

    IDENTIFIER      сдвиг, и переход в состояние 3
    INT_CONSTANT    сдвиг, и переход в состояние 4
    FLOAT_CONSTANT  сдвиг, и переход в состояние 5
    INT             сдвиг, и переход в состояние 27
    FLOAT           сдвиг, и переход в состояние 28
    '-'             сдвиг, и переход в состояние 12
    '('             сдвиг, и переход в состояние 13

    id          переход в состояние 16
    logic_expr  переход в состояние 40
    expr        переход в состояние 39


состояние 20

   34 expr: INT '(' . id ')'

    IDENTIFIER  сдвиг, и переход в состояние 3

    id  переход в состояние 41


состояние 21

   10 line: INT id_list . ';'

    ';'  сдвиг, и переход в состояние 42


состояние 22

   14 id_list: id . dop_id_list

    ','  сдвиг, и переход в состояние 43

    $default  вывод с использованием правила 16 (dop_id_list)

    dop_id_list  переход в состояние 44


состояние 23

   35 expr: FLOAT '(' . id ')'

    IDENTIFIER  сдвиг, и переход в состояние 3

    id  переход в состояние 45


состояние 24

   11 line: FLOAT id_list . ';'

    ';'  сдвиг, и переход в состояние 46


состояние 25

   12 line: PRINT '(' . id_list ')' ';'

    IDENTIFIER  сдвиг, и переход в состояние 3

    id_list  переход в состояние 47
    id       переход в состояние 22


состояние 26

   13 line: SCAN '(' . id_list ')' ';'

    IDENTIFIER  сдвиг, и переход в состояние 3

    id_list  переход в состояние 48
    id       переход в состояние 22


состояние 27

   34 expr: INT . '(' id ')'

    '('  сдвиг, и переход в состояние 20


состояние 28

   35 expr: FLOAT . '(' id ')'

    '('  сдвиг, и переход в состояние 23


состояние 29

   29 expr: expr . '+' expr
   30     | expr . '-' expr
   31     | expr . '*' expr
   32     | expr . '/' expr
   33     | '-' expr .

    $default  вывод с использованием правила 33 (expr)


состояние 30

   28 expr: '(' expr . ')'
   29     | expr . '+' expr
   30     | expr . '-' expr
   31     | expr . '*' expr
   32     | expr . '/' expr

    '+'  сдвиг, и переход в состояние 33
    '-'  сдвиг, и переход в состояние 34
    '*'  сдвиг, и переход в состояние 35
    '/'  сдвиг, и переход в состояние 36
    ')'  сдвиг, и переход в состояние 49


состояние 31

    3 list_line: list_line . line
    9 line: '{' list_line . '}'

    IDENTIFIER      сдвиг, и переход в состояние 3
    INT_CONSTANT    сдвиг, и переход в состояние 4
    FLOAT_CONSTANT  сдвиг, и переход в состояние 5
    WHILE           сдвиг, и переход в состояние 6
    IF              сдвиг, и переход в состояние 7
    INT             сдвиг, и переход в состояние 8
    FLOAT           сдвиг, и переход в состояние 9
    PRINT           сдвиг, и переход в состояние 10
    SCAN            сдвиг, и переход в состояние 11
    '-'             сдвиг, и переход в состояние 12
    '('             сдвиг, и переход в состояние 13
    '{'             сдвиг, и переход в состояние 14
    '}'             сдвиг, и переход в состояние 50

    line  переход в состояние 51
    id    переход в состояние 16
    expr  переход в состояние 17


состояние 32

   25 expr: id '=' . expr

    IDENTIFIER      сдвиг, и переход в состояние 3
    INT_CONSTANT    сдвиг, и переход в состояние 4
    FLOAT_CONSTANT  сдвиг, и переход в состояние 5
    INT             сдвиг, и переход в состояние 27
    FLOAT           сдвиг, и переход в состояние 28
    '-'             сдвиг, и переход в состояние 12
    '('             сдвиг, и переход в состояние 13

    id    переход в состояние 16
    expr  переход в состояние 52


состояние 33

   29 expr: expr '+' . expr

    IDENTIFIER      сдвиг, и переход в состояние 3
    INT_CONSTANT    сдвиг, и переход в состояние 4
    FLOAT_CONSTANT  сдвиг, и переход в состояние 5
    INT             сдвиг, и переход в состояние 27
    FLOAT           сдвиг, и переход в состояние 28
    '-'             сдвиг, и переход в состояние 12
    '('             сдвиг, и переход в состояние 13

    id    переход в состояние 16
    expr  переход в состояние 53


состояние 34

   30 expr: expr '-' . expr

    IDENTIFIER      сдвиг, и переход в состояние 3
    INT_CONSTANT    сдвиг, и переход в состояние 4
    FLOAT_CONSTANT  сдвиг, и переход в состояние 5
    INT             сдвиг, и переход в состояние 27
    FLOAT           сдвиг, и переход в состояние 28
    '-'             сдвиг, и переход в состояние 12
    '('             сдвиг, и переход в состояние 13

    id    переход в состояние 16
    expr  переход в состояние 54


состояние 35

   31 expr: expr '*' . expr

    IDENTIFIER      сдвиг, и переход в состояние 3
    INT_CONSTANT    сдвиг, и переход в состояние 4
    FLOAT_CONSTANT  сдвиг, и переход в состояние 5
    INT             сдвиг, и переход в состояние 27
    FLOAT           сдвиг, и переход в состояние 28
    '-'             сдвиг, и переход в состояние 12
    '('             сдвиг, и переход в состояние 13

    id    переход в состояние 16
    expr  переход в состояние 55


состояние 36

   32 expr: expr '/' . expr

    IDENTIFIER      сдвиг, и переход в состояние 3
    INT_CONSTANT    сдвиг, и переход в состояние 4
    FLOAT_CONSTANT  сдвиг, и переход в состояние 5
    INT             сдвиг, и переход в состояние 27
    FLOAT           сдвиг, и переход в состояние 28
    '-'             сдвиг, и переход в состояние 12
    '('             сдвиг, и переход в состояние 13

    id    переход в состояние 16
    expr  переход в состояние 56


состояние 37

    5 line: expr ';' .

    $default  вывод с использованием правила 5 (line)


состояние 38

    6 line: WHILE '(' logic_expr . ')' line

    ')'  сдвиг, и переход в состояние 57


состояние 39

   18 logic_expr: expr . '<' expr
   19           | expr . '>' expr
   20           | expr . COMPARE expr
   21           | expr . NO_COMPARE expr
   22           | expr . MORE_COM expr
   23           | expr . LESS_COM expr
   29 expr: expr . '+' expr
   30     | expr . '-' expr
   31     | expr . '*' expr
   32     | expr . '/' expr

    COMPARE     сдвиг, и переход в состояние 58
    NO_COMPARE  сдвиг, и переход в состояние 59
    MORE_COM    сдвиг, и переход в состояние 60
    LESS_COM    сдвиг, и переход в состояние 61
    '<'         сдвиг, и переход в состояние 62
    '>'         сдвиг, и переход в состояние 63
    '+'         сдвиг, и переход в состояние 33
    '-'         сдвиг, и переход в состояние 34
    '*'         сдвиг, и переход в состояние 35
    '/'         сдвиг, и переход в состояние 36


состояние 40

    7 line: IF '(' logic_expr . ')' THEN line
    8     | IF '(' logic_expr . ')' THEN line ELSE line

    ')'  сдвиг, и переход в состояние 64


состояние 41

   34 expr: INT '(' id . ')'

    ')'  сдвиг, и переход в состояние 65


состояние 42

   10 line: INT id_list ';' .

    $default  вывод с использованием правила 10 (line)


состояние 43

   15 dop_id_list: ',' . id dop_id_list

    IDENTIFIER  сдвиг, и переход в состояние 3

    id  переход в состояние 66


состояние 44

   14 id_list: id dop_id_list .

    $default  вывод с использованием правила 14 (id_list)


состояние 45

   35 expr: FLOAT '(' id . ')'

    ')'  сдвиг, и переход в состояние 67


состояние 46

   11 line: FLOAT id_list ';' .

    $default  вывод с использованием правила 11 (line)


состояние 47

   12 line: PRINT '(' id_list . ')' ';'

    ')'  сдвиг, и переход в состояние 68


состояние 48

   13 line: SCAN '(' id_list . ')' ';'

    ')'  сдвиг, и переход в состояние 69


состояние 49

   28 expr: '(' expr ')' .

    $default  вывод с использованием правила 28 (expr)


состояние 50

    9 line: '{' list_line '}' .

    $default  вывод с использованием правила 9 (line)


состояние 51

    3 list_line: list_line line .

    $default  вывод с использованием правила 3 (list_line)


состояние 52

   25 expr: id '=' expr .
   29     | expr . '+' expr
   30     | expr . '-' expr
   31     | expr . '*' expr
   32     | expr . '/' expr

    '+'  сдвиг, и переход в состояние 33
    '-'  сдвиг, и переход в состояние 34
    '*'  сдвиг, и переход в состояние 35
    '/'  сдвиг, и переход в состояние 36

    $default  вывод с использованием правила 25 (expr)


состояние 53

   29 expr: expr . '+' expr
   29     | expr '+' expr .
   30     | expr . '-' expr
   31     | expr . '*' expr
   32     | expr . '/' expr

    '*'  сдвиг, и переход в состояние 35
    '/'  сдвиг, и переход в состояние 36

    $default  вывод с использованием правила 29 (expr)


состояние 54

   29 expr: expr . '+' expr
   30     | expr . '-' expr
   30     | expr '-' expr .
   31     | expr . '*' expr
   32     | expr . '/' expr

    '*'  сдвиг, и переход в состояние 35
    '/'  сдвиг, и переход в состояние 36

    $default  вывод с использованием правила 30 (expr)


состояние 55

   29 expr: expr . '+' expr
   30     | expr . '-' expr
   31     | expr . '*' expr
   31     | expr '*' expr .
   32     | expr . '/' expr

    $default  вывод с использованием правила 31 (expr)


состояние 56

   29 expr: expr . '+' expr
   30     | expr . '-' expr
   31     | expr . '*' expr
   32     | expr . '/' expr
   32     | expr '/' expr .

    $default  вывод с использованием правила 32 (expr)


состояние 57

    6 line: WHILE '(' logic_expr ')' . line

    IDENTIFIER      сдвиг, и переход в состояние 3
    INT_CONSTANT    сдвиг, и переход в состояние 4
    FLOAT_CONSTANT  сдвиг, и переход в состояние 5
    WHILE           сдвиг, и переход в состояние 6
    IF              сдвиг, и переход в состояние 7
    INT             сдвиг, и переход в состояние 8
    FLOAT           сдвиг, и переход в состояние 9
    PRINT           сдвиг, и переход в состояние 10
    SCAN            сдвиг, и переход в состояние 11
    '-'             сдвиг, и переход в состояние 12
    '('             сдвиг, и переход в состояние 13
    '{'             сдвиг, и переход в состояние 14

    line  переход в состояние 70
    id    переход в состояние 16
    expr  переход в состояние 17


состояние 58

   20 logic_expr: expr COMPARE . expr

    IDENTIFIER      сдвиг, и переход в состояние 3
    INT_CONSTANT    сдвиг, и переход в состояние 4
    FLOAT_CONSTANT  сдвиг, и переход в состояние 5
    INT             сдвиг, и переход в состояние 27
    FLOAT           сдвиг, и переход в состояние 28
    '-'             сдвиг, и переход в состояние 12
    '('             сдвиг, и переход в состояние 13

    id    переход в состояние 16
    expr  переход в состояние 71


состояние 59

   21 logic_expr: expr NO_COMPARE . expr

    IDENTIFIER      сдвиг, и переход в состояние 3
    INT_CONSTANT    сдвиг, и переход в состояние 4
    FLOAT_CONSTANT  сдвиг, и переход в состояние 5
    INT             сдвиг, и переход в состояние 27
    FLOAT           сдвиг, и переход в состояние 28
    '-'             сдвиг, и переход в состояние 12
    '('             сдвиг, и переход в состояние 13

    id    переход в состояние 16
    expr  переход в состояние 72


состояние 60

   22 logic_expr: expr MORE_COM . expr

    IDENTIFIER      сдвиг, и переход в состояние 3
    INT_CONSTANT    сдвиг, и переход в состояние 4
    FLOAT_CONSTANT  сдвиг, и переход в состояние 5
    INT             сдвиг, и переход в состояние 27
    FLOAT           сдвиг, и переход в состояние 28
    '-'             сдвиг, и переход в состояние 12
    '('             сдвиг, и переход в состояние 13

    id    переход в состояние 16
    expr  переход в состояние 73


состояние 61

   23 logic_expr: expr LESS_COM . expr

    IDENTIFIER      сдвиг, и переход в состояние 3
    INT_CONSTANT    сдвиг, и переход в состояние 4
    FLOAT_CONSTANT  сдвиг, и переход в состояние 5
    INT             сдвиг, и переход в состояние 27
    FLOAT           сдвиг, и переход в состояние 28
    '-'             сдвиг, и переход в состояние 12
    '('             сдвиг, и переход в состояние 13

    id    переход в состояние 16
    expr  переход в состояние 74


состояние 62

   18 logic_expr: expr '<' . expr

    IDENTIFIER      сдвиг, и переход в состояние 3
    INT_CONSTANT    сдвиг, и переход в состояние 4
    FLOAT_CONSTANT  сдвиг, и переход в состояние 5
    INT             сдвиг, и переход в состояние 27
    FLOAT           сдвиг, и переход в состояние 28
    '-'             сдвиг, и переход в состояние 12
    '('             сдвиг, и переход в состояние 13

    id    переход в состояние 16
    expr  переход в состояние 75


состояние 63

   19 logic_expr: expr '>' . expr

    IDENTIFIER      сдвиг, и переход в состояние 3
    INT_CONSTANT    сдвиг, и переход в состояние 4
    FLOAT_CONSTANT  сдвиг, и переход в состояние 5
    INT             сдвиг, и переход в состояние 27
    FLOAT           сдвиг, и переход в состояние 28
    '-'             сдвиг, и переход в состояние 12
    '('             сдвиг, и переход в состояние 13

    id    переход в состояние 16
    expr  переход в состояние 76


состояние 64

    7 line: IF '(' logic_expr ')' . THEN line
    8     | IF '(' logic_expr ')' . THEN line ELSE line

    THEN  сдвиг, и переход в состояние 77


состояние 65

   34 expr: INT '(' id ')' .

    $default  вывод с использованием правила 34 (expr)


состояние 66

   15 dop_id_list: ',' id . dop_id_list

    ','  сдвиг, и переход в состояние 43

    $default  вывод с использованием правила 16 (dop_id_list)

    dop_id_list  переход в состояние 78


состояние 67

   35 expr: FLOAT '(' id ')' .

    $default  вывод с использованием правила 35 (expr)


состояние 68

   12 line: PRINT '(' id_list ')' . ';'

    ';'  сдвиг, и переход в состояние 79


состояние 69

   13 line: SCAN '(' id_list ')' . ';'

    ';'  сдвиг, и переход в состояние 80


состояние 70

    6 line: WHILE '(' logic_expr ')' line .

    $default  вывод с использованием правила 6 (line)


состояние 71

   20 logic_expr: expr COMPARE expr .
   29 expr: expr . '+' expr
   30     | expr . '-' expr
   31     | expr . '*' expr
   32     | expr . '/' expr

    '+'  сдвиг, и переход в состояние 33
    '-'  сдвиг, и переход в состояние 34
    '*'  сдвиг, и переход в состояние 35
    '/'  сдвиг, и переход в состояние 36

    $default  вывод с использованием правила 20 (logic_expr)


состояние 72

   21 logic_expr: expr NO_COMPARE expr .
   29 expr: expr . '+' expr
   30     | expr . '-' expr
   31     | expr . '*' expr
   32     | expr . '/' expr

    '+'  сдвиг, и переход в состояние 33
    '-'  сдвиг, и переход в состояние 34
    '*'  сдвиг, и переход в состояние 35
    '/'  сдвиг, и переход в состояние 36

    $default  вывод с использованием правила 21 (logic_expr)


состояние 73

   22 logic_expr: expr MORE_COM expr .
   29 expr: expr . '+' expr
   30     | expr . '-' expr
   31     | expr . '*' expr
   32     | expr . '/' expr

    '+'  сдвиг, и переход в состояние 33
    '-'  сдвиг, и переход в состояние 34
    '*'  сдвиг, и переход в состояние 35
    '/'  сдвиг, и переход в состояние 36

    $default  вывод с использованием правила 22 (logic_expr)


состояние 74

   23 logic_expr: expr LESS_COM expr .
   29 expr: expr . '+' expr
   30     | expr . '-' expr
   31     | expr . '*' expr
   32     | expr . '/' expr

    '+'  сдвиг, и переход в состояние 33
    '-'  сдвиг, и переход в состояние 34
    '*'  сдвиг, и переход в состояние 35
    '/'  сдвиг, и переход в состояние 36

    $default  вывод с использованием правила 23 (logic_expr)


состояние 75

   18 logic_expr: expr '<' expr .
   29 expr: expr . '+' expr
   30     | expr . '-' expr
   31     | expr . '*' expr
   32     | expr . '/' expr

    '+'  сдвиг, и переход в состояние 33
    '-'  сдвиг, и переход в состояние 34
    '*'  сдвиг, и переход в состояние 35
    '/'  сдвиг, и переход в состояние 36

    $default  вывод с использованием правила 18 (logic_expr)


состояние 76

   19 logic_expr: expr '>' expr .
   29 expr: expr . '+' expr
   30     | expr . '-' expr
   31     | expr . '*' expr
   32     | expr . '/' expr

    '+'  сдвиг, и переход в состояние 33
    '-'  сдвиг, и переход в состояние 34
    '*'  сдвиг, и переход в состояние 35
    '/'  сдвиг, и переход в состояние 36

    $default  вывод с использованием правила 19 (logic_expr)


состояние 77

    7 line: IF '(' logic_expr ')' THEN . line
    8     | IF '(' logic_expr ')' THEN . line ELSE line

    IDENTIFIER      сдвиг, и переход в состояние 3
    INT_CONSTANT    сдвиг, и переход в состояние 4
    FLOAT_CONSTANT  сдвиг, и переход в состояние 5
    WHILE           сдвиг, и переход в состояние 6
    IF              сдвиг, и переход в состояние 7
    INT             сдвиг, и переход в состояние 8
    FLOAT           сдвиг, и переход в состояние 9
    PRINT           сдвиг, и переход в состояние 10
    SCAN            сдвиг, и переход в состояние 11
    '-'             сдвиг, и переход в состояние 12
    '('             сдвиг, и переход в состояние 13
    '{'             сдвиг, и переход в состояние 14

    line  переход в состояние 81
    id    переход в состояние 16
    expr  переход в состояние 17


состояние 78

   15 dop_id_list: ',' id dop_id_list .

    $default  вывод с использованием правила 15 (dop_id_list)


состояние 79

   12 line: PRINT '(' id_list ')' ';' .

    $default  вывод с использованием правила 12 (line)


состояние 80

   13 line: SCAN '(' id_list ')' ';' .

    $default  вывод с использованием правила 13 (line)


состояние 81

    7 line: IF '(' logic_expr ')' THEN line .
    8     | IF '(' logic_expr ')' THEN line . ELSE line

    ELSE  сдвиг, и переход в состояние 82

    ELSE      [вывод с использованием правила 7 (line)]
    $default  вывод с использованием правила 7 (line)


состояние 82

    8 line: IF '(' logic_expr ')' THEN line ELSE . line

    IDENTIFIER      сдвиг, и переход в состояние 3
    INT_CONSTANT    сдвиг, и переход в состояние 4
    FLOAT_CONSTANT  сдвиг, и переход в состояние 5
    WHILE           сдвиг, и переход в состояние 6
    IF              сдвиг, и переход в состояние 7
    INT             сдвиг, и переход в состояние 8
    FLOAT           сдвиг, и переход в состояние 9
    PRINT           сдвиг, и переход в состояние 10
    SCAN            сдвиг, и переход в состояние 11
    '-'             сдвиг, и переход в состояние 12
    '('             сдвиг, и переход в состояние 13
    '{'             сдвиг, и переход в состояние 14

    line  переход в состояние 83
    id    переход в состояние 16
    expr  переход в состояние 17


состояние 83

    8 line: IF '(' logic_expr ')' THEN line ELSE line .

    $default  вывод с использованием правила 8 (line)
