2015-04-13 15:46:43:289675 DEBUG <0.2403.0> [isup_ss7:693] 
>>> SIP -> CNode: 
{mediaData,{32770,-1,[{119,1}]}}

2015-04-13 15:46:59:323627 DEBUG <0.2403.0> [isup_ss7:833] 
<<< SIP <- CNode: 
{callDataEx,{1,1040,[{6,1,<<16>>},{7,2,<<8,0>>},{9,1,<<"ã">>},{2,1,<<0>>},{4,4,<<130,144,1,0>>},{10,6,<<3,19,131,19,50,84>>}],-1062731752,{32771,0,0,9},5060,<<>>,<<>>},
            [{1,-1062731756},
             {16,1},
             {20,<<"audio 30072 RTP/AVP 8 0 18 101">>,
              [<<"rtpmap:8 PCMA/8000">>,<<"rtpmap:0 PCMU/8000">>,<<"rtpmap:18 G729/8000">>,<<"rtpmap:101 telephone-event/8000">>,<<"fmtp:101 0-15">>,<<"ptime:30">>,<<"sendrecv">>]}]}

2015-04-13 15:46:59:355613 DEBUG <0.2376.0> [isup_translator:863] {user,3}: cr 1040, outgoing INVITE to branch "z9hG4bK-oS1s-355550-1040"
2015-04-13 15:46:59:519053 DEBUG <0.2403.0> [isup_ss7:693] 
>>> SIP -> CNode: 
{callData,{6,1040,[{17,2,<<22,1>>}],<<>>,<<"1428-918419-353802">>}}

2015-04-13 15:47:00:807431 DEBUG <0.2403.0> [isup_ss7:693] 
>>> SIP -> CNode: 
{mediaData,{32772,1040,[]}}

2015-04-13 15:47:00:807943 DEBUG <0.2403.0> [isup_ss7:693] 
>>> SIP -> CNode: 
{callDataEx,{9,1040,[],<<>>,<<"1428-918419-353802">>},[{1,3232235544},{16,0},{20,<<"audio 35002 RTP/AVP 0">>,[<<"rtpmap:0 PCMU/8000">>,<<"ptime:30">>]}]}

2015-04-13 15:47:09:032384 DEBUG <0.2403.0> [isup_ss7:693] 
>>> SIP -> CNode: 
{callData,{12,1040,[{18,2,<<128,144>>}],200}}

2015-04-13 15:47:09:073180 DEBUG <0.2403.0> [isup_ss7:833] 
<<< SIP <- CNode: 
{callDataEx,{16,1040,[]},[]}

2015-04-13 15:47:11:024065 DEBUG <0.2403.0> [isup_ss7:843] 
<<< SIP <- CNode: 
{mediaData,{32770,65535,[{119,0}]}}

