This file contains any messages produced by compilers while
running configure, to aid debugging if configure makes a mistake.

It was created by zeromq configure 3.2.4, which was
generated by GNU Autoconf 2.68.  Invocation command line was

  $ ./configure --host=arm-mv5sft-linux-gnueabi --prefix=/home/wei/test/tunel/work/trike_zmq_connector/lib/zeromq-3.2.4/ --libdir=/home/wei/test/tunel/work/trike_zmq_connector/lib --includedir=/home/wei/test/tunel/work/trike_zmq_connector/include

## --------- ##
## Platform. ##
## --------- ##

hostname = leschev
uname -m = x86_64
uname -r = 3.8.0-29-generic
uname -s = Linux
uname -v = #42~precise1-Ubuntu SMP Wed Aug 14 16:19:23 UTC 2013

/usr/bin/uname -p = unknown
/bin/uname -X     = unknown

/bin/arch              = unknown
/usr/bin/arch -k       = unknown
/usr/convex/getsysinfo = unknown
/usr/bin/hostinfo      = unknown
/bin/machine           = unknown
/usr/bin/oslevel       = unknown
/bin/universe          = unknown

PATH: /usr/lib/lightdm/lightdm
PATH: /usr/local/sbin
PATH: /usr/local/bin
PATH: /usr/sbin
PATH: /usr/bin
PATH: /sbin
PATH: /bin
PATH: /usr/games
PATH: /home/wei/work/smg/marvell/bin
PATH: /home/wei/work/smg/armv7-marvell-linux-gnueabi-softfp_i686/bin
PATH: /home/wei/work/smg/marvell/bin
PATH: /home/wei/work/smg/armv7-marvell-linux-gnueabi-softfp_i686/bin


## ----------- ##
## Core tests. ##
## ----------- ##

configure:2740: checking for a BSD-compatible install
configure:2808: result: /usr/bin/install -c
configure:2819: checking whether build environment is sane
configure:2869: result: yes
configure:2918: checking for arm-mv5sft-linux-gnueabi-strip
configure:2934: found /home/wei/work/smg/marvell/bin/arm-mv5sft-linux-gnueabi-strip
configure:2945: result: arm-mv5sft-linux-gnueabi-strip
configure:3010: checking for a thread-safe mkdir -p
configure:3049: result: /bin/mkdir -p
configure:3062: checking for gawk
configure:3078: found /usr/bin/gawk
configure:3089: result: gawk
configure:3100: checking whether make sets $(MAKE)
configure:3122: result: yes
configure:3197: checking how to create a ustar tar archive
configure:3210: tar --version
tar (GNU tar) 1.26
Copyright (C) 2011 Free Software Foundation, Inc.
License GPLv3+: GNU GPL version 3 or later <http://gnu.org/licenses/gpl.html>.
This is free software: you are free to change and redistribute it.
There is NO WARRANTY, to the extent permitted by law.

Written by John Gilmore and Jay Fenlason.
configure:3213: $? = 0
configure:3253: tardir=conftest.dir && eval tar --format=ustar -chf - "$tardir" >conftest.tar
configure:3256: $? = 0
configure:3260: tar -xf - <conftest.tar
configure:3263: $? = 0
configure:3276: result: gnutar
configure:3294: checking whether make supports nested variables
configure:3311: result: yes
configure:3357: checking for arm-mv5sft-linux-gnueabi-gcc
configure:3384: result: arm-mv5sft-linux-gnueabi-gcc
configure:3653: checking for C compiler version
configure:3662: arm-mv5sft-linux-gnueabi-gcc --version >&5
arm-mv5sft-linux-gnueabi-gcc (sdk3.2rc1-ct-ng-1.4.1) 4.3.2
Copyright (C) 2008 Free Software Foundation, Inc.
This is free software; see the source for copying conditions.  There is NO
warranty; not even for MERCHANTABILITY or FITNESS FOR A PARTICULAR PURPOSE.

configure:3673: $? = 0
configure:3662: arm-mv5sft-linux-gnueabi-gcc -v >&5
Using built-in specs.
Target: arm-mv5sft-linux-gnueabi
Configured with: /home/seugene/sdk/targets/src/gcc-4.3.2/configure --build=i486-build_pc-linux-gnu --host=i486-build_pc-linux-gnu --target=arm-mv5sft-linux-gnueabi --prefix=/home/seugene/sdk/targets/arm-mv5sft-linux-gnueabi/cross --with-sysroot=/home/seugene/sdk/targets/arm-mv5sft-linux-gnueabi/cross/arm-mv5sft-linux-gnueabi//sys-root --enable-languages=c,c++,fortran,java --disable-multilib --with-arch=armv5te --with-float=soft --with-gmp=/home/seugene/sdk/targets/arm-mv5sft-linux-gnueabi/cross --with-mpfr=/home/seugene/sdk/targets/arm-mv5sft-linux-gnueabi/cross --with-pkgversion=sdk3.2rc1-ct-ng-1.4.1 --disable-sjlj-exceptions --enable-__cxa_atexit --with-local-prefix=/home/seugene/sdk/targets/arm-mv5sft-linux-gnueabi/cross/arm-mv5sft-linux-gnueabi//sys-root --disable-nls --enable-threads=posix --enable-symvers=gnu --enable-c99 --enable-long-long --enable-target-optspace
Thread model: posix
gcc version 4.3.2 (sdk3.2rc1-ct-ng-1.4.1) 
configure:3673: $? = 0
configure:3662: arm-mv5sft-linux-gnueabi-gcc -V >&5
arm-mv5sft-linux-gnueabi-gcc: '-V' option must have argument
configure:3673: $? = 1
configure:3662: arm-mv5sft-linux-gnueabi-gcc -qversion >&5
arm-mv5sft-linux-gnueabi-gcc: unrecognized option '-qversion'
arm-mv5sft-linux-gnueabi-gcc: no input files
configure:3673: $? = 1
configure:3693: checking whether the C compiler works
configure:3715: arm-mv5sft-linux-gnueabi-gcc    conftest.c  >&5
configure:3719: $? = 0
configure:3767: result: yes
configure:3770: checking for C compiler default output file name
configure:3772: result: a.out
configure:3778: checking for suffix of executables
configure:3785: arm-mv5sft-linux-gnueabi-gcc -o conftest    conftest.c  >&5
configure:3789: $? = 0
configure:3811: result: 
configure:3833: checking whether we are cross compiling
configure:3841: arm-mv5sft-linux-gnueabi-gcc -o conftest    conftest.c  >&5
configure:3845: $? = 0
configure:3852: ./conftest
./configure: line 3854: ./conftest: cannot execute binary file
configure:3856: $? = 126
configure:3871: result: yes
configure:3876: checking for suffix of object files
configure:3898: arm-mv5sft-linux-gnueabi-gcc -c   conftest.c >&5
configure:3902: $? = 0
configure:3923: result: o
configure:3927: checking whether we are using the GNU C compiler
configure:3946: arm-mv5sft-linux-gnueabi-gcc -c   conftest.c >&5
configure:3946: $? = 0
configure:3955: result: yes
configure:3964: checking whether arm-mv5sft-linux-gnueabi-gcc accepts -g
configure:3984: arm-mv5sft-linux-gnueabi-gcc -c -g  conftest.c >&5
configure:3984: $? = 0
configure:4025: result: yes
configure:4042: checking for arm-mv5sft-linux-gnueabi-gcc option to accept ISO C89
configure:4106: arm-mv5sft-linux-gnueabi-gcc  -c -g -O2  conftest.c >&5
configure:4106: $? = 0
configure:4119: result: none needed
configure:4150: checking for style of include used by make
configure:4178: result: GNU
configure:4204: checking dependency style of arm-mv5sft-linux-gnueabi-gcc
configure:4315: result: gcc3
configure:4330: checking for arm-mv5sft-linux-gnueabi-gcc option to accept ISO C99
configure:4479: arm-mv5sft-linux-gnueabi-gcc  -c -g -O2  conftest.c >&5
conftest.c:61: error: expected ';', ',' or ')' before 'text'
conftest.c: In function 'main':
conftest.c:115: error: expected '=', ',', ';', 'asm' or '__attribute__' before 'newvar'
conftest.c:115: error: 'newvar' undeclared (first use in this function)
conftest.c:115: error: (Each undeclared identifier is reported only once
conftest.c:115: error: for each function it appears in.)
conftest.c:125: error: 'for' loop initial declaration used outside C99 mode
configure:4479: $? = 1
configure: failed program was:
| /* confdefs.h */
| #define PACKAGE_NAME "zeromq"
| #define PACKAGE_TARNAME "zeromq"
| #define PACKAGE_VERSION "3.2.4"
| #define PACKAGE_STRING "zeromq 3.2.4"
| #define PACKAGE_BUGREPORT "zeromq-dev@lists.zeromq.org"
| #define PACKAGE_URL ""
| #define PACKAGE "zeromq"
| #define VERSION "3.2.4"
| /* end confdefs.h.  */
| #include <stdarg.h>
| #include <stdbool.h>
| #include <stdlib.h>
| #include <wchar.h>
| #include <stdio.h>
| 
| // Check varargs macros.  These examples are taken from C99 6.10.3.5.
| #define debug(...) fprintf (stderr, __VA_ARGS__)
| #define showlist(...) puts (#__VA_ARGS__)
| #define report(test,...) ((test) ? puts (#test) : printf (__VA_ARGS__))
| static void
| test_varargs_macros (void)
| {
|   int x = 1234;
|   int y = 5678;
|   debug ("Flag");
|   debug ("X = %d\n", x);
|   showlist (The first, second, and third items.);
|   report (x>y, "x is %d but y is %d", x, y);
| }
| 
| // Check long long types.
| #define BIG64 18446744073709551615ull
| #define BIG32 4294967295ul
| #define BIG_OK (BIG64 / BIG32 == 4294967297ull && BIG64 % BIG32 == 0)
| #if !BIG_OK
|   your preprocessor is broken;
| #endif
| #if BIG_OK
| #else
|   your preprocessor is broken;
| #endif
| static long long int bignum = -9223372036854775807LL;
| static unsigned long long int ubignum = BIG64;
| 
| struct incomplete_array
| {
|   int datasize;
|   double data[];
| };
| 
| struct named_init {
|   int number;
|   const wchar_t *name;
|   double average;
| };
| 
| typedef const char *ccp;
| 
| static inline int
| test_restrict (ccp restrict text)
| {
|   // See if C++-style comments work.
|   // Iterate through items via the restricted pointer.
|   // Also check for declarations in for loops.
|   for (unsigned int i = 0; *(text+i) != '\0'; ++i)
|     continue;
|   return 0;
| }
| 
| // Check varargs and va_copy.
| static void
| test_varargs (const char *format, ...)
| {
|   va_list args;
|   va_start (args, format);
|   va_list args_copy;
|   va_copy (args_copy, args);
| 
|   const char *str;
|   int number;
|   float fnumber;
| 
|   while (*format)
|     {
|       switch (*format++)
| 	{
| 	case 's': // string
| 	  str = va_arg (args_copy, const char *);
| 	  break;
| 	case 'd': // int
| 	  number = va_arg (args_copy, int);
| 	  break;
| 	case 'f': // float
| 	  fnumber = va_arg (args_copy, double);
| 	  break;
| 	default:
| 	  break;
| 	}
|     }
|   va_end (args_copy);
|   va_end (args);
| }
| 
| int
| main ()
| {
| 
|   // Check bool.
|   _Bool success = false;
| 
|   // Check restrict.
|   if (test_restrict ("String literal") == 0)
|     success = true;
|   char *restrict newvar = "Another string";
| 
|   // Check varargs.
|   test_varargs ("s, d' f .", "string", 65, 34.234);
|   test_varargs_macros ();
| 
|   // Check flexible array members.
|   struct incomplete_array *ia =
|     malloc (sizeof (struct incomplete_array) + (sizeof (double) * 10));
|   ia->datasize = 10;
|   for (int i = 0; i < ia->datasize; ++i)
|     ia->data[i] = i * 1.234;
| 
|   // Check named initializers.
|   struct named_init ni = {
|     .number = 34,
|     .name = L"Test wide string",
|     .average = 543.34343,
|   };
| 
|   ni.number = 58;
| 
|   int dynamic_array[ni.number];
|   dynamic_array[ni.number - 1] = 543;
| 
|   // work around unused variable warnings
|   return (!success || bignum == 0LL || ubignum == 0uLL || newvar[0] == 'x'
| 	  || dynamic_array[ni.number - 1] != 543);
| 
|   ;
|   return 0;
| }
configure:4479: arm-mv5sft-linux-gnueabi-gcc -std=gnu99 -c -g -O2  conftest.c >&5
configure:4479: $? = 0
configure:4499: result: -std=gnu99
configure:4521: checking for arm-mv5sft-linux-gnueabi-g++
configure:4537: found /home/wei/work/smg/marvell/bin/arm-mv5sft-linux-gnueabi-g++
configure:4548: result: arm-mv5sft-linux-gnueabi-g++
configure:4619: checking for C++ compiler version
configure:4628: arm-mv5sft-linux-gnueabi-g++ --version >&5
arm-mv5sft-linux-gnueabi-g++ (sdk3.2rc1-ct-ng-1.4.1) 4.3.2
Copyright (C) 2008 Free Software Foundation, Inc.
This is free software; see the source for copying conditions.  There is NO
warranty; not even for MERCHANTABILITY or FITNESS FOR A PARTICULAR PURPOSE.

configure:4639: $? = 0
configure:4628: arm-mv5sft-linux-gnueabi-g++ -v >&5
Using built-in specs.
Target: arm-mv5sft-linux-gnueabi
Configured with: /home/seugene/sdk/targets/src/gcc-4.3.2/configure --build=i486-build_pc-linux-gnu --host=i486-build_pc-linux-gnu --target=arm-mv5sft-linux-gnueabi --prefix=/home/seugene/sdk/targets/arm-mv5sft-linux-gnueabi/cross --with-sysroot=/home/seugene/sdk/targets/arm-mv5sft-linux-gnueabi/cross/arm-mv5sft-linux-gnueabi//sys-root --enable-languages=c,c++,fortran,java --disable-multilib --with-arch=armv5te --with-float=soft --with-gmp=/home/seugene/sdk/targets/arm-mv5sft-linux-gnueabi/cross --with-mpfr=/home/seugene/sdk/targets/arm-mv5sft-linux-gnueabi/cross --with-pkgversion=sdk3.2rc1-ct-ng-1.4.1 --disable-sjlj-exceptions --enable-__cxa_atexit --with-local-prefix=/home/seugene/sdk/targets/arm-mv5sft-linux-gnueabi/cross/arm-mv5sft-linux-gnueabi//sys-root --disable-nls --enable-threads=posix --enable-symvers=gnu --enable-c99 --enable-long-long --enable-target-optspace
Thread model: posix
gcc version 4.3.2 (sdk3.2rc1-ct-ng-1.4.1) 
configure:4639: $? = 0
configure:4628: arm-mv5sft-linux-gnueabi-g++ -V >&5
arm-mv5sft-linux-gnueabi-g++: '-V' option must have argument
configure:4639: $? = 1
configure:4628: arm-mv5sft-linux-gnueabi-g++ -qversion >&5
arm-mv5sft-linux-gnueabi-g++: unrecognized option '-qversion'
arm-mv5sft-linux-gnueabi-g++: no input files
configure:4639: $? = 1
configure:4643: checking whether we are using the GNU C++ compiler
configure:4662: arm-mv5sft-linux-gnueabi-g++ -c   conftest.cpp >&5
configure:4662: $? = 0
configure:4671: result: yes
configure:4680: checking whether arm-mv5sft-linux-gnueabi-g++ accepts -g
configure:4700: arm-mv5sft-linux-gnueabi-g++ -c -g  conftest.cpp >&5
configure:4700: $? = 0
configure:4741: result: yes
configure:4766: checking dependency style of arm-mv5sft-linux-gnueabi-g++
configure:4877: result: gcc3
configure:4893: checking whether arm-mv5sft-linux-gnueabi-gcc -std=gnu99 and cc understand -c and -o together
configure:4924: arm-mv5sft-linux-gnueabi-gcc -std=gnu99 -c conftest.c -o conftest2.o >&5
configure:4928: $? = 0
configure:4934: arm-mv5sft-linux-gnueabi-gcc -std=gnu99 -c conftest.c -o conftest2.o >&5
configure:4938: $? = 0
configure:4949: cc -c conftest.c >&5
configure:4953: $? = 0
configure:4961: cc -c conftest.c -o conftest2.o >&5
configure:4965: $? = 0
configure:4971: cc -c conftest.c -o conftest2.o >&5
configure:4975: $? = 0
configure:4993: result: yes
configure:5018: checking for a sed that does not truncate output
configure:5082: result: /bin/sed
configure:5091: checking for gawk
configure:5118: result: gawk
configure:5134: checking for xmlto
configure:5167: result: no
configure:5175: checking for asciidoc
configure:5208: result: no
configure:5217: checking build system type
configure:5231: result: x86_64-unknown-linux-gnu
configure:5251: checking host system type
configure:5264: result: arm-mv5sft-linux-gnueabi
configure:5705: checking how to print strings
configure:5732: result: printf
configure:5753: checking for a sed that does not truncate output
configure:5817: result: /bin/sed
configure:5835: checking for grep that handles long lines and -e
configure:5893: result: /bin/grep
configure:5898: checking for egrep
configure:5960: result: /bin/grep -E
configure:5965: checking for fgrep
configure:6027: result: /bin/grep -F
configure:6062: checking for ld used by arm-mv5sft-linux-gnueabi-gcc -std=gnu99
configure:6129: result: /home/wei/work/smg/marvell/arm-mv5sft-linux-gnueabi/bin/ld
configure:6136: checking if the linker (/home/wei/work/smg/marvell/arm-mv5sft-linux-gnueabi/bin/ld) is GNU ld
configure:6151: result: yes
configure:6163: checking for BSD- or MS-compatible name lister (nm)
configure:6212: result: /home/wei/work/smg/marvell/bin/arm-mv5sft-linux-gnueabi-nm -B
configure:6342: checking the name lister (/home/wei/work/smg/marvell/bin/arm-mv5sft-linux-gnueabi-nm -B) interface
configure:6349: arm-mv5sft-linux-gnueabi-gcc -std=gnu99 -c -g -O2  conftest.c >&5
configure:6352: /home/wei/work/smg/marvell/bin/arm-mv5sft-linux-gnueabi-nm -B "conftest.o"
configure:6355: output
00000000 B some_variable
configure:6362: result: BSD nm
configure:6365: checking whether ln -s works
configure:6369: result: yes
configure:6377: checking the maximum length of command line arguments
configure:6508: result: 3458764513820540925
configure:6525: checking whether the shell understands some XSI constructs
configure:6535: result: yes
configure:6539: checking whether the shell understands "+="
configure:6545: result: yes
configure:6580: checking how to convert x86_64-unknown-linux-gnu file names to arm-mv5sft-linux-gnueabi format
configure:6620: result: func_convert_file_noop
configure:6627: checking how to convert x86_64-unknown-linux-gnu file names to toolchain format
configure:6647: result: func_convert_file_noop
configure:6654: checking for /home/wei/work/smg/marvell/arm-mv5sft-linux-gnueabi/bin/ld option to reload object files
configure:6661: result: -r
configure:6695: checking for arm-mv5sft-linux-gnueabi-objdump
configure:6722: result: objdump
configure:6791: checking how to recognize dependent libraries
configure:6989: result: pass_all
configure:7034: checking for arm-mv5sft-linux-gnueabi-dlltool
configure:7061: result: dlltool
configure:7131: checking how to associate runtime and link libraries
configure:7158: result: printf %s\n
configure:7175: checking for arm-mv5sft-linux-gnueabi-ar
configure:7191: found /home/wei/work/smg/marvell/bin/arm-mv5sft-linux-gnueabi-ar
configure:7202: result: arm-mv5sft-linux-gnueabi-ar
configure:7283: checking for archiver @FILE support
configure:7300: arm-mv5sft-linux-gnueabi-gcc -std=gnu99 -c -g -O2  conftest.c >&5
configure:7300: $? = 0
configure:7303: arm-mv5sft-linux-gnueabi-ar cru libconftest.a @conftest.lst >&5
configure:7306: $? = 0
configure:7311: arm-mv5sft-linux-gnueabi-ar cru libconftest.a @conftest.lst >&5
arm-mv5sft-linux-gnueabi-ar: conftest.o: No such file or directory
configure:7314: $? = 1
configure:7326: result: @
configure:7344: checking for arm-mv5sft-linux-gnueabi-strip
configure:7371: result: arm-mv5sft-linux-gnueabi-strip
configure:7443: checking for arm-mv5sft-linux-gnueabi-ranlib
configure:7459: found /home/wei/work/smg/marvell/bin/arm-mv5sft-linux-gnueabi-ranlib
configure:7470: result: arm-mv5sft-linux-gnueabi-ranlib
configure:7612: checking command to parse /home/wei/work/smg/marvell/bin/arm-mv5sft-linux-gnueabi-nm -B output from arm-mv5sft-linux-gnueabi-gcc -std=gnu99 object
configure:7732: arm-mv5sft-linux-gnueabi-gcc -std=gnu99 -c -g -O2  conftest.c >&5
configure:7735: $? = 0
configure:7739: /home/wei/work/smg/marvell/bin/arm-mv5sft-linux-gnueabi-nm -B conftest.o \| sed -n -e 's/^.*[ ]\([ABCDGIRSTW][ABCDGIRSTW]*\)[ ][ ]*\([_A-Za-z][_A-Za-z0-9]*\)$/\1 \2 \2/p' | sed '/ __gnu_lto/d' \> conftest.nm
configure:7742: $? = 0
configure:7808: arm-mv5sft-linux-gnueabi-gcc -std=gnu99 -o conftest -g -O2   conftest.c conftstm.o >&5
configure:7811: $? = 0
configure:7849: result: ok
configure:7886: checking for sysroot
configure:7916: result: no
configure:8139: checking for arm-mv5sft-linux-gnueabi-mt
configure:8169: result: no
configure:8179: checking for mt
configure:8195: found /bin/mt
configure:8206: result: mt
configure:8218: WARNING: using cross tools not prefixed with host triplet
configure:8229: checking if mt is a manifest tool
configure:8235: mt '-?'
configure:8243: result: no
configure:8885: checking how to run the C preprocessor
configure:8916: arm-mv5sft-linux-gnueabi-gcc -std=gnu99 -E  conftest.c
configure:8916: $? = 0
configure:8930: arm-mv5sft-linux-gnueabi-gcc -std=gnu99 -E  conftest.c
conftest.c:11:28: error: ac_nonexistent.h: No such file or directory
configure:8930: $? = 1
configure: failed program was:
| /* confdefs.h */
| #define PACKAGE_NAME "zeromq"
| #define PACKAGE_TARNAME "zeromq"
| #define PACKAGE_VERSION "3.2.4"
| #define PACKAGE_STRING "zeromq 3.2.4"
| #define PACKAGE_BUGREPORT "zeromq-dev@lists.zeromq.org"
| #define PACKAGE_URL ""
| #define PACKAGE "zeromq"
| #define VERSION "3.2.4"
| /* end confdefs.h.  */
| #include <ac_nonexistent.h>
configure:8955: result: arm-mv5sft-linux-gnueabi-gcc -std=gnu99 -E
configure:8975: arm-mv5sft-linux-gnueabi-gcc -std=gnu99 -E  conftest.c
configure:8975: $? = 0
configure:8989: arm-mv5sft-linux-gnueabi-gcc -std=gnu99 -E  conftest.c
conftest.c:11:28: error: ac_nonexistent.h: No such file or directory
configure:8989: $? = 1
configure: failed program was:
| /* confdefs.h */
| #define PACKAGE_NAME "zeromq"
| #define PACKAGE_TARNAME "zeromq"
| #define PACKAGE_VERSION "3.2.4"
| #define PACKAGE_STRING "zeromq 3.2.4"
| #define PACKAGE_BUGREPORT "zeromq-dev@lists.zeromq.org"
| #define PACKAGE_URL ""
| #define PACKAGE "zeromq"
| #define VERSION "3.2.4"
| /* end confdefs.h.  */
| #include <ac_nonexistent.h>
configure:9018: checking for ANSI C header files
configure:9038: arm-mv5sft-linux-gnueabi-gcc -std=gnu99 -c -g -O2  conftest.c >&5
configure:9038: $? = 0
configure:9122: result: yes
configure:9135: checking for sys/types.h
configure:9135: arm-mv5sft-linux-gnueabi-gcc -std=gnu99 -c -g -O2  conftest.c >&5
configure:9135: $? = 0
configure:9135: result: yes
configure:9135: checking for sys/stat.h
configure:9135: arm-mv5sft-linux-gnueabi-gcc -std=gnu99 -c -g -O2  conftest.c >&5
configure:9135: $? = 0
configure:9135: result: yes
configure:9135: checking for stdlib.h
configure:9135: arm-mv5sft-linux-gnueabi-gcc -std=gnu99 -c -g -O2  conftest.c >&5
configure:9135: $? = 0
configure:9135: result: yes
configure:9135: checking for string.h
configure:9135: arm-mv5sft-linux-gnueabi-gcc -std=gnu99 -c -g -O2  conftest.c >&5
configure:9135: $? = 0
configure:9135: result: yes
configure:9135: checking for memory.h
configure:9135: arm-mv5sft-linux-gnueabi-gcc -std=gnu99 -c -g -O2  conftest.c >&5
configure:9135: $? = 0
configure:9135: result: yes
configure:9135: checking for strings.h
configure:9135: arm-mv5sft-linux-gnueabi-gcc -std=gnu99 -c -g -O2  conftest.c >&5
configure:9135: $? = 0
configure:9135: result: yes
configure:9135: checking for inttypes.h
configure:9135: arm-mv5sft-linux-gnueabi-gcc -std=gnu99 -c -g -O2  conftest.c >&5
configure:9135: $? = 0
configure:9135: result: yes
configure:9135: checking for stdint.h
configure:9135: arm-mv5sft-linux-gnueabi-gcc -std=gnu99 -c -g -O2  conftest.c >&5
configure:9135: $? = 0
configure:9135: result: yes
configure:9135: checking for unistd.h
configure:9135: arm-mv5sft-linux-gnueabi-gcc -std=gnu99 -c -g -O2  conftest.c >&5
configure:9135: $? = 0
configure:9135: result: yes
configure:9149: checking for dlfcn.h
configure:9149: arm-mv5sft-linux-gnueabi-gcc -std=gnu99 -c -g -O2  conftest.c >&5
configure:9149: $? = 0
configure:9149: result: yes
configure:9334: checking for objdir
configure:9349: result: .libs
configure:9620: checking if arm-mv5sft-linux-gnueabi-gcc -std=gnu99 supports -fno-rtti -fno-exceptions
configure:9638: arm-mv5sft-linux-gnueabi-gcc -std=gnu99 -c -g -O2  -fno-rtti -fno-exceptions conftest.c >&5
cc1: warning: command line option "-fno-rtti" is valid for C++/ObjC++ but not for C
configure:9642: $? = 0
configure:9655: result: no
configure:9982: checking for arm-mv5sft-linux-gnueabi-gcc -std=gnu99 option to produce PIC
configure:9989: result: -fPIC -DPIC
configure:9997: checking if arm-mv5sft-linux-gnueabi-gcc -std=gnu99 PIC flag -fPIC -DPIC works
configure:10015: arm-mv5sft-linux-gnueabi-gcc -std=gnu99 -c -g -O2  -fPIC -DPIC -DPIC conftest.c >&5
configure:10019: $? = 0
configure:10032: result: yes
configure:10061: checking if arm-mv5sft-linux-gnueabi-gcc -std=gnu99 static flag -static works
configure:10089: result: yes
configure:10104: checking if arm-mv5sft-linux-gnueabi-gcc -std=gnu99 supports -c -o file.o
configure:10125: arm-mv5sft-linux-gnueabi-gcc -std=gnu99 -c -g -O2  -o out/conftest2.o conftest.c >&5
configure:10129: $? = 0
configure:10151: result: yes
configure:10159: checking if arm-mv5sft-linux-gnueabi-gcc -std=gnu99 supports -c -o file.o
configure:10206: result: yes
configure:10239: checking whether the arm-mv5sft-linux-gnueabi-gcc -std=gnu99 linker (/home/wei/work/smg/marvell/arm-mv5sft-linux-gnueabi/bin/ld) supports shared libraries
configure:11396: result: yes
configure:11433: checking whether -lc should be explicitly linked in
configure:11441: arm-mv5sft-linux-gnueabi-gcc -std=gnu99 -c -g -O2  conftest.c >&5
configure:11444: $? = 0
configure:11459: arm-mv5sft-linux-gnueabi-gcc -std=gnu99 -shared  -fPIC -DPIC conftest.o  -v -Wl,-soname -Wl,conftest -o conftest 2\>\&1 \| /bin/grep  -lc  \>/dev/null 2\>\&1
configure:11462: $? = 0
configure:11476: result: no
configure:11636: checking dynamic linker characteristics
configure:12136: arm-mv5sft-linux-gnueabi-gcc -std=gnu99 -o conftest -g -O2   -Wl,-rpath -Wl,/foo conftest.c  >&5
configure:12136: $? = 0
configure:12370: result: GNU/Linux ld.so
configure:12477: checking how to hardcode library paths into programs
configure:12502: result: immediate
configure:13042: checking whether stripping libraries is possible
configure:13047: result: yes
configure:13082: checking if libtool supports shared libraries
configure:13084: result: yes
configure:13087: checking whether to build shared libraries
configure:13108: result: yes
configure:13111: checking whether to build static libraries
configure:13115: result: yes
configure:13138: checking how to run the C++ preprocessor
configure:13165: arm-mv5sft-linux-gnueabi-g++ -E  conftest.cpp
configure:13165: $? = 0
configure:13179: arm-mv5sft-linux-gnueabi-g++ -E  conftest.cpp
conftest.cpp:23:28: error: ac_nonexistent.h: No such file or directory
configure:13179: $? = 1
configure: failed program was:
| /* confdefs.h */
| #define PACKAGE_NAME "zeromq"
| #define PACKAGE_TARNAME "zeromq"
| #define PACKAGE_VERSION "3.2.4"
| #define PACKAGE_STRING "zeromq 3.2.4"
| #define PACKAGE_BUGREPORT "zeromq-dev@lists.zeromq.org"
| #define PACKAGE_URL ""
| #define PACKAGE "zeromq"
| #define VERSION "3.2.4"
| #define STDC_HEADERS 1
| #define HAVE_SYS_TYPES_H 1
| #define HAVE_SYS_STAT_H 1
| #define HAVE_STDLIB_H 1
| #define HAVE_STRING_H 1
| #define HAVE_MEMORY_H 1
| #define HAVE_STRINGS_H 1
| #define HAVE_INTTYPES_H 1
| #define HAVE_STDINT_H 1
| #define HAVE_UNISTD_H 1
| #define HAVE_DLFCN_H 1
| #define LT_OBJDIR ".libs/"
| /* end confdefs.h.  */
| #include <ac_nonexistent.h>
configure:13204: result: arm-mv5sft-linux-gnueabi-g++ -E
configure:13224: arm-mv5sft-linux-gnueabi-g++ -E  conftest.cpp
configure:13224: $? = 0
configure:13238: arm-mv5sft-linux-gnueabi-g++ -E  conftest.cpp
conftest.cpp:23:28: error: ac_nonexistent.h: No such file or directory
configure:13238: $? = 1
configure: failed program was:
| /* confdefs.h */
| #define PACKAGE_NAME "zeromq"
| #define PACKAGE_TARNAME "zeromq"
| #define PACKAGE_VERSION "3.2.4"
| #define PACKAGE_STRING "zeromq 3.2.4"
| #define PACKAGE_BUGREPORT "zeromq-dev@lists.zeromq.org"
| #define PACKAGE_URL ""
| #define PACKAGE "zeromq"
| #define VERSION "3.2.4"
| #define STDC_HEADERS 1
| #define HAVE_SYS_TYPES_H 1
| #define HAVE_SYS_STAT_H 1
| #define HAVE_STDLIB_H 1
| #define HAVE_STRING_H 1
| #define HAVE_MEMORY_H 1
| #define HAVE_STRINGS_H 1
| #define HAVE_INTTYPES_H 1
| #define HAVE_STDINT_H 1
| #define HAVE_UNISTD_H 1
| #define HAVE_DLFCN_H 1
| #define LT_OBJDIR ".libs/"
| /* end confdefs.h.  */
| #include <ac_nonexistent.h>
configure:13407: checking for ld used by arm-mv5sft-linux-gnueabi-g++
configure:13474: result: /home/wei/work/smg/marvell/arm-mv5sft-linux-gnueabi/bin/ld
configure:13481: checking if the linker (/home/wei/work/smg/marvell/arm-mv5sft-linux-gnueabi/bin/ld) is GNU ld
configure:13496: result: yes
configure:13551: checking whether the arm-mv5sft-linux-gnueabi-g++ linker (/home/wei/work/smg/marvell/arm-mv5sft-linux-gnueabi/bin/ld) supports shared libraries
configure:14553: result: yes
configure:14589: arm-mv5sft-linux-gnueabi-g++ -c -g -O2  conftest.cpp >&5
configure:14592: $? = 0
configure:15112: checking for arm-mv5sft-linux-gnueabi-g++ option to produce PIC
configure:15119: result: -fPIC -DPIC
configure:15127: checking if arm-mv5sft-linux-gnueabi-g++ PIC flag -fPIC -DPIC works
configure:15145: arm-mv5sft-linux-gnueabi-g++ -c -g -O2  -fPIC -DPIC -DPIC conftest.cpp >&5
configure:15149: $? = 0
configure:15162: result: yes
configure:15185: checking if arm-mv5sft-linux-gnueabi-g++ static flag -static works
configure:15213: result: yes
configure:15225: checking if arm-mv5sft-linux-gnueabi-g++ supports -c -o file.o
configure:15246: arm-mv5sft-linux-gnueabi-g++ -c -g -O2  -o out/conftest2.o conftest.cpp >&5
configure:15250: $? = 0
configure:15272: result: yes
configure:15277: checking if arm-mv5sft-linux-gnueabi-g++ supports -c -o file.o
configure:15324: result: yes
configure:15354: checking whether the arm-mv5sft-linux-gnueabi-g++ linker (/home/wei/work/smg/marvell/arm-mv5sft-linux-gnueabi/bin/ld) supports shared libraries
configure:15393: result: yes
configure:15534: checking dynamic linker characteristics
configure:16202: result: GNU/Linux ld.so
configure:16255: checking how to hardcode library paths into programs
configure:16280: result: immediate
configure:16353: checking whether the C compiler works
configure:16369: arm-mv5sft-linux-gnueabi-gcc -std=gnu99 -o conftest -g -O2   conftest.c  >&5
configure:16369: $? = 0
configure:16378: result: yes
configure:16386: checking whether we are using Intel C compiler
configure:16405: arm-mv5sft-linux-gnueabi-gcc -std=gnu99 -c -g -O2  conftest.c >&5
conftest.c: In function 'main':
conftest.c:28: error: 'error' undeclared (first use in this function)
conftest.c:28: error: (Each undeclared identifier is reported only once
conftest.c:28: error: for each function it appears in.)
conftest.c:28: error: expected ';' before 'if'
configure:16405: $? = 1
configure: failed program was:
| /* confdefs.h */
| #define PACKAGE_NAME "zeromq"
| #define PACKAGE_TARNAME "zeromq"
| #define PACKAGE_VERSION "3.2.4"
| #define PACKAGE_STRING "zeromq 3.2.4"
| #define PACKAGE_BUGREPORT "zeromq-dev@lists.zeromq.org"
| #define PACKAGE_URL ""
| #define PACKAGE "zeromq"
| #define VERSION "3.2.4"
| #define STDC_HEADERS 1
| #define HAVE_SYS_TYPES_H 1
| #define HAVE_SYS_STAT_H 1
| #define HAVE_STDLIB_H 1
| #define HAVE_STRING_H 1
| #define HAVE_MEMORY_H 1
| #define HAVE_STRINGS_H 1
| #define HAVE_INTTYPES_H 1
| #define HAVE_STDINT_H 1
| #define HAVE_UNISTD_H 1
| #define HAVE_DLFCN_H 1
| #define LT_OBJDIR ".libs/"
| /* end confdefs.h.  */
| 
| int
| main ()
| {
| #ifndef __INTEL_COMPILER
|        error if not ICC
| #endif
| 
|   ;
|   return 0;
| }
configure:16413: result: no
configure:16415: checking whether we are using Sun Studio C compiler
configure:16434: arm-mv5sft-linux-gnueabi-gcc -std=gnu99 -c -g -O2  conftest.c >&5
conftest.c: In function 'main':
conftest.c:28: error: 'error' undeclared (first use in this function)
conftest.c:28: error: (Each undeclared identifier is reported only once
conftest.c:28: error: for each function it appears in.)
conftest.c:28: error: expected ';' before 'if'
configure:16434: $? = 1
configure: failed program was:
| /* confdefs.h */
| #define PACKAGE_NAME "zeromq"
| #define PACKAGE_TARNAME "zeromq"
| #define PACKAGE_VERSION "3.2.4"
| #define PACKAGE_STRING "zeromq 3.2.4"
| #define PACKAGE_BUGREPORT "zeromq-dev@lists.zeromq.org"
| #define PACKAGE_URL ""
| #define PACKAGE "zeromq"
| #define VERSION "3.2.4"
| #define STDC_HEADERS 1
| #define HAVE_SYS_TYPES_H 1
| #define HAVE_SYS_STAT_H 1
| #define HAVE_STDLIB_H 1
| #define HAVE_STRING_H 1
| #define HAVE_MEMORY_H 1
| #define HAVE_STRINGS_H 1
| #define HAVE_INTTYPES_H 1
| #define HAVE_STDINT_H 1
| #define HAVE_UNISTD_H 1
| #define HAVE_DLFCN_H 1
| #define LT_OBJDIR ".libs/"
| /* end confdefs.h.  */
| 
| int
| main ()
| {
| #if !defined(__SUNPRO_CC) && !defined(__SUNPRO_C)
|        error if not sun studio
| #endif
| 
|   ;
|   return 0;
| }
configure:16442: result: no
configure:16444: checking whether we are using clang C compiler
configure:16463: arm-mv5sft-linux-gnueabi-gcc -std=gnu99 -c -g -O2  conftest.c >&5
conftest.c: In function 'main':
conftest.c:28: error: 'error' undeclared (first use in this function)
conftest.c:28: error: (Each undeclared identifier is reported only once
conftest.c:28: error: for each function it appears in.)
conftest.c:28: error: expected ';' before 'if'
configure:16463: $? = 1
configure: failed program was:
| /* confdefs.h */
| #define PACKAGE_NAME "zeromq"
| #define PACKAGE_TARNAME "zeromq"
| #define PACKAGE_VERSION "3.2.4"
| #define PACKAGE_STRING "zeromq 3.2.4"
| #define PACKAGE_BUGREPORT "zeromq-dev@lists.zeromq.org"
| #define PACKAGE_URL ""
| #define PACKAGE "zeromq"
| #define VERSION "3.2.4"
| #define STDC_HEADERS 1
| #define HAVE_SYS_TYPES_H 1
| #define HAVE_SYS_STAT_H 1
| #define HAVE_STDLIB_H 1
| #define HAVE_STRING_H 1
| #define HAVE_MEMORY_H 1
| #define HAVE_STRINGS_H 1
| #define HAVE_INTTYPES_H 1
| #define HAVE_STDINT_H 1
| #define HAVE_UNISTD_H 1
| #define HAVE_DLFCN_H 1
| #define LT_OBJDIR ".libs/"
| /* end confdefs.h.  */
| 
| int
| main ()
| {
| #ifndef __clang__
|        error if not clang
| #endif
| 
|   ;
|   return 0;
| }
configure:16471: result: no
configure:16473: checking whether we are using gcc >= 4 C compiler
configure:16492: arm-mv5sft-linux-gnueabi-gcc -std=gnu99 -c -g -O2  conftest.c >&5
configure:16492: $? = 0
configure:16500: result: yes
configure:16517: checking whether the C++ compiler works
configure:16533: arm-mv5sft-linux-gnueabi-g++ -o conftest -g -O2   conftest.cpp  >&5
configure:16533: $? = 0
configure:16542: result: yes
configure:16550: checking whether we are using Intel C++ compiler
configure:16569: arm-mv5sft-linux-gnueabi-g++ -c -g -O2  conftest.cpp >&5
conftest.cpp: In function 'int main()':
conftest.cpp:28: error: 'error' was not declared in this scope
conftest.cpp:28: error: expected `;' before 'if'
configure:16569: $? = 1
configure: failed program was:
| /* confdefs.h */
| #define PACKAGE_NAME "zeromq"
| #define PACKAGE_TARNAME "zeromq"
| #define PACKAGE_VERSION "3.2.4"
| #define PACKAGE_STRING "zeromq 3.2.4"
| #define PACKAGE_BUGREPORT "zeromq-dev@lists.zeromq.org"
| #define PACKAGE_URL ""
| #define PACKAGE "zeromq"
| #define VERSION "3.2.4"
| #define STDC_HEADERS 1
| #define HAVE_SYS_TYPES_H 1
| #define HAVE_SYS_STAT_H 1
| #define HAVE_STDLIB_H 1
| #define HAVE_STRING_H 1
| #define HAVE_MEMORY_H 1
| #define HAVE_STRINGS_H 1
| #define HAVE_INTTYPES_H 1
| #define HAVE_STDINT_H 1
| #define HAVE_UNISTD_H 1
| #define HAVE_DLFCN_H 1
| #define LT_OBJDIR ".libs/"
| /* end confdefs.h.  */
| 
| int
| main ()
| {
| #ifndef __INTEL_COMPILER
|        error if not ICC
| #endif
| 
|   ;
|   return 0;
| }
configure:16577: result: no
configure:16579: checking whether we are using Sun Studio C++ compiler
configure:16598: arm-mv5sft-linux-gnueabi-g++ -c -g -O2  conftest.cpp >&5
conftest.cpp: In function 'int main()':
conftest.cpp:28: error: 'error' was not declared in this scope
conftest.cpp:28: error: expected `;' before 'if'
configure:16598: $? = 1
configure: failed program was:
| /* confdefs.h */
| #define PACKAGE_NAME "zeromq"
| #define PACKAGE_TARNAME "zeromq"
| #define PACKAGE_VERSION "3.2.4"
| #define PACKAGE_STRING "zeromq 3.2.4"
| #define PACKAGE_BUGREPORT "zeromq-dev@lists.zeromq.org"
| #define PACKAGE_URL ""
| #define PACKAGE "zeromq"
| #define VERSION "3.2.4"
| #define STDC_HEADERS 1
| #define HAVE_SYS_TYPES_H 1
| #define HAVE_SYS_STAT_H 1
| #define HAVE_STDLIB_H 1
| #define HAVE_STRING_H 1
| #define HAVE_MEMORY_H 1
| #define HAVE_STRINGS_H 1
| #define HAVE_INTTYPES_H 1
| #define HAVE_STDINT_H 1
| #define HAVE_UNISTD_H 1
| #define HAVE_DLFCN_H 1
| #define LT_OBJDIR ".libs/"
| /* end confdefs.h.  */
| 
| int
| main ()
| {
| #if !defined(__SUNPRO_CC) && !defined(__SUNPRO_C)
|        error if not sun studio
| #endif
| 
|   ;
|   return 0;
| }
configure:16606: result: no
configure:16608: checking whether we are using clang C++ compiler
configure:16627: arm-mv5sft-linux-gnueabi-g++ -c -g -O2  conftest.cpp >&5
conftest.cpp: In function 'int main()':
conftest.cpp:28: error: 'error' was not declared in this scope
conftest.cpp:28: error: expected `;' before 'if'
configure:16627: $? = 1
configure: failed program was:
| /* confdefs.h */
| #define PACKAGE_NAME "zeromq"
| #define PACKAGE_TARNAME "zeromq"
| #define PACKAGE_VERSION "3.2.4"
| #define PACKAGE_STRING "zeromq 3.2.4"
| #define PACKAGE_BUGREPORT "zeromq-dev@lists.zeromq.org"
| #define PACKAGE_URL ""
| #define PACKAGE "zeromq"
| #define VERSION "3.2.4"
| #define STDC_HEADERS 1
| #define HAVE_SYS_TYPES_H 1
| #define HAVE_SYS_STAT_H 1
| #define HAVE_STDLIB_H 1
| #define HAVE_STRING_H 1
| #define HAVE_MEMORY_H 1
| #define HAVE_STRINGS_H 1
| #define HAVE_INTTYPES_H 1
| #define HAVE_STDINT_H 1
| #define HAVE_UNISTD_H 1
| #define HAVE_DLFCN_H 1
| #define LT_OBJDIR ".libs/"
| /* end confdefs.h.  */
| 
| int
| main ()
| {
| #ifndef __clang__
|        error if not clang
| #endif
| 
|   ;
|   return 0;
| }
configure:16635: result: no
configure:16637: checking whether we are using gcc >= 4 C++ compiler
configure:16656: arm-mv5sft-linux-gnueabi-g++ -c -g -O2  conftest.cpp >&5
configure:16656: $? = 0
configure:16664: result: yes
configure:16698: checking whether to enable debugging information
configure:16736: result: no
configure:16753: checking whether to enable code coverage
configure:16784: result: no
configure:16790: checking for pthread_create in -lpthread
configure:16815: arm-mv5sft-linux-gnueabi-gcc -std=gnu99 -o conftest -g -O2   conftest.c -lpthread   >&5
configure:16815: $? = 0
configure:16824: result: yes
configure:16835: checking for clock_gettime in -lrt
configure:16860: arm-mv5sft-linux-gnueabi-gcc -std=gnu99 -o conftest -g -O2   conftest.c -lrt  -lpthread  >&5
configure:16860: $? = 0
configure:16869: result: yes
configure:17672: checking whether C++ compiler supports -fvisibility=hidden
configure:17704: arm-mv5sft-linux-gnueabi-g++ -c -g -O2 -D_GNU_SOURCE -D_REENTRANT -D_THREAD_SAFE  -fvisibility=hidden conftest.cpp >&5
configure:17704: $? = 0
configure:17735: result: yes
configure:17821: checking whether C++ compiler supports dso visibility
configure:17825: result: yes
configure:17969: checking for asciidoc
configure:17997: result: no
configure:18007: checking for xmlto
configure:18035: result: no
configure:18061: checking whether to build documentation
configure:18063: result: no
configure:18066: checking whether to install manpages
configure:18068: result: yes
configure:18100: checking for suitable polling system
configure:18136: arm-mv5sft-linux-gnueabi-gcc -std=gnu99 -o conftest -g -O2 -D_GNU_SOURCE -D_REENTRANT -D_THREAD_SAFE   conftest.c -lrt -lpthread  >&5
conftest.c:28:23: error: sys/event.h: No such file or directory
conftest.c: In function 'main':
conftest.c:35: error: storage size of 't_kev' isn't known
conftest.c:36: warning: implicit declaration of function 'kqueue'
configure:18136: $? = 1
configure: failed program was:
| /* confdefs.h */
| #define PACKAGE_NAME "zeromq"
| #define PACKAGE_TARNAME "zeromq"
| #define PACKAGE_VERSION "3.2.4"
| #define PACKAGE_STRING "zeromq 3.2.4"
| #define PACKAGE_BUGREPORT "zeromq-dev@lists.zeromq.org"
| #define PACKAGE_URL ""
| #define PACKAGE "zeromq"
| #define VERSION "3.2.4"
| #define STDC_HEADERS 1
| #define HAVE_SYS_TYPES_H 1
| #define HAVE_SYS_STAT_H 1
| #define HAVE_STDLIB_H 1
| #define HAVE_STRING_H 1
| #define HAVE_MEMORY_H 1
| #define HAVE_STRINGS_H 1
| #define HAVE_INTTYPES_H 1
| #define HAVE_STDINT_H 1
| #define HAVE_UNISTD_H 1
| #define HAVE_DLFCN_H 1
| #define LT_OBJDIR ".libs/"
| #define HAVE_LIBPTHREAD 1
| #define HAVE_LIBRT 1
| #define ZMQ_HAVE_LINUX 1
| /* end confdefs.h.  */
| 
| #include <sys/types.h>
| #include <sys/event.h>
| #include <sys/time.h>
| 
| int
| main ()
| {
| 
| struct kevent t_kev;
| kqueue();
| 
| 
|   ;
|   return 0;
| }
configure:18167: arm-mv5sft-linux-gnueabi-gcc -std=gnu99 -o conftest -g -O2 -D_GNU_SOURCE -D_REENTRANT -D_THREAD_SAFE   conftest.c -lrt -lpthread  >&5
configure:18167: $? = 0
configure:18321: result: using epoll
configure:18330: checking for ANSI C header files
configure:18434: result: yes
configure:18446: checking errno.h usability
configure:18446: arm-mv5sft-linux-gnueabi-gcc -std=gnu99 -c -g -O2 -D_GNU_SOURCE -D_REENTRANT -D_THREAD_SAFE  -DZMQ_FORCE_EPOLL conftest.c >&5
configure:18446: $? = 0
configure:18446: result: yes
configure:18446: checking errno.h presence
configure:18446: arm-mv5sft-linux-gnueabi-gcc -std=gnu99 -E -D_GNU_SOURCE -D_REENTRANT -D_THREAD_SAFE  -DZMQ_FORCE_EPOLL conftest.c
configure:18446: $? = 0
configure:18446: result: yes
configure:18446: checking for errno.h
configure:18446: result: yes
configure:18446: checking arpa/inet.h usability
configure:18446: arm-mv5sft-linux-gnueabi-gcc -std=gnu99 -c -g -O2 -D_GNU_SOURCE -D_REENTRANT -D_THREAD_SAFE  -DZMQ_FORCE_EPOLL conftest.c >&5
configure:18446: $? = 0
configure:18446: result: yes
configure:18446: checking arpa/inet.h presence
configure:18446: arm-mv5sft-linux-gnueabi-gcc -std=gnu99 -E -D_GNU_SOURCE -D_REENTRANT -D_THREAD_SAFE  -DZMQ_FORCE_EPOLL conftest.c
configure:18446: $? = 0
configure:18446: result: yes
configure:18446: checking for arpa/inet.h
configure:18446: result: yes
configure:18446: checking netinet/tcp.h usability
configure:18446: arm-mv5sft-linux-gnueabi-gcc -std=gnu99 -c -g -O2 -D_GNU_SOURCE -D_REENTRANT -D_THREAD_SAFE  -DZMQ_FORCE_EPOLL conftest.c >&5
configure:18446: $? = 0
configure:18446: result: yes
configure:18446: checking netinet/tcp.h presence
configure:18446: arm-mv5sft-linux-gnueabi-gcc -std=gnu99 -E -D_GNU_SOURCE -D_REENTRANT -D_THREAD_SAFE  -DZMQ_FORCE_EPOLL conftest.c
configure:18446: $? = 0
configure:18446: result: yes
configure:18446: checking for netinet/tcp.h
configure:18446: result: yes
configure:18446: checking netinet/in.h usability
configure:18446: arm-mv5sft-linux-gnueabi-gcc -std=gnu99 -c -g -O2 -D_GNU_SOURCE -D_REENTRANT -D_THREAD_SAFE  -DZMQ_FORCE_EPOLL conftest.c >&5
configure:18446: $? = 0
configure:18446: result: yes
configure:18446: checking netinet/in.h presence
configure:18446: arm-mv5sft-linux-gnueabi-gcc -std=gnu99 -E -D_GNU_SOURCE -D_REENTRANT -D_THREAD_SAFE  -DZMQ_FORCE_EPOLL conftest.c
configure:18446: $? = 0
configure:18446: result: yes
configure:18446: checking for netinet/in.h
configure:18446: result: yes
configure:18446: checking stddef.h usability
configure:18446: arm-mv5sft-linux-gnueabi-gcc -std=gnu99 -c -g -O2 -D_GNU_SOURCE -D_REENTRANT -D_THREAD_SAFE  -DZMQ_FORCE_EPOLL conftest.c >&5
configure:18446: $? = 0
configure:18446: result: yes
configure:18446: checking stddef.h presence
configure:18446: arm-mv5sft-linux-gnueabi-gcc -std=gnu99 -E -D_GNU_SOURCE -D_REENTRANT -D_THREAD_SAFE  -DZMQ_FORCE_EPOLL conftest.c
configure:18446: $? = 0
configure:18446: result: yes
configure:18446: checking for stddef.h
configure:18446: result: yes
configure:18446: checking for stdlib.h
configure:18446: result: yes
configure:18446: checking for string.h
configure:18446: result: yes
configure:18446: checking sys/socket.h usability
configure:18446: arm-mv5sft-linux-gnueabi-gcc -std=gnu99 -c -g -O2 -D_GNU_SOURCE -D_REENTRANT -D_THREAD_SAFE  -DZMQ_FORCE_EPOLL conftest.c >&5
configure:18446: $? = 0
configure:18446: result: yes
configure:18446: checking sys/socket.h presence
configure:18446: arm-mv5sft-linux-gnueabi-gcc -std=gnu99 -E -D_GNU_SOURCE -D_REENTRANT -D_THREAD_SAFE  -DZMQ_FORCE_EPOLL conftest.c
configure:18446: $? = 0
configure:18446: result: yes
configure:18446: checking for sys/socket.h
configure:18446: result: yes
configure:18446: checking sys/time.h usability
configure:18446: arm-mv5sft-linux-gnueabi-gcc -std=gnu99 -c -g -O2 -D_GNU_SOURCE -D_REENTRANT -D_THREAD_SAFE  -DZMQ_FORCE_EPOLL conftest.c >&5
configure:18446: $? = 0
configure:18446: result: yes
configure:18446: checking sys/time.h presence
configure:18446: arm-mv5sft-linux-gnueabi-gcc -std=gnu99 -E -D_GNU_SOURCE -D_REENTRANT -D_THREAD_SAFE  -DZMQ_FORCE_EPOLL conftest.c
configure:18446: $? = 0
configure:18446: result: yes
configure:18446: checking for sys/time.h
configure:18446: result: yes
configure:18446: checking time.h usability
configure:18446: arm-mv5sft-linux-gnueabi-gcc -std=gnu99 -c -g -O2 -D_GNU_SOURCE -D_REENTRANT -D_THREAD_SAFE  -DZMQ_FORCE_EPOLL conftest.c >&5
configure:18446: $? = 0
configure:18446: result: yes
configure:18446: checking time.h presence
configure:18446: arm-mv5sft-linux-gnueabi-gcc -std=gnu99 -E -D_GNU_SOURCE -D_REENTRANT -D_THREAD_SAFE  -DZMQ_FORCE_EPOLL conftest.c
configure:18446: $? = 0
configure:18446: result: yes
configure:18446: checking for time.h
configure:18446: result: yes
configure:18446: checking for unistd.h
configure:18446: result: yes
configure:18446: checking limits.h usability
configure:18446: arm-mv5sft-linux-gnueabi-gcc -std=gnu99 -c -g -O2 -D_GNU_SOURCE -D_REENTRANT -D_THREAD_SAFE  -DZMQ_FORCE_EPOLL conftest.c >&5
configure:18446: $? = 0
configure:18446: result: yes
configure:18446: checking limits.h presence
configure:18446: arm-mv5sft-linux-gnueabi-gcc -std=gnu99 -E -D_GNU_SOURCE -D_REENTRANT -D_THREAD_SAFE  -DZMQ_FORCE_EPOLL conftest.c
configure:18446: $? = 0
configure:18446: result: yes
configure:18446: checking for limits.h
configure:18446: result: yes
configure:18460: checking ifaddrs.h usability
configure:18460: arm-mv5sft-linux-gnueabi-gcc -std=gnu99 -c -g -O2 -D_GNU_SOURCE -D_REENTRANT -D_THREAD_SAFE  -DZMQ_FORCE_EPOLL conftest.c >&5
configure:18460: $? = 0
configure:18460: result: yes
configure:18460: checking ifaddrs.h presence
configure:18460: arm-mv5sft-linux-gnueabi-gcc -std=gnu99 -E -D_GNU_SOURCE -D_REENTRANT -D_THREAD_SAFE  -DZMQ_FORCE_EPOLL conftest.c
configure:18460: $? = 0
configure:18460: result: yes
configure:18460: checking for ifaddrs.h
configure:18460: result: yes
configure:18476: checking sys/uio.h usability
configure:18476: arm-mv5sft-linux-gnueabi-gcc -std=gnu99 -c -g -O2 -D_GNU_SOURCE -D_REENTRANT -D_THREAD_SAFE  -DZMQ_FORCE_EPOLL conftest.c >&5
configure:18476: $? = 0
configure:18476: result: yes
configure:18476: checking sys/uio.h presence
configure:18476: arm-mv5sft-linux-gnueabi-gcc -std=gnu99 -E -D_GNU_SOURCE -D_REENTRANT -D_THREAD_SAFE  -DZMQ_FORCE_EPOLL conftest.c
configure:18476: $? = 0
configure:18476: result: yes
configure:18476: checking for sys/uio.h
configure:18476: result: yes
configure:18502: checking sys/eventfd.h usability
configure:18502: arm-mv5sft-linux-gnueabi-gcc -std=gnu99 -c -g -O2 -D_GNU_SOURCE -D_REENTRANT -D_THREAD_SAFE  -DZMQ_FORCE_EPOLL conftest.c >&5
configure:18502: $? = 0
configure:18502: result: yes
configure:18502: checking sys/eventfd.h presence
configure:18502: arm-mv5sft-linux-gnueabi-gcc -std=gnu99 -E -D_GNU_SOURCE -D_REENTRANT -D_THREAD_SAFE  -DZMQ_FORCE_EPOLL conftest.c
configure:18502: $? = 0
configure:18502: result: yes
configure:18502: checking for sys/eventfd.h
configure:18502: result: yes
configure:18524: checking for stdbool.h that conforms to C99
configure:18591: arm-mv5sft-linux-gnueabi-g++ -c -g -O2 -D_GNU_SOURCE -D_REENTRANT -D_THREAD_SAFE  -DZMQ_FORCE_EPOLL conftest.cpp >&5
configure:18591: $? = 0
configure:18598: result: yes
configure:18600: checking for _Bool
configure:18600: arm-mv5sft-linux-gnueabi-g++ -c -g -O2 -D_GNU_SOURCE -D_REENTRANT -D_THREAD_SAFE  -DZMQ_FORCE_EPOLL conftest.cpp >&5
conftest.cpp: In function 'int main()':
conftest.cpp:81: error: '_Bool' was not declared in this scope
configure:18600: $? = 1
configure: failed program was:
| /* confdefs.h */
| #define PACKAGE_NAME "zeromq"
| #define PACKAGE_TARNAME "zeromq"
| #define PACKAGE_VERSION "3.2.4"
| #define PACKAGE_STRING "zeromq 3.2.4"
| #define PACKAGE_BUGREPORT "zeromq-dev@lists.zeromq.org"
| #define PACKAGE_URL ""
| #define PACKAGE "zeromq"
| #define VERSION "3.2.4"
| #define STDC_HEADERS 1
| #define HAVE_SYS_TYPES_H 1
| #define HAVE_SYS_STAT_H 1
| #define HAVE_STDLIB_H 1
| #define HAVE_STRING_H 1
| #define HAVE_MEMORY_H 1
| #define HAVE_STRINGS_H 1
| #define HAVE_INTTYPES_H 1
| #define HAVE_STDINT_H 1
| #define HAVE_UNISTD_H 1
| #define HAVE_DLFCN_H 1
| #define LT_OBJDIR ".libs/"
| #define HAVE_LIBPTHREAD 1
| #define HAVE_LIBRT 1
| #define ZMQ_HAVE_LINUX 1
| #define STDC_HEADERS 1
| #define HAVE_ERRNO_H 1
| #define HAVE_ARPA_INET_H 1
| #define HAVE_NETINET_TCP_H 1
| #define HAVE_NETINET_IN_H 1
| #define HAVE_STDDEF_H 1
| #define HAVE_STDLIB_H 1
| #define HAVE_STRING_H 1
| #define HAVE_SYS_SOCKET_H 1
| #define HAVE_SYS_TIME_H 1
| #define HAVE_TIME_H 1
| #define HAVE_UNISTD_H 1
| #define HAVE_LIMITS_H 1
| #define HAVE_IFADDRS_H 1
| #define ZMQ_HAVE_IFADDRS 1
| #define HAVE_SYS_UIO_H 1
| #define ZMQ_HAVE_UIO 1
| #define HAVE_SYS_EVENTFD_H 1
| #define ZMQ_HAVE_EVENTFD 1
| /* end confdefs.h.  */
| #include <stdio.h>
| #ifdef HAVE_SYS_TYPES_H
| # include <sys/types.h>
| #endif
| #ifdef HAVE_SYS_STAT_H
| # include <sys/stat.h>
| #endif
| #ifdef STDC_HEADERS
| # include <stdlib.h>
| # include <stddef.h>
| #else
| # ifdef HAVE_STDLIB_H
| #  include <stdlib.h>
| # endif
| #endif
| #ifdef HAVE_STRING_H
| # if !defined STDC_HEADERS && defined HAVE_MEMORY_H
| #  include <memory.h>
| # endif
| # include <string.h>
| #endif
| #ifdef HAVE_STRINGS_H
| # include <strings.h>
| #endif
| #ifdef HAVE_INTTYPES_H
| # include <inttypes.h>
| #endif
| #ifdef HAVE_STDINT_H
| # include <stdint.h>
| #endif
| #ifdef HAVE_UNISTD_H
| # include <unistd.h>
| #endif
| int
| main ()
| {
| if (sizeof (_Bool))
| 	 return 0;
|   ;
|   return 0;
| }
configure:18600: result: no
configure:18616: checking for an ANSI C-conforming const
configure:18681: arm-mv5sft-linux-gnueabi-g++ -c -g -O2 -D_GNU_SOURCE -D_REENTRANT -D_THREAD_SAFE  -DZMQ_FORCE_EPOLL conftest.cpp >&5
configure:18681: $? = 0
configure:18688: result: yes
configure:18696: checking for inline
configure:18712: arm-mv5sft-linux-gnueabi-g++ -c -g -O2 -D_GNU_SOURCE -D_REENTRANT -D_THREAD_SAFE  -DZMQ_FORCE_EPOLL conftest.cpp >&5
configure:18712: $? = 0
configure:18720: result: inline
configure:18787: checking for size_t
configure:18787: arm-mv5sft-linux-gnueabi-g++ -c -g -O2 -D_GNU_SOURCE -D_REENTRANT -D_THREAD_SAFE  -DZMQ_FORCE_EPOLL conftest.cpp >&5
configure:18787: $? = 0
configure:18787: arm-mv5sft-linux-gnueabi-g++ -c -g -O2 -D_GNU_SOURCE -D_REENTRANT -D_THREAD_SAFE  -DZMQ_FORCE_EPOLL conftest.cpp >&5
conftest.cpp: In function 'int main()':
conftest.cpp:82: error: expected primary-expression before ')' token
configure:18787: $? = 1
configure: failed program was:
| /* confdefs.h */
| #define PACKAGE_NAME "zeromq"
| #define PACKAGE_TARNAME "zeromq"
| #define PACKAGE_VERSION "3.2.4"
| #define PACKAGE_STRING "zeromq 3.2.4"
| #define PACKAGE_BUGREPORT "zeromq-dev@lists.zeromq.org"
| #define PACKAGE_URL ""
| #define PACKAGE "zeromq"
| #define VERSION "3.2.4"
| #define STDC_HEADERS 1
| #define HAVE_SYS_TYPES_H 1
| #define HAVE_SYS_STAT_H 1
| #define HAVE_STDLIB_H 1
| #define HAVE_STRING_H 1
| #define HAVE_MEMORY_H 1
| #define HAVE_STRINGS_H 1
| #define HAVE_INTTYPES_H 1
| #define HAVE_STDINT_H 1
| #define HAVE_UNISTD_H 1
| #define HAVE_DLFCN_H 1
| #define LT_OBJDIR ".libs/"
| #define HAVE_LIBPTHREAD 1
| #define HAVE_LIBRT 1
| #define ZMQ_HAVE_LINUX 1
| #define STDC_HEADERS 1
| #define HAVE_ERRNO_H 1
| #define HAVE_ARPA_INET_H 1
| #define HAVE_NETINET_TCP_H 1
| #define HAVE_NETINET_IN_H 1
| #define HAVE_STDDEF_H 1
| #define HAVE_STDLIB_H 1
| #define HAVE_STRING_H 1
| #define HAVE_SYS_SOCKET_H 1
| #define HAVE_SYS_TIME_H 1
| #define HAVE_TIME_H 1
| #define HAVE_UNISTD_H 1
| #define HAVE_LIMITS_H 1
| #define HAVE_IFADDRS_H 1
| #define ZMQ_HAVE_IFADDRS 1
| #define HAVE_SYS_UIO_H 1
| #define ZMQ_HAVE_UIO 1
| #define HAVE_SYS_EVENTFD_H 1
| #define ZMQ_HAVE_EVENTFD 1
| #define HAVE_STDBOOL_H 1
| /* end confdefs.h.  */
| #include <stdio.h>
| #ifdef HAVE_SYS_TYPES_H
| # include <sys/types.h>
| #endif
| #ifdef HAVE_SYS_STAT_H
| # include <sys/stat.h>
| #endif
| #ifdef STDC_HEADERS
| # include <stdlib.h>
| # include <stddef.h>
| #else
| # ifdef HAVE_STDLIB_H
| #  include <stdlib.h>
| # endif
| #endif
| #ifdef HAVE_STRING_H
| # if !defined STDC_HEADERS && defined HAVE_MEMORY_H
| #  include <memory.h>
| # endif
| # include <string.h>
| #endif
| #ifdef HAVE_STRINGS_H
| # include <strings.h>
| #endif
| #ifdef HAVE_INTTYPES_H
| # include <inttypes.h>
| #endif
| #ifdef HAVE_STDINT_H
| # include <stdint.h>
| #endif
| #ifdef HAVE_UNISTD_H
| # include <unistd.h>
| #endif
| int
| main ()
| {
| if (sizeof ((size_t)))
| 	    return 0;
|   ;
|   return 0;
| }
configure:18787: result: yes
configure:18798: checking for ssize_t
configure:18798: arm-mv5sft-linux-gnueabi-g++ -c -g -O2 -D_GNU_SOURCE -D_REENTRANT -D_THREAD_SAFE  -DZMQ_FORCE_EPOLL conftest.cpp >&5
configure:18798: $? = 0
configure:18798: arm-mv5sft-linux-gnueabi-g++ -c -g -O2 -D_GNU_SOURCE -D_REENTRANT -D_THREAD_SAFE  -DZMQ_FORCE_EPOLL conftest.cpp >&5
conftest.cpp: In function 'int main()':
conftest.cpp:82: error: expected primary-expression before ')' token
configure:18798: $? = 1
configure: failed program was:
| /* confdefs.h */
| #define PACKAGE_NAME "zeromq"
| #define PACKAGE_TARNAME "zeromq"
| #define PACKAGE_VERSION "3.2.4"
| #define PACKAGE_STRING "zeromq 3.2.4"
| #define PACKAGE_BUGREPORT "zeromq-dev@lists.zeromq.org"
| #define PACKAGE_URL ""
| #define PACKAGE "zeromq"
| #define VERSION "3.2.4"
| #define STDC_HEADERS 1
| #define HAVE_SYS_TYPES_H 1
| #define HAVE_SYS_STAT_H 1
| #define HAVE_STDLIB_H 1
| #define HAVE_STRING_H 1
| #define HAVE_MEMORY_H 1
| #define HAVE_STRINGS_H 1
| #define HAVE_INTTYPES_H 1
| #define HAVE_STDINT_H 1
| #define HAVE_UNISTD_H 1
| #define HAVE_DLFCN_H 1
| #define LT_OBJDIR ".libs/"
| #define HAVE_LIBPTHREAD 1
| #define HAVE_LIBRT 1
| #define ZMQ_HAVE_LINUX 1
| #define STDC_HEADERS 1
| #define HAVE_ERRNO_H 1
| #define HAVE_ARPA_INET_H 1
| #define HAVE_NETINET_TCP_H 1
| #define HAVE_NETINET_IN_H 1
| #define HAVE_STDDEF_H 1
| #define HAVE_STDLIB_H 1
| #define HAVE_STRING_H 1
| #define HAVE_SYS_SOCKET_H 1
| #define HAVE_SYS_TIME_H 1
| #define HAVE_TIME_H 1
| #define HAVE_UNISTD_H 1
| #define HAVE_LIMITS_H 1
| #define HAVE_IFADDRS_H 1
| #define ZMQ_HAVE_IFADDRS 1
| #define HAVE_SYS_UIO_H 1
| #define ZMQ_HAVE_UIO 1
| #define HAVE_SYS_EVENTFD_H 1
| #define ZMQ_HAVE_EVENTFD 1
| #define HAVE_STDBOOL_H 1
| /* end confdefs.h.  */
| #include <stdio.h>
| #ifdef HAVE_SYS_TYPES_H
| # include <sys/types.h>
| #endif
| #ifdef HAVE_SYS_STAT_H
| # include <sys/stat.h>
| #endif
| #ifdef STDC_HEADERS
| # include <stdlib.h>
| # include <stddef.h>
| #else
| # ifdef HAVE_STDLIB_H
| #  include <stdlib.h>
| # endif
| #endif
| #ifdef HAVE_STRING_H
| # if !defined STDC_HEADERS && defined HAVE_MEMORY_H
| #  include <memory.h>
| # endif
| # include <string.h>
| #endif
| #ifdef HAVE_STRINGS_H
| # include <strings.h>
| #endif
| #ifdef HAVE_INTTYPES_H
| # include <inttypes.h>
| #endif
| #ifdef HAVE_STDINT_H
| # include <stdint.h>
| #endif
| #ifdef HAVE_UNISTD_H
| # include <unistd.h>
| #endif
| int
| main ()
| {
| if (sizeof ((ssize_t)))
| 	    return 0;
|   ;
|   return 0;
| }
configure:18798: result: yes
configure:18810: checking whether time.h and sys/time.h may both be included
configure:18830: arm-mv5sft-linux-gnueabi-g++ -c -g -O2 -D_GNU_SOURCE -D_REENTRANT -D_THREAD_SAFE  -DZMQ_FORCE_EPOLL conftest.cpp >&5
configure:18830: $? = 0
configure:18837: result: yes
configure:18845: checking for uint32_t
configure:18845: arm-mv5sft-linux-gnueabi-g++ -c -g -O2 -D_GNU_SOURCE -D_REENTRANT -D_THREAD_SAFE  -DZMQ_FORCE_EPOLL conftest.cpp >&5
configure:18845: $? = 0
configure:18845: result: yes
configure:18859: checking for working volatile
configure:18878: arm-mv5sft-linux-gnueabi-g++ -c -g -O2 -D_GNU_SOURCE -D_REENTRANT -D_THREAD_SAFE  -DZMQ_FORCE_EPOLL conftest.cpp >&5
configure:18878: $? = 0
configure:18885: result: yes
configure:19556: checking how to enable additional warnings for C++ compiler
configure:19591: result: -Wall
configure:19603: checking how to turn warnings to errors in C++ compiler
configure:19634: result: -Werror
configure:19647: checking how to enable strict standards compliance in C++ compiler
configure:19682: result: -pedantic
configure:19725: checking return type of signal handlers
configure:19743: arm-mv5sft-linux-gnueabi-g++ -c -g -O2 -pedantic -Werror -Wall -D_GNU_SOURCE -D_REENTRANT -D_THREAD_SAFE  -DZMQ_FORCE_EPOLL conftest.cpp >&5
conftest.cpp: In function 'int main()':
conftest.cpp:53: error: void value not ignored as it ought to be
configure:19743: $? = 1
configure: failed program was:
| /* confdefs.h */
| #define PACKAGE_NAME "zeromq"
| #define PACKAGE_TARNAME "zeromq"
| #define PACKAGE_VERSION "3.2.4"
| #define PACKAGE_STRING "zeromq 3.2.4"
| #define PACKAGE_BUGREPORT "zeromq-dev@lists.zeromq.org"
| #define PACKAGE_URL ""
| #define PACKAGE "zeromq"
| #define VERSION "3.2.4"
| #define STDC_HEADERS 1
| #define HAVE_SYS_TYPES_H 1
| #define HAVE_SYS_STAT_H 1
| #define HAVE_STDLIB_H 1
| #define HAVE_STRING_H 1
| #define HAVE_MEMORY_H 1
| #define HAVE_STRINGS_H 1
| #define HAVE_INTTYPES_H 1
| #define HAVE_STDINT_H 1
| #define HAVE_UNISTD_H 1
| #define HAVE_DLFCN_H 1
| #define LT_OBJDIR ".libs/"
| #define HAVE_LIBPTHREAD 1
| #define HAVE_LIBRT 1
| #define ZMQ_HAVE_LINUX 1
| #define STDC_HEADERS 1
| #define HAVE_ERRNO_H 1
| #define HAVE_ARPA_INET_H 1
| #define HAVE_NETINET_TCP_H 1
| #define HAVE_NETINET_IN_H 1
| #define HAVE_STDDEF_H 1
| #define HAVE_STDLIB_H 1
| #define HAVE_STRING_H 1
| #define HAVE_SYS_SOCKET_H 1
| #define HAVE_SYS_TIME_H 1
| #define HAVE_TIME_H 1
| #define HAVE_UNISTD_H 1
| #define HAVE_LIMITS_H 1
| #define HAVE_IFADDRS_H 1
| #define ZMQ_HAVE_IFADDRS 1
| #define HAVE_SYS_UIO_H 1
| #define ZMQ_HAVE_UIO 1
| #define HAVE_SYS_EVENTFD_H 1
| #define ZMQ_HAVE_EVENTFD 1
| #define HAVE_STDBOOL_H 1
| #define TIME_WITH_SYS_TIME 1
| /* end confdefs.h.  */
| #include <sys/types.h>
| #include <signal.h>
| 
| int
| main ()
| {
| return *(signal (0, 0)) (0) == 1;
|   ;
|   return 0;
| }
configure:19750: result: void
configure:19761: checking for perror
configure:19761: arm-mv5sft-linux-gnueabi-g++ -o conftest -g -O2 -pedantic -Werror -Wall -D_GNU_SOURCE -D_REENTRANT -D_THREAD_SAFE  -DZMQ_FORCE_EPOLL  conftest.cpp -lrt -lpthread  >&5
configure:19761: $? = 0
configure:19761: result: yes
configure:19761: checking for gettimeofday
configure:19761: arm-mv5sft-linux-gnueabi-g++ -o conftest -g -O2 -pedantic -Werror -Wall -D_GNU_SOURCE -D_REENTRANT -D_THREAD_SAFE  -DZMQ_FORCE_EPOLL  conftest.cpp -lrt -lpthread  >&5
configure:19761: $? = 0
configure:19761: result: yes
configure:19761: checking for clock_gettime
configure:19761: arm-mv5sft-linux-gnueabi-g++ -o conftest -g -O2 -pedantic -Werror -Wall -D_GNU_SOURCE -D_REENTRANT -D_THREAD_SAFE  -DZMQ_FORCE_EPOLL  conftest.cpp -lrt -lpthread  >&5
configure:19761: $? = 0
configure:19761: result: yes
configure:19761: checking for memset
configure:19761: arm-mv5sft-linux-gnueabi-g++ -o conftest -g -O2 -pedantic -Werror -Wall -D_GNU_SOURCE -D_REENTRANT -D_THREAD_SAFE  -DZMQ_FORCE_EPOLL  conftest.cpp -lrt -lpthread  >&5
configure:19761: $? = 0
configure:19761: result: yes
configure:19761: checking for socket
configure:19761: arm-mv5sft-linux-gnueabi-g++ -o conftest -g -O2 -pedantic -Werror -Wall -D_GNU_SOURCE -D_REENTRANT -D_THREAD_SAFE  -DZMQ_FORCE_EPOLL  conftest.cpp -lrt -lpthread  >&5
configure:19761: $? = 0
configure:19761: result: yes
configure:19761: checking for getifaddrs
configure:19761: arm-mv5sft-linux-gnueabi-g++ -o conftest -g -O2 -pedantic -Werror -Wall -D_GNU_SOURCE -D_REENTRANT -D_THREAD_SAFE  -DZMQ_FORCE_EPOLL  conftest.cpp -lrt -lpthread  >&5
configure:19761: $? = 0
configure:19761: result: yes
configure:19761: checking for freeifaddrs
configure:19761: arm-mv5sft-linux-gnueabi-g++ -o conftest -g -O2 -pedantic -Werror -Wall -D_GNU_SOURCE -D_REENTRANT -D_THREAD_SAFE  -DZMQ_FORCE_EPOLL  conftest.cpp -lrt -lpthread  >&5
configure:19761: $? = 0
configure:19761: result: yes
configure:19773: checking alloca.h usability
configure:19773: arm-mv5sft-linux-gnueabi-g++ -c -g -O2 -pedantic -Werror -Wall -D_GNU_SOURCE -D_REENTRANT -D_THREAD_SAFE  -DZMQ_FORCE_EPOLL conftest.cpp >&5
configure:19773: $? = 0
configure:19773: result: yes
configure:19773: checking alloca.h presence
configure:19773: arm-mv5sft-linux-gnueabi-g++ -E -pedantic -Werror -Wall -D_GNU_SOURCE -D_REENTRANT -D_THREAD_SAFE  -DZMQ_FORCE_EPOLL conftest.cpp
configure:19773: $? = 0
configure:19773: result: yes
configure:19773: checking for alloca.h
configure:19773: result: yes
configure:19784: checking whether SOCK_CLOEXEC is supported
configure:19787: result: not during cross-compile
configure:19822: checking whether SO_KEEPALIVE is supported
configure:19825: result: not during cross-compile
configure:19861: checking whether TCP_KEEPCNT is supported
configure:19864: result: not during cross-compile
configure:19903: checking whether TCP_KEEPIDLE is supported
configure:19906: result: not during cross-compile
configure:19945: checking whether TCP_KEEPINTVL is supported
configure:19948: result: not during cross-compile
configure:19987: checking whether TCP_KEEPALIVE is supported
configure:19990: result: not during cross-compile
configure:20190: creating ./config.status

## ---------------------- ##
## Running config.status. ##
## ---------------------- ##

This file was extended by zeromq config.status 3.2.4, which was
generated by GNU Autoconf 2.68.  Invocation command line was

  CONFIG_FILES    = 
  CONFIG_HEADERS  = 
  CONFIG_LINKS    = 
  CONFIG_COMMANDS = 
  $ ./config.status 

on leschev

config.status:1225: creating Makefile
config.status:1225: creating src/Makefile
config.status:1225: creating doc/Makefile
config.status:1225: creating perf/Makefile
config.status:1225: creating src/libzmq.pc
config.status:1225: creating builds/msvc/Makefile
config.status:1225: creating tests/Makefile
config.status:1225: creating foreign/openpgm/Makefile
config.status:1225: creating builds/redhat/zeromq.spec
config.status:1225: creating src/platform.hpp
config.status:1406: src/platform.hpp is unchanged
config.status:1454: executing depfiles commands
config.status:1454: executing libtool commands

## ---------------- ##
## Cache variables. ##
## ---------------- ##

ac_cv_build=x86_64-unknown-linux-gnu
ac_cv_c_compiler_gnu=yes
ac_cv_c_const=yes
ac_cv_c_inline=inline
ac_cv_c_uint32_t=yes
ac_cv_c_volatile=yes
ac_cv_cxx_compiler_gnu=yes
ac_cv_env_ASCIIDOC_set=
ac_cv_env_ASCIIDOC_value=
ac_cv_env_CCC_set=
ac_cv_env_CCC_value=
ac_cv_env_CC_set=set
ac_cv_env_CC_value=arm-mv5sft-linux-gnueabi-gcc
ac_cv_env_CFLAGS_set=
ac_cv_env_CFLAGS_value=
ac_cv_env_CPPFLAGS_set=
ac_cv_env_CPPFLAGS_value=
ac_cv_env_CPP_set=
ac_cv_env_CPP_value=
ac_cv_env_CXXCPP_set=
ac_cv_env_CXXCPP_value=
ac_cv_env_CXXFLAGS_set=
ac_cv_env_CXXFLAGS_value=
ac_cv_env_CXX_set=
ac_cv_env_CXX_value=
ac_cv_env_LDFLAGS_set=
ac_cv_env_LDFLAGS_value=
ac_cv_env_LIBS_set=
ac_cv_env_LIBS_value=
ac_cv_env_OpenPGM_CFLAGS_set=
ac_cv_env_OpenPGM_CFLAGS_value=
ac_cv_env_OpenPGM_LIBS_set=
ac_cv_env_OpenPGM_LIBS_value=
ac_cv_env_PKG_CONFIG_LIBDIR_set=
ac_cv_env_PKG_CONFIG_LIBDIR_value=
ac_cv_env_PKG_CONFIG_PATH_set=
ac_cv_env_PKG_CONFIG_PATH_value=
ac_cv_env_PKG_CONFIG_set=
ac_cv_env_PKG_CONFIG_value=
ac_cv_env_XMLTO_set=
ac_cv_env_XMLTO_value=
ac_cv_env_build_alias_set=
ac_cv_env_build_alias_value=
ac_cv_env_host_alias_set=set
ac_cv_env_host_alias_value=arm-mv5sft-linux-gnueabi
ac_cv_env_target_alias_set=
ac_cv_env_target_alias_value=
ac_cv_func_clock_gettime=yes
ac_cv_func_freeifaddrs=yes
ac_cv_func_getifaddrs=yes
ac_cv_func_gettimeofday=yes
ac_cv_func_memset=yes
ac_cv_func_perror=yes
ac_cv_func_socket=yes
ac_cv_header_alloca_h=yes
ac_cv_header_arpa_inet_h=yes
ac_cv_header_dlfcn_h=yes
ac_cv_header_errno_h=yes
ac_cv_header_ifaddrs_h=yes
ac_cv_header_inttypes_h=yes
ac_cv_header_limits_h=yes
ac_cv_header_memory_h=yes
ac_cv_header_netinet_in_h=yes
ac_cv_header_netinet_tcp_h=yes
ac_cv_header_stdbool_h=yes
ac_cv_header_stdc=yes
ac_cv_header_stddef_h=yes
ac_cv_header_stdint_h=yes
ac_cv_header_stdlib_h=yes
ac_cv_header_string_h=yes
ac_cv_header_strings_h=yes
ac_cv_header_sys_eventfd_h=yes
ac_cv_header_sys_socket_h=yes
ac_cv_header_sys_stat_h=yes
ac_cv_header_sys_time_h=yes
ac_cv_header_sys_types_h=yes
ac_cv_header_sys_uio_h=yes
ac_cv_header_time=yes
ac_cv_header_time_h=yes
ac_cv_header_unistd_h=yes
ac_cv_host=arm-mv5sft-linux-gnueabi
ac_cv_lib_pthread_pthread_create=yes
ac_cv_lib_rt_clock_gettime=yes
ac_cv_objext=o
ac_cv_path_EGREP='/bin/grep -E'
ac_cv_path_FGREP='/bin/grep -F'
ac_cv_path_GREP=/bin/grep
ac_cv_path_SED=/bin/sed
ac_cv_path_install='/usr/bin/install -c'
ac_cv_path_mkdir=/bin/mkdir
ac_cv_prog_AR=arm-mv5sft-linux-gnueabi-ar
ac_cv_prog_AWK=gawk
ac_cv_prog_CC=arm-mv5sft-linux-gnueabi-gcc
ac_cv_prog_CPP='arm-mv5sft-linux-gnueabi-gcc -std=gnu99 -E'
ac_cv_prog_CXX=arm-mv5sft-linux-gnueabi-g++
ac_cv_prog_CXXCPP='arm-mv5sft-linux-gnueabi-g++ -E'
ac_cv_prog_DLLTOOL=dlltool
ac_cv_prog_OBJDUMP=objdump
ac_cv_prog_RANLIB=arm-mv5sft-linux-gnueabi-ranlib
ac_cv_prog_STRIP=arm-mv5sft-linux-gnueabi-strip
ac_cv_prog_ac_ct_MANIFEST_TOOL=mt
ac_cv_prog_cc_arm_mv5sft_linux_gnueabi_gcc_c_o=yes
ac_cv_prog_cc_c89=
ac_cv_prog_cc_c99=-std=gnu99
ac_cv_prog_cc_g=yes
ac_cv_prog_cxx_g=yes
ac_cv_prog_libzmq_have_asciidoc=no
ac_cv_prog_libzmq_have_xmlto=no
ac_cv_prog_make_make_set=yes
ac_cv_type__Bool=no
ac_cv_type_signal=void
ac_cv_type_size_t=yes
ac_cv_type_ssize_t=yes
am_cv_CC_dependencies_compiler_type=gcc3
am_cv_CXX_dependencies_compiler_type=gcc3
am_cv_make_support_nested_variables=yes
am_cv_prog_tar_ustar=gnutar
libzmq_cv_c_clang_compiler=no
libzmq_cv_c_compiler_works=yes
libzmq_cv_c_gcc4_compiler=yes
libzmq_cv_c_intel_compiler=no
libzmq_cv_c_sun_studio_compiler=no
libzmq_cv_check_lang_flag_save_CPPFLAGS='-D_GNU_SOURCE -D_REENTRANT -D_THREAD_SAFE '
libzmq_cv_cxx_clang_compiler=no
libzmq_cv_cxx_compiler_works=yes
libzmq_cv_cxx_gcc4_compiler=yes
libzmq_cv_cxx_intel_compiler=no
libzmq_cv_cxx_strict_flag=-pedantic
libzmq_cv_cxx_sun_studio_compiler=no
libzmq_cv_cxx_supports_flag__fvisibility_hidden=yes
libzmq_cv_cxx_visibility_flag=-fvisibility=hidden
libzmq_cv_cxx_wall_flag=-Wall
libzmq_cv_cxx_werror_flag=-Werror
libzmq_cv_cxx_werror_flag_save=
libzmq_cv_have_poller_epoll=yes
libzmq_cv_have_poller_kqueue=no
libzmq_cv_poller=epoll
libzmq_cv_poller_flag=ZMQ_FORCE_EPOLL
libzmq_cv_so_keepalive=no
libzmq_cv_sock_cloexec=no
libzmq_cv_tcp_keepalive=no
libzmq_cv_tcp_keepcnt=no
libzmq_cv_tcp_keepidle=no
libzmq_cv_tcp_keepintvl=no
lt_cv_ar_at_file=@
lt_cv_archive_cmds_need_lc=no
lt_cv_deplibs_check_method=pass_all
lt_cv_file_magic_cmd='$MAGIC_CMD'
lt_cv_file_magic_test_file=
lt_cv_ld_reload_flag=-r
lt_cv_nm_interface='BSD nm'
lt_cv_objdir=.libs
lt_cv_path_LD=/home/wei/work/smg/marvell/arm-mv5sft-linux-gnueabi/bin/ld
lt_cv_path_LDCXX=/home/wei/work/smg/marvell/arm-mv5sft-linux-gnueabi/bin/ld
lt_cv_path_NM='/home/wei/work/smg/marvell/bin/arm-mv5sft-linux-gnueabi-nm -B'
lt_cv_path_mainfest_tool=no
lt_cv_prog_compiler_c_o=yes
lt_cv_prog_compiler_c_o_CXX=yes
lt_cv_prog_compiler_pic='-fPIC -DPIC'
lt_cv_prog_compiler_pic_CXX='-fPIC -DPIC'
lt_cv_prog_compiler_pic_works=yes
lt_cv_prog_compiler_pic_works_CXX=yes
lt_cv_prog_compiler_rtti_exceptions=no
lt_cv_prog_compiler_static_works=yes
lt_cv_prog_compiler_static_works_CXX=yes
lt_cv_prog_gnu_ld=yes
lt_cv_prog_gnu_ldcxx=yes
lt_cv_sharedlib_from_linklib_cmd='printf %s\n'
lt_cv_shlibpath_overrides_runpath=yes
lt_cv_sys_global_symbol_pipe='sed -n -e '\''s/^.*[	 ]\([ABCDGIRSTW][ABCDGIRSTW]*\)[	 ][	 ]*\([_A-Za-z][_A-Za-z0-9]*\)$/\1 \2 \2/p'\'' | sed '\''/ __gnu_lto/d'\'''
lt_cv_sys_global_symbol_to_c_name_address='sed -n -e '\''s/^: \([^ ]*\)[ ]*$/  {\"\1\", (void *) 0},/p'\'' -e '\''s/^[ABCDGIRSTW]* \([^ ]*\) \([^ ]*\)$/  {"\2", (void *) \&\2},/p'\'''
lt_cv_sys_global_symbol_to_c_name_address_lib_prefix='sed -n -e '\''s/^: \([^ ]*\)[ ]*$/  {\"\1\", (void *) 0},/p'\'' -e '\''s/^[ABCDGIRSTW]* \([^ ]*\) \(lib[^ ]*\)$/  {"\2", (void *) \&\2},/p'\'' -e '\''s/^[ABCDGIRSTW]* \([^ ]*\) \([^ ]*\)$/  {"lib\2", (void *) \&\2},/p'\'''
lt_cv_sys_global_symbol_to_cdecl='sed -n -e '\''s/^T .* \(.*\)$/extern int \1();/p'\'' -e '\''s/^[ABCDGIRSTW]* .* \(.*\)$/extern char \1;/p'\'''
lt_cv_sys_max_cmd_len=3458764513820540925
lt_cv_to_host_file_cmd=func_convert_file_noop
lt_cv_to_tool_file_cmd=func_convert_file_noop

## ----------------- ##
## Output variables. ##
## ----------------- ##

ACLOCAL='${SHELL} /home/wei/test/tunel/work/trike_zmq_connector/lib/zeromq-3.2.4/config/missing --run aclocal-1.11'
AMDEPBACKSLASH='\'
AMDEP_FALSE='#'
AMDEP_TRUE=''
AMTAR='$${TAR-tar}'
AM_BACKSLASH='\'
AM_DEFAULT_V='$(AM_DEFAULT_VERBOSITY)'
AM_DEFAULT_VERBOSITY='0'
AM_V='$(V)'
AR='arm-mv5sft-linux-gnueabi-ar'
AS='as'
ASCIIDOC=''
AUTOCONF='${SHELL} /home/wei/test/tunel/work/trike_zmq_connector/lib/zeromq-3.2.4/config/missing --run autoconf'
AUTOHEADER='${SHELL} /home/wei/test/tunel/work/trike_zmq_connector/lib/zeromq-3.2.4/config/missing --run autoheader'
AUTOMAKE='${SHELL} /home/wei/test/tunel/work/trike_zmq_connector/lib/zeromq-3.2.4/config/missing --run automake-1.11'
AWK='gawk'
BUILD_DOC_FALSE=''
BUILD_DOC_TRUE='#'
BUILD_PGM_FALSE=''
BUILD_PGM_TRUE='#'
CC='arm-mv5sft-linux-gnueabi-gcc -std=gnu99'
CCDEPMODE='depmode=gcc3'
CFLAGS='-g -O2'
CPP='arm-mv5sft-linux-gnueabi-gcc -std=gnu99 -E'
CPPFLAGS='-pedantic -Werror -Wall -D_GNU_SOURCE -D_REENTRANT -D_THREAD_SAFE  -DZMQ_FORCE_EPOLL'
CXX='arm-mv5sft-linux-gnueabi-g++'
CXXCPP='arm-mv5sft-linux-gnueabi-g++ -E'
CXXDEPMODE='depmode=gcc3'
CXXFLAGS='-g -O2'
CYGPATH_W='echo'
DEFS='-DHAVE_CONFIG_H'
DEPDIR='.deps'
DLLTOOL='dlltool'
DSYMUTIL=''
DUMPBIN=''
ECHO_C=''
ECHO_N='-n'
ECHO_T=''
EGREP='/bin/grep -E'
EXEEXT=''
FGREP='/bin/grep -F'
GREP='/bin/grep'
INSTALL_DATA='${INSTALL} -m 644'
INSTALL_MAN_FALSE='#'
INSTALL_MAN_TRUE=''
INSTALL_PROGRAM='${INSTALL}'
INSTALL_SCRIPT='${INSTALL}'
INSTALL_STRIP_PROGRAM='$(install_sh) -c -s'
LD='/home/wei/work/smg/marvell/arm-mv5sft-linux-gnueabi/bin/ld'
LDFLAGS=''
LIBOBJS=''
LIBS='-lrt -lpthread '
LIBTOOL='$(SHELL) $(top_builddir)/libtool'
LIBZMQ_EXTRA_CFLAGS=''
LIBZMQ_EXTRA_CXXFLAGS='-fvisibility=hidden '
LIBZMQ_EXTRA_LDFLAGS=''
LIPO=''
LN_S='ln -s'
LTLIBOBJS=''
LTVER='3:0:0'
MAKEINFO='${SHELL} /home/wei/test/tunel/work/trike_zmq_connector/lib/zeromq-3.2.4/config/missing --run makeinfo'
MANIFEST_TOOL=':'
MKDIR_P='/bin/mkdir -p'
NM='/home/wei/work/smg/marvell/bin/arm-mv5sft-linux-gnueabi-nm -B'
NMEDIT=''
OBJDUMP='objdump'
OBJEXT='o'
ON_ANDROID_FALSE=''
ON_ANDROID_TRUE='#'
ON_MINGW_FALSE=''
ON_MINGW_TRUE='#'
OTOOL64=''
OTOOL=''
OpenPGM_CFLAGS=''
OpenPGM_LIBS=''
PACKAGE='zeromq'
PACKAGE_BUGREPORT='zeromq-dev@lists.zeromq.org'
PACKAGE_NAME='zeromq'
PACKAGE_STRING='zeromq 3.2.4'
PACKAGE_TARNAME='zeromq'
PACKAGE_URL=''
PACKAGE_VERSION='3.2.4'
PATH_SEPARATOR=':'
PKG_CONFIG=''
PKG_CONFIG_LIBDIR=''
PKG_CONFIG_PATH=''
RANLIB='arm-mv5sft-linux-gnueabi-ranlib'
SED='/bin/sed'
SET_MAKE=''
SHELL='/bin/bash'
STRIP='arm-mv5sft-linux-gnueabi-strip'
VERSION='3.2.4'
XMLTO=''
ac_ct_AR=''
ac_ct_CC=''
ac_ct_CXX=''
ac_ct_DUMPBIN=''
am__EXEEXT_FALSE=''
am__EXEEXT_TRUE='#'
am__fastdepCC_FALSE='#'
am__fastdepCC_TRUE=''
am__fastdepCXX_FALSE='#'
am__fastdepCXX_TRUE=''
am__include='include'
am__isrc=''
am__leading_dot='.'
am__nodep='_no'
am__quote=''
am__tar='tar --format=ustar -chf - "$$tardir"'
am__untar='tar -xf -'
bindir='${exec_prefix}/bin'
build='x86_64-unknown-linux-gnu'
build_alias=''
build_cpu='x86_64'
build_os='linux-gnu'
build_vendor='unknown'
datadir='${datarootdir}'
datarootdir='${prefix}/share'
docdir='${datarootdir}/doc/${PACKAGE_TARNAME}'
dvidir='${docdir}'
exec_prefix='${prefix}'
host='arm-mv5sft-linux-gnueabi'
host_alias='arm-mv5sft-linux-gnueabi'
host_cpu='arm'
host_os='linux-gnueabi'
host_vendor='mv5sft'
htmldir='${docdir}'
includedir='/home/wei/test/tunel/work/trike_zmq_connector/include'
infodir='${datarootdir}/info'
install_sh='${SHELL} /home/wei/test/tunel/work/trike_zmq_connector/lib/zeromq-3.2.4/config/install-sh'
libdir='/home/wei/test/tunel/work/trike_zmq_connector/lib'
libexecdir='${exec_prefix}/libexec'
libzmq_have_asciidoc='no'
libzmq_have_xmlto='no'
localedir='${datarootdir}/locale'
localstatedir='${prefix}/var'
mandir='${datarootdir}/man'
mkdir_p='/bin/mkdir -p'
oldincludedir='/usr/include'
pdfdir='${docdir}'
pgm_basename='libpgm-5.1.118~dfsg'
pgm_srcdir=''
pgm_subdir=''
prefix='/home/wei/test/tunel/work/trike_zmq_connector/lib/zeromq-3.2.4'
program_transform_name='s,x,x,'
psdir='${docdir}'
sbindir='${exec_prefix}/sbin'
sharedstatedir='${prefix}/com'
subdirs=''
sysconfdir='${prefix}/etc'
target_alias=''

## ----------- ##
## confdefs.h. ##
## ----------- ##

/* confdefs.h */
#define PACKAGE_NAME "zeromq"
#define PACKAGE_TARNAME "zeromq"
#define PACKAGE_VERSION "3.2.4"
#define PACKAGE_STRING "zeromq 3.2.4"
#define PACKAGE_BUGREPORT "zeromq-dev@lists.zeromq.org"
#define PACKAGE_URL ""
#define PACKAGE "zeromq"
#define VERSION "3.2.4"
#define STDC_HEADERS 1
#define HAVE_SYS_TYPES_H 1
#define HAVE_SYS_STAT_H 1
#define HAVE_STDLIB_H 1
#define HAVE_STRING_H 1
#define HAVE_MEMORY_H 1
#define HAVE_STRINGS_H 1
#define HAVE_INTTYPES_H 1
#define HAVE_STDINT_H 1
#define HAVE_UNISTD_H 1
#define HAVE_DLFCN_H 1
#define LT_OBJDIR ".libs/"
#define HAVE_LIBPTHREAD 1
#define HAVE_LIBRT 1
#define ZMQ_HAVE_LINUX 1
#define STDC_HEADERS 1
#define HAVE_ERRNO_H 1
#define HAVE_ARPA_INET_H 1
#define HAVE_NETINET_TCP_H 1
#define HAVE_NETINET_IN_H 1
#define HAVE_STDDEF_H 1
#define HAVE_STDLIB_H 1
#define HAVE_STRING_H 1
#define HAVE_SYS_SOCKET_H 1
#define HAVE_SYS_TIME_H 1
#define HAVE_TIME_H 1
#define HAVE_UNISTD_H 1
#define HAVE_LIMITS_H 1
#define HAVE_IFADDRS_H 1
#define ZMQ_HAVE_IFADDRS 1
#define HAVE_SYS_UIO_H 1
#define ZMQ_HAVE_UIO 1
#define HAVE_SYS_EVENTFD_H 1
#define ZMQ_HAVE_EVENTFD 1
#define HAVE_STDBOOL_H 1
#define TIME_WITH_SYS_TIME 1
#define RETSIGTYPE void
#define HAVE_PERROR 1
#define HAVE_GETTIMEOFDAY 1
#define HAVE_CLOCK_GETTIME 1
#define HAVE_MEMSET 1
#define HAVE_SOCKET 1
#define HAVE_GETIFADDRS 1
#define HAVE_FREEIFADDRS 1
#define HAVE_ALLOCA_H 1

configure: exit 0
