This file contains any messages produced by compilers while
running configure, to aid debugging if configure makes a mistake.

It was created by protobuf-c configure 1.0.0-pre, which was
generated by GNU Autoconf 2.68.  Invocation command line was

  $ ./configure --host=arm-mv5sft-linux-gnueabi --prefix=/home/wei/test/tunel/work/trike_zmq_connector/lib/protobuf-2.5.0/ --libdir=/home/wei/test/tunel/work/trike_zmq_connector/lib --includedir=/home/wei/test/tunel/work/trike_zmq_connector/include --disable-protoc

## --------- ##
## Platform. ##
## --------- ##

hostname = leschev
uname -m = x86_64
uname -r = 3.8.0-29-generic
uname -s = Linux
uname -v = #42~precise1-Ubuntu SMP Wed Aug 14 16:19:23 UTC 2013

/usr/bin/uname -p = unknown
/bin/uname -X     = unknown

/bin/arch              = unknown
/usr/bin/arch -k       = unknown
/usr/convex/getsysinfo = unknown
/usr/bin/hostinfo      = unknown
/bin/machine           = unknown
/usr/bin/oslevel       = unknown
/bin/universe          = unknown

PATH: /usr/lib/lightdm/lightdm
PATH: /usr/local/sbin
PATH: /usr/local/bin
PATH: /usr/sbin
PATH: /usr/bin
PATH: /sbin
PATH: /bin
PATH: /usr/games
PATH: /home/wei/work/smg/marvell/bin
PATH: /home/wei/work/smg/armv7-marvell-linux-gnueabi-softfp_i686/bin
PATH: /home/wei/work/smg/marvell/bin
PATH: /home/wei/work/smg/armv7-marvell-linux-gnueabi-softfp_i686/bin


## ----------- ##
## Core tests. ##
## ----------- ##

configure:2434: checking for a BSD-compatible install
configure:2502: result: /usr/bin/install -c
configure:2513: checking whether build environment is sane
configure:2563: result: yes
configure:2612: checking for arm-mv5sft-linux-gnueabi-strip
configure:2628: found /home/wei/work/smg/marvell/bin/arm-mv5sft-linux-gnueabi-strip
configure:2639: result: arm-mv5sft-linux-gnueabi-strip
configure:2704: checking for a thread-safe mkdir -p
configure:2743: result: /bin/mkdir -p
configure:2756: checking for gawk
configure:2772: found /usr/bin/gawk
configure:2783: result: gawk
configure:2794: checking whether make sets $(MAKE)
configure:2816: result: yes
configure:2845: checking whether make supports nested variables
configure:2862: result: yes
configure:2947: checking for style of include used by make
configure:2975: result: GNU
configure:3006: checking for arm-mv5sft-linux-gnueabi-gcc
configure:3033: result: arm-mv5sft-linux-gnueabi-gcc
configure:3302: checking for C compiler version
configure:3311: arm-mv5sft-linux-gnueabi-gcc --version >&5
arm-mv5sft-linux-gnueabi-gcc (sdk3.2rc1-ct-ng-1.4.1) 4.3.2
Copyright (C) 2008 Free Software Foundation, Inc.
This is free software; see the source for copying conditions.  There is NO
warranty; not even for MERCHANTABILITY or FITNESS FOR A PARTICULAR PURPOSE.

configure:3322: $? = 0
configure:3311: arm-mv5sft-linux-gnueabi-gcc -v >&5
Using built-in specs.
Target: arm-mv5sft-linux-gnueabi
Configured with: /home/seugene/sdk/targets/src/gcc-4.3.2/configure --build=i486-build_pc-linux-gnu --host=i486-build_pc-linux-gnu --target=arm-mv5sft-linux-gnueabi --prefix=/home/seugene/sdk/targets/arm-mv5sft-linux-gnueabi/cross --with-sysroot=/home/seugene/sdk/targets/arm-mv5sft-linux-gnueabi/cross/arm-mv5sft-linux-gnueabi//sys-root --enable-languages=c,c++,fortran,java --disable-multilib --with-arch=armv5te --with-float=soft --with-gmp=/home/seugene/sdk/targets/arm-mv5sft-linux-gnueabi/cross --with-mpfr=/home/seugene/sdk/targets/arm-mv5sft-linux-gnueabi/cross --with-pkgversion=sdk3.2rc1-ct-ng-1.4.1 --disable-sjlj-exceptions --enable-__cxa_atexit --with-local-prefix=/home/seugene/sdk/targets/arm-mv5sft-linux-gnueabi/cross/arm-mv5sft-linux-gnueabi//sys-root --disable-nls --enable-threads=posix --enable-symvers=gnu --enable-c99 --enable-long-long --enable-target-optspace
Thread model: posix
gcc version 4.3.2 (sdk3.2rc1-ct-ng-1.4.1) 
configure:3322: $? = 0
configure:3311: arm-mv5sft-linux-gnueabi-gcc -V >&5
arm-mv5sft-linux-gnueabi-gcc: '-V' option must have argument
configure:3322: $? = 1
configure:3311: arm-mv5sft-linux-gnueabi-gcc -qversion >&5
arm-mv5sft-linux-gnueabi-gcc: unrecognized option '-qversion'
arm-mv5sft-linux-gnueabi-gcc: no input files
configure:3322: $? = 1
configure:3342: checking whether the C compiler works
configure:3364: arm-mv5sft-linux-gnueabi-gcc    conftest.c  >&5
configure:3368: $? = 0
configure:3416: result: yes
configure:3419: checking for C compiler default output file name
configure:3421: result: a.out
configure:3427: checking for suffix of executables
configure:3434: arm-mv5sft-linux-gnueabi-gcc -o conftest    conftest.c  >&5
configure:3438: $? = 0
configure:3460: result: 
configure:3482: checking whether we are cross compiling
configure:3490: arm-mv5sft-linux-gnueabi-gcc -o conftest    conftest.c  >&5
configure:3494: $? = 0
configure:3501: ./conftest
./configure: line 3503: ./conftest: cannot execute binary file
configure:3505: $? = 126
configure:3520: result: yes
configure:3525: checking for suffix of object files
configure:3547: arm-mv5sft-linux-gnueabi-gcc -c   conftest.c >&5
configure:3551: $? = 0
configure:3572: result: o
configure:3576: checking whether we are using the GNU C compiler
configure:3595: arm-mv5sft-linux-gnueabi-gcc -c   conftest.c >&5
configure:3595: $? = 0
configure:3604: result: yes
configure:3613: checking whether arm-mv5sft-linux-gnueabi-gcc accepts -g
configure:3633: arm-mv5sft-linux-gnueabi-gcc -c -g  conftest.c >&5
configure:3633: $? = 0
configure:3674: result: yes
configure:3691: checking for arm-mv5sft-linux-gnueabi-gcc option to accept ISO C89
configure:3755: arm-mv5sft-linux-gnueabi-gcc  -c -g -O2  conftest.c >&5
configure:3755: $? = 0
configure:3768: result: none needed
configure:3790: checking dependency style of arm-mv5sft-linux-gnueabi-gcc
configure:3901: result: gcc3
configure:3920: checking for arm-mv5sft-linux-gnueabi-gcc option to accept ISO C99
configure:4069: arm-mv5sft-linux-gnueabi-gcc  -c -g -O2  conftest.c >&5
conftest.c:61: error: expected ';', ',' or ')' before 'text'
conftest.c: In function 'main':
conftest.c:115: error: expected '=', ',', ';', 'asm' or '__attribute__' before 'newvar'
conftest.c:115: error: 'newvar' undeclared (first use in this function)
conftest.c:115: error: (Each undeclared identifier is reported only once
conftest.c:115: error: for each function it appears in.)
conftest.c:125: error: 'for' loop initial declaration used outside C99 mode
configure:4069: $? = 1
configure: failed program was:
| /* confdefs.h */
| #define PACKAGE_NAME "protobuf-c"
| #define PACKAGE_TARNAME "protobuf-c"
| #define PACKAGE_VERSION "1.0.0-pre"
| #define PACKAGE_STRING "protobuf-c 1.0.0-pre"
| #define PACKAGE_BUGREPORT ""
| #define PACKAGE_URL ""
| #define PACKAGE "protobuf-c"
| #define VERSION "1.0.0-pre"
| /* end confdefs.h.  */
| #include <stdarg.h>
| #include <stdbool.h>
| #include <stdlib.h>
| #include <wchar.h>
| #include <stdio.h>
| 
| // Check varargs macros.  These examples are taken from C99 6.10.3.5.
| #define debug(...) fprintf (stderr, __VA_ARGS__)
| #define showlist(...) puts (#__VA_ARGS__)
| #define report(test,...) ((test) ? puts (#test) : printf (__VA_ARGS__))
| static void
| test_varargs_macros (void)
| {
|   int x = 1234;
|   int y = 5678;
|   debug ("Flag");
|   debug ("X = %d\n", x);
|   showlist (The first, second, and third items.);
|   report (x>y, "x is %d but y is %d", x, y);
| }
| 
| // Check long long types.
| #define BIG64 18446744073709551615ull
| #define BIG32 4294967295ul
| #define BIG_OK (BIG64 / BIG32 == 4294967297ull && BIG64 % BIG32 == 0)
| #if !BIG_OK
|   your preprocessor is broken;
| #endif
| #if BIG_OK
| #else
|   your preprocessor is broken;
| #endif
| static long long int bignum = -9223372036854775807LL;
| static unsigned long long int ubignum = BIG64;
| 
| struct incomplete_array
| {
|   int datasize;
|   double data[];
| };
| 
| struct named_init {
|   int number;
|   const wchar_t *name;
|   double average;
| };
| 
| typedef const char *ccp;
| 
| static inline int
| test_restrict (ccp restrict text)
| {
|   // See if C++-style comments work.
|   // Iterate through items via the restricted pointer.
|   // Also check for declarations in for loops.
|   for (unsigned int i = 0; *(text+i) != '\0'; ++i)
|     continue;
|   return 0;
| }
| 
| // Check varargs and va_copy.
| static void
| test_varargs (const char *format, ...)
| {
|   va_list args;
|   va_start (args, format);
|   va_list args_copy;
|   va_copy (args_copy, args);
| 
|   const char *str;
|   int number;
|   float fnumber;
| 
|   while (*format)
|     {
|       switch (*format++)
| 	{
| 	case 's': // string
| 	  str = va_arg (args_copy, const char *);
| 	  break;
| 	case 'd': // int
| 	  number = va_arg (args_copy, int);
| 	  break;
| 	case 'f': // float
| 	  fnumber = va_arg (args_copy, double);
| 	  break;
| 	default:
| 	  break;
| 	}
|     }
|   va_end (args_copy);
|   va_end (args);
| }
| 
| int
| main ()
| {
| 
|   // Check bool.
|   _Bool success = false;
| 
|   // Check restrict.
|   if (test_restrict ("String literal") == 0)
|     success = true;
|   char *restrict newvar = "Another string";
| 
|   // Check varargs.
|   test_varargs ("s, d' f .", "string", 65, 34.234);
|   test_varargs_macros ();
| 
|   // Check flexible array members.
|   struct incomplete_array *ia =
|     malloc (sizeof (struct incomplete_array) + (sizeof (double) * 10));
|   ia->datasize = 10;
|   for (int i = 0; i < ia->datasize; ++i)
|     ia->data[i] = i * 1.234;
| 
|   // Check named initializers.
|   struct named_init ni = {
|     .number = 34,
|     .name = L"Test wide string",
|     .average = 543.34343,
|   };
| 
|   ni.number = 58;
| 
|   int dynamic_array[ni.number];
|   dynamic_array[ni.number - 1] = 543;
| 
|   // work around unused variable warnings
|   return (!success || bignum == 0LL || ubignum == 0uLL || newvar[0] == 'x'
| 	  || dynamic_array[ni.number - 1] != 543);
| 
|   ;
|   return 0;
| }
configure:4069: arm-mv5sft-linux-gnueabi-gcc -std=gnu99 -c -g -O2  conftest.c >&5
configure:4069: $? = 0
configure:4089: result: -std=gnu99
configure:4191: checking for arm-mv5sft-linux-gnueabi-gcc -std=gnu99 option to accept ISO Standard C
configure:4205: result: -std=gnu99
configure:4223: checking for arm-mv5sft-linux-gnueabi-g++
configure:4239: found /home/wei/work/smg/marvell/bin/arm-mv5sft-linux-gnueabi-g++
configure:4250: result: arm-mv5sft-linux-gnueabi-g++
configure:4321: checking for C++ compiler version
configure:4330: arm-mv5sft-linux-gnueabi-g++ --version >&5
arm-mv5sft-linux-gnueabi-g++ (sdk3.2rc1-ct-ng-1.4.1) 4.3.2
Copyright (C) 2008 Free Software Foundation, Inc.
This is free software; see the source for copying conditions.  There is NO
warranty; not even for MERCHANTABILITY or FITNESS FOR A PARTICULAR PURPOSE.

configure:4341: $? = 0
configure:4330: arm-mv5sft-linux-gnueabi-g++ -v >&5
Using built-in specs.
Target: arm-mv5sft-linux-gnueabi
Configured with: /home/seugene/sdk/targets/src/gcc-4.3.2/configure --build=i486-build_pc-linux-gnu --host=i486-build_pc-linux-gnu --target=arm-mv5sft-linux-gnueabi --prefix=/home/seugene/sdk/targets/arm-mv5sft-linux-gnueabi/cross --with-sysroot=/home/seugene/sdk/targets/arm-mv5sft-linux-gnueabi/cross/arm-mv5sft-linux-gnueabi//sys-root --enable-languages=c,c++,fortran,java --disable-multilib --with-arch=armv5te --with-float=soft --with-gmp=/home/seugene/sdk/targets/arm-mv5sft-linux-gnueabi/cross --with-mpfr=/home/seugene/sdk/targets/arm-mv5sft-linux-gnueabi/cross --with-pkgversion=sdk3.2rc1-ct-ng-1.4.1 --disable-sjlj-exceptions --enable-__cxa_atexit --with-local-prefix=/home/seugene/sdk/targets/arm-mv5sft-linux-gnueabi/cross/arm-mv5sft-linux-gnueabi//sys-root --disable-nls --enable-threads=posix --enable-symvers=gnu --enable-c99 --enable-long-long --enable-target-optspace
Thread model: posix
gcc version 4.3.2 (sdk3.2rc1-ct-ng-1.4.1) 
configure:4341: $? = 0
configure:4330: arm-mv5sft-linux-gnueabi-g++ -V >&5
arm-mv5sft-linux-gnueabi-g++: '-V' option must have argument
configure:4341: $? = 1
configure:4330: arm-mv5sft-linux-gnueabi-g++ -qversion >&5
arm-mv5sft-linux-gnueabi-g++: unrecognized option '-qversion'
arm-mv5sft-linux-gnueabi-g++: no input files
configure:4341: $? = 1
configure:4345: checking whether we are using the GNU C++ compiler
configure:4364: arm-mv5sft-linux-gnueabi-g++ -c   conftest.cpp >&5
configure:4364: $? = 0
configure:4373: result: yes
configure:4382: checking whether arm-mv5sft-linux-gnueabi-g++ accepts -g
configure:4402: arm-mv5sft-linux-gnueabi-g++ -c -g  conftest.cpp >&5
configure:4402: $? = 0
configure:4443: result: yes
configure:4468: checking dependency style of arm-mv5sft-linux-gnueabi-g++
configure:4579: result: gcc3
configure:4594: checking whether ln -s works
configure:4598: result: yes
configure:4612: checking how to run the C preprocessor
configure:4643: arm-mv5sft-linux-gnueabi-gcc -std=gnu99 -E  conftest.c
configure:4643: $? = 0
configure:4657: arm-mv5sft-linux-gnueabi-gcc -std=gnu99 -E  conftest.c
conftest.c:11:28: error: ac_nonexistent.h: No such file or directory
configure:4657: $? = 1
configure: failed program was:
| /* confdefs.h */
| #define PACKAGE_NAME "protobuf-c"
| #define PACKAGE_TARNAME "protobuf-c"
| #define PACKAGE_VERSION "1.0.0-pre"
| #define PACKAGE_STRING "protobuf-c 1.0.0-pre"
| #define PACKAGE_BUGREPORT ""
| #define PACKAGE_URL ""
| #define PACKAGE "protobuf-c"
| #define VERSION "1.0.0-pre"
| /* end confdefs.h.  */
| #include <ac_nonexistent.h>
configure:4682: result: arm-mv5sft-linux-gnueabi-gcc -std=gnu99 -E
configure:4702: arm-mv5sft-linux-gnueabi-gcc -std=gnu99 -E  conftest.c
configure:4702: $? = 0
configure:4716: arm-mv5sft-linux-gnueabi-gcc -std=gnu99 -E  conftest.c
conftest.c:11:28: error: ac_nonexistent.h: No such file or directory
configure:4716: $? = 1
configure: failed program was:
| /* confdefs.h */
| #define PACKAGE_NAME "protobuf-c"
| #define PACKAGE_TARNAME "protobuf-c"
| #define PACKAGE_VERSION "1.0.0-pre"
| #define PACKAGE_STRING "protobuf-c 1.0.0-pre"
| #define PACKAGE_BUGREPORT ""
| #define PACKAGE_URL ""
| #define PACKAGE "protobuf-c"
| #define VERSION "1.0.0-pre"
| /* end confdefs.h.  */
| #include <ac_nonexistent.h>
configure:4745: checking for grep that handles long lines and -e
configure:4803: result: /bin/grep
configure:4808: checking for egrep
configure:4870: result: /bin/grep -E
configure:4875: checking for ANSI C header files
configure:4895: arm-mv5sft-linux-gnueabi-gcc -std=gnu99 -c -g -O2  conftest.c >&5
configure:4895: $? = 0
configure:4979: result: yes
configure:4992: checking for sys/types.h
configure:4992: arm-mv5sft-linux-gnueabi-gcc -std=gnu99 -c -g -O2  conftest.c >&5
configure:4992: $? = 0
configure:4992: result: yes
configure:4992: checking for sys/stat.h
configure:4992: arm-mv5sft-linux-gnueabi-gcc -std=gnu99 -c -g -O2  conftest.c >&5
configure:4992: $? = 0
configure:4992: result: yes
configure:4992: checking for stdlib.h
configure:4992: arm-mv5sft-linux-gnueabi-gcc -std=gnu99 -c -g -O2  conftest.c >&5
configure:4992: $? = 0
configure:4992: result: yes
configure:4992: checking for string.h
configure:4992: arm-mv5sft-linux-gnueabi-gcc -std=gnu99 -c -g -O2  conftest.c >&5
configure:4992: $? = 0
configure:4992: result: yes
configure:4992: checking for memory.h
configure:4992: arm-mv5sft-linux-gnueabi-gcc -std=gnu99 -c -g -O2  conftest.c >&5
configure:4992: $? = 0
configure:4992: result: yes
configure:4992: checking for strings.h
configure:4992: arm-mv5sft-linux-gnueabi-gcc -std=gnu99 -c -g -O2  conftest.c >&5
configure:4992: $? = 0
configure:4992: result: yes
configure:4992: checking for inttypes.h
configure:4992: arm-mv5sft-linux-gnueabi-gcc -std=gnu99 -c -g -O2  conftest.c >&5
configure:4992: $? = 0
configure:4992: result: yes
configure:4992: checking for stdint.h
configure:4992: arm-mv5sft-linux-gnueabi-gcc -std=gnu99 -c -g -O2  conftest.c >&5
configure:4992: $? = 0
configure:4992: result: yes
configure:4992: checking for unistd.h
configure:4992: arm-mv5sft-linux-gnueabi-gcc -std=gnu99 -c -g -O2  conftest.c >&5
configure:4992: $? = 0
configure:4992: result: yes
configure:5005: checking minix/config.h usability
configure:5005: arm-mv5sft-linux-gnueabi-gcc -std=gnu99 -c -g -O2  conftest.c >&5
conftest.c:54:26: error: minix/config.h: No such file or directory
configure:5005: $? = 1
configure: failed program was:
| /* confdefs.h */
| #define PACKAGE_NAME "protobuf-c"
| #define PACKAGE_TARNAME "protobuf-c"
| #define PACKAGE_VERSION "1.0.0-pre"
| #define PACKAGE_STRING "protobuf-c 1.0.0-pre"
| #define PACKAGE_BUGREPORT ""
| #define PACKAGE_URL ""
| #define PACKAGE "protobuf-c"
| #define VERSION "1.0.0-pre"
| #define STDC_HEADERS 1
| #define HAVE_SYS_TYPES_H 1
| #define HAVE_SYS_STAT_H 1
| #define HAVE_STDLIB_H 1
| #define HAVE_STRING_H 1
| #define HAVE_MEMORY_H 1
| #define HAVE_STRINGS_H 1
| #define HAVE_INTTYPES_H 1
| #define HAVE_STDINT_H 1
| #define HAVE_UNISTD_H 1
| /* end confdefs.h.  */
| #include <stdio.h>
| #ifdef HAVE_SYS_TYPES_H
| # include <sys/types.h>
| #endif
| #ifdef HAVE_SYS_STAT_H
| # include <sys/stat.h>
| #endif
| #ifdef STDC_HEADERS
| # include <stdlib.h>
| # include <stddef.h>
| #else
| # ifdef HAVE_STDLIB_H
| #  include <stdlib.h>
| # endif
| #endif
| #ifdef HAVE_STRING_H
| # if !defined STDC_HEADERS && defined HAVE_MEMORY_H
| #  include <memory.h>
| # endif
| # include <string.h>
| #endif
| #ifdef HAVE_STRINGS_H
| # include <strings.h>
| #endif
| #ifdef HAVE_INTTYPES_H
| # include <inttypes.h>
| #endif
| #ifdef HAVE_STDINT_H
| # include <stdint.h>
| #endif
| #ifdef HAVE_UNISTD_H
| # include <unistd.h>
| #endif
| #include <minix/config.h>
configure:5005: result: no
configure:5005: checking minix/config.h presence
configure:5005: arm-mv5sft-linux-gnueabi-gcc -std=gnu99 -E  conftest.c
conftest.c:21:26: error: minix/config.h: No such file or directory
configure:5005: $? = 1
configure: failed program was:
| /* confdefs.h */
| #define PACKAGE_NAME "protobuf-c"
| #define PACKAGE_TARNAME "protobuf-c"
| #define PACKAGE_VERSION "1.0.0-pre"
| #define PACKAGE_STRING "protobuf-c 1.0.0-pre"
| #define PACKAGE_BUGREPORT ""
| #define PACKAGE_URL ""
| #define PACKAGE "protobuf-c"
| #define VERSION "1.0.0-pre"
| #define STDC_HEADERS 1
| #define HAVE_SYS_TYPES_H 1
| #define HAVE_SYS_STAT_H 1
| #define HAVE_STDLIB_H 1
| #define HAVE_STRING_H 1
| #define HAVE_MEMORY_H 1
| #define HAVE_STRINGS_H 1
| #define HAVE_INTTYPES_H 1
| #define HAVE_STDINT_H 1
| #define HAVE_UNISTD_H 1
| /* end confdefs.h.  */
| #include <minix/config.h>
configure:5005: result: no
configure:5005: checking for minix/config.h
configure:5005: result: no
configure:5026: checking whether it is safe to define __EXTENSIONS__
configure:5044: arm-mv5sft-linux-gnueabi-gcc -std=gnu99 -c -g -O2  conftest.c >&5
configure:5044: $? = 0
configure:5051: result: yes
configure:5072: checking for special C compiler options needed for large files
configure:5117: result: no
configure:5123: checking for _FILE_OFFSET_BITS value needed for large files
configure:5148: arm-mv5sft-linux-gnueabi-gcc -std=gnu99 -c -g -O2  conftest.c >&5
conftest.c:32: warning: left shift count >= width of type
conftest.c:32: warning: left shift count >= width of type
conftest.c:34: error: size of array 'off_t_is_large' is negative
configure:5148: $? = 1
configure: failed program was:
| /* confdefs.h */
| #define PACKAGE_NAME "protobuf-c"
| #define PACKAGE_TARNAME "protobuf-c"
| #define PACKAGE_VERSION "1.0.0-pre"
| #define PACKAGE_STRING "protobuf-c 1.0.0-pre"
| #define PACKAGE_BUGREPORT ""
| #define PACKAGE_URL ""
| #define PACKAGE "protobuf-c"
| #define VERSION "1.0.0-pre"
| #define STDC_HEADERS 1
| #define HAVE_SYS_TYPES_H 1
| #define HAVE_SYS_STAT_H 1
| #define HAVE_STDLIB_H 1
| #define HAVE_STRING_H 1
| #define HAVE_MEMORY_H 1
| #define HAVE_STRINGS_H 1
| #define HAVE_INTTYPES_H 1
| #define HAVE_STDINT_H 1
| #define HAVE_UNISTD_H 1
| #define __EXTENSIONS__ 1
| #define _ALL_SOURCE 1
| #define _GNU_SOURCE 1
| #define _POSIX_PTHREAD_SEMANTICS 1
| #define _TANDEM_SOURCE 1
| /* end confdefs.h.  */
| #include <sys/types.h>
|  /* Check that off_t can represent 2**63 - 1 correctly.
|     We can't simply define LARGE_OFF_T to be 9223372036854775807,
|     since some C++ compilers masquerading as C compilers
|     incorrectly reject 9223372036854775807.  */
| #define LARGE_OFF_T (((off_t) 1 << 62) - 1 + ((off_t) 1 << 62))
|   int off_t_is_large[(LARGE_OFF_T % 2147483629 == 721
| 		       && LARGE_OFF_T % 2147483647 == 1)
| 		      ? 1 : -1];
| int
| main ()
| {
| 
|   ;
|   return 0;
| }
configure:5172: arm-mv5sft-linux-gnueabi-gcc -std=gnu99 -c -g -O2  conftest.c >&5
configure:5172: $? = 0
configure:5180: result: 64
configure:5275: checking whether make supports nested variables
configure:5292: result: yes
configure:5332: checking build system type
configure:5346: result: x86_64-unknown-linux-gnu
configure:5366: checking host system type
configure:5379: result: arm-mv5sft-linux-gnueabi
configure:5420: checking how to print strings
configure:5447: result: printf
configure:5468: checking for a sed that does not truncate output
configure:5532: result: /bin/sed
configure:5550: checking for fgrep
configure:5612: result: /bin/grep -F
configure:5647: checking for ld used by arm-mv5sft-linux-gnueabi-gcc -std=gnu99
configure:5714: result: /home/wei/work/smg/marvell/arm-mv5sft-linux-gnueabi/bin/ld
configure:5721: checking if the linker (/home/wei/work/smg/marvell/arm-mv5sft-linux-gnueabi/bin/ld) is GNU ld
configure:5736: result: yes
configure:5748: checking for BSD- or MS-compatible name lister (nm)
configure:5797: result: /home/wei/work/smg/marvell/bin/arm-mv5sft-linux-gnueabi-nm -B
configure:5927: checking the name lister (/home/wei/work/smg/marvell/bin/arm-mv5sft-linux-gnueabi-nm -B) interface
configure:5934: arm-mv5sft-linux-gnueabi-gcc -std=gnu99 -c -g -O2  conftest.c >&5
configure:5937: /home/wei/work/smg/marvell/bin/arm-mv5sft-linux-gnueabi-nm -B "conftest.o"
configure:5940: output
00000000 B some_variable
configure:5947: result: BSD nm
configure:5951: checking the maximum length of command line arguments
configure:6081: result: 3458764513820540925
configure:6098: checking whether the shell understands some XSI constructs
configure:6108: result: yes
configure:6112: checking whether the shell understands "+="
configure:6118: result: yes
configure:6153: checking how to convert x86_64-unknown-linux-gnu file names to arm-mv5sft-linux-gnueabi format
configure:6193: result: func_convert_file_noop
configure:6200: checking how to convert x86_64-unknown-linux-gnu file names to toolchain format
configure:6220: result: func_convert_file_noop
configure:6227: checking for /home/wei/work/smg/marvell/arm-mv5sft-linux-gnueabi/bin/ld option to reload object files
configure:6234: result: -r
configure:6268: checking for arm-mv5sft-linux-gnueabi-objdump
configure:6284: found /home/wei/work/smg/marvell/bin/arm-mv5sft-linux-gnueabi-objdump
configure:6295: result: arm-mv5sft-linux-gnueabi-objdump
configure:6367: checking how to recognize dependent libraries
configure:6569: result: pass_all
configure:6614: checking for arm-mv5sft-linux-gnueabi-dlltool
configure:6644: result: no
configure:6654: checking for dlltool
configure:6684: result: no
configure:6714: checking how to associate runtime and link libraries
configure:6741: result: printf %s\n
configure:6757: checking for arm-mv5sft-linux-gnueabi-ar
configure:6773: found /home/wei/work/smg/marvell/bin/arm-mv5sft-linux-gnueabi-ar
configure:6784: result: arm-mv5sft-linux-gnueabi-ar
configure:6865: checking for archiver @FILE support
configure:6882: arm-mv5sft-linux-gnueabi-gcc -std=gnu99 -c -g -O2  conftest.c >&5
configure:6882: $? = 0
configure:6885: arm-mv5sft-linux-gnueabi-ar cru libconftest.a @conftest.lst >&5
configure:6888: $? = 0
configure:6893: arm-mv5sft-linux-gnueabi-ar cru libconftest.a @conftest.lst >&5
arm-mv5sft-linux-gnueabi-ar: conftest.o: No such file or directory
configure:6896: $? = 1
configure:6908: result: @
configure:6926: checking for arm-mv5sft-linux-gnueabi-strip
configure:6953: result: arm-mv5sft-linux-gnueabi-strip
configure:7025: checking for arm-mv5sft-linux-gnueabi-ranlib
configure:7041: found /home/wei/work/smg/marvell/bin/arm-mv5sft-linux-gnueabi-ranlib
configure:7052: result: arm-mv5sft-linux-gnueabi-ranlib
configure:7194: checking command to parse /home/wei/work/smg/marvell/bin/arm-mv5sft-linux-gnueabi-nm -B output from arm-mv5sft-linux-gnueabi-gcc -std=gnu99 object
configure:7314: arm-mv5sft-linux-gnueabi-gcc -std=gnu99 -c -g -O2  conftest.c >&5
configure:7317: $? = 0
configure:7321: /home/wei/work/smg/marvell/bin/arm-mv5sft-linux-gnueabi-nm -B conftest.o \| sed -n -e 's/^.*[ ]\([ABCDGIRSTW][ABCDGIRSTW]*\)[ ][ ]*\([_A-Za-z][_A-Za-z0-9]*\)$/\1 \2 \2/p' | sed '/ __gnu_lto/d' \> conftest.nm
configure:7324: $? = 0
configure:7390: arm-mv5sft-linux-gnueabi-gcc -std=gnu99 -o conftest -g -O2   conftest.c conftstm.o >&5
configure:7393: $? = 0
configure:7431: result: ok
configure:7468: checking for sysroot
configure:7498: result: no
configure:7714: checking for arm-mv5sft-linux-gnueabi-mt
configure:7744: result: no
configure:7754: checking for mt
configure:7770: found /bin/mt
configure:7781: result: mt
configure:7793: WARNING: using cross tools not prefixed with host triplet
configure:7804: checking if mt is a manifest tool
configure:7810: mt '-?'
configure:7818: result: no
configure:8457: checking for dlfcn.h
configure:8457: arm-mv5sft-linux-gnueabi-gcc -std=gnu99 -c -g -O2  conftest.c >&5
configure:8457: $? = 0
configure:8457: result: yes
configure:8674: checking for objdir
configure:8689: result: .libs
configure:8960: checking if arm-mv5sft-linux-gnueabi-gcc -std=gnu99 supports -fno-rtti -fno-exceptions
configure:8978: arm-mv5sft-linux-gnueabi-gcc -std=gnu99 -c -g -O2  -fno-rtti -fno-exceptions conftest.c >&5
cc1: warning: command line option "-fno-rtti" is valid for C++/ObjC++ but not for C
configure:8982: $? = 0
configure:8995: result: no
configure:9322: checking for arm-mv5sft-linux-gnueabi-gcc -std=gnu99 option to produce PIC
configure:9329: result: -fPIC -DPIC
configure:9337: checking if arm-mv5sft-linux-gnueabi-gcc -std=gnu99 PIC flag -fPIC -DPIC works
configure:9355: arm-mv5sft-linux-gnueabi-gcc -std=gnu99 -c -g -O2  -fPIC -DPIC -DPIC conftest.c >&5
configure:9359: $? = 0
configure:9372: result: yes
configure:9401: checking if arm-mv5sft-linux-gnueabi-gcc -std=gnu99 static flag -static works
configure:9429: result: yes
configure:9444: checking if arm-mv5sft-linux-gnueabi-gcc -std=gnu99 supports -c -o file.o
configure:9465: arm-mv5sft-linux-gnueabi-gcc -std=gnu99 -c -g -O2  -o out/conftest2.o conftest.c >&5
configure:9469: $? = 0
configure:9491: result: yes
configure:9499: checking if arm-mv5sft-linux-gnueabi-gcc -std=gnu99 supports -c -o file.o
configure:9546: result: yes
configure:9579: checking whether the arm-mv5sft-linux-gnueabi-gcc -std=gnu99 linker (/home/wei/work/smg/marvell/arm-mv5sft-linux-gnueabi/bin/ld) supports shared libraries
configure:10736: result: yes
configure:10773: checking whether -lc should be explicitly linked in
configure:10781: arm-mv5sft-linux-gnueabi-gcc -std=gnu99 -c -g -O2  conftest.c >&5
configure:10784: $? = 0
configure:10799: arm-mv5sft-linux-gnueabi-gcc -std=gnu99 -shared  -fPIC -DPIC conftest.o  -v -Wl,-soname -Wl,conftest -o conftest 2\>\&1 \| /bin/grep  -lc  \>/dev/null 2\>\&1
configure:10802: $? = 0
configure:10816: result: no
configure:10976: checking dynamic linker characteristics
configure:11487: arm-mv5sft-linux-gnueabi-gcc -std=gnu99 -o conftest -g -O2   -Wl,-rpath -Wl,/foo conftest.c  >&5
configure:11487: $? = 0
configure:11721: result: GNU/Linux ld.so
configure:11828: checking how to hardcode library paths into programs
configure:11853: result: immediate
configure:12393: checking whether stripping libraries is possible
configure:12398: result: yes
configure:12433: checking if libtool supports shared libraries
configure:12435: result: yes
configure:12438: checking whether to build shared libraries
configure:12459: result: yes
configure:12462: checking whether to build static libraries
configure:12466: result: yes
configure:12489: checking how to run the C++ preprocessor
configure:12516: arm-mv5sft-linux-gnueabi-g++ -E  conftest.cpp
configure:12516: $? = 0
configure:12530: arm-mv5sft-linux-gnueabi-g++ -E  conftest.cpp
conftest.cpp:29:28: error: ac_nonexistent.h: No such file or directory
configure:12530: $? = 1
configure: failed program was:
| /* confdefs.h */
| #define PACKAGE_NAME "protobuf-c"
| #define PACKAGE_TARNAME "protobuf-c"
| #define PACKAGE_VERSION "1.0.0-pre"
| #define PACKAGE_STRING "protobuf-c 1.0.0-pre"
| #define PACKAGE_BUGREPORT ""
| #define PACKAGE_URL ""
| #define PACKAGE "protobuf-c"
| #define VERSION "1.0.0-pre"
| #define STDC_HEADERS 1
| #define HAVE_SYS_TYPES_H 1
| #define HAVE_SYS_STAT_H 1
| #define HAVE_STDLIB_H 1
| #define HAVE_STRING_H 1
| #define HAVE_MEMORY_H 1
| #define HAVE_STRINGS_H 1
| #define HAVE_INTTYPES_H 1
| #define HAVE_STDINT_H 1
| #define HAVE_UNISTD_H 1
| #define __EXTENSIONS__ 1
| #define _ALL_SOURCE 1
| #define _GNU_SOURCE 1
| #define _POSIX_PTHREAD_SEMANTICS 1
| #define _TANDEM_SOURCE 1
| #define _FILE_OFFSET_BITS 64
| #define HAVE_DLFCN_H 1
| #define LT_OBJDIR ".libs/"
| /* end confdefs.h.  */
| #include <ac_nonexistent.h>
configure:12555: result: arm-mv5sft-linux-gnueabi-g++ -E
configure:12575: arm-mv5sft-linux-gnueabi-g++ -E  conftest.cpp
configure:12575: $? = 0
configure:12589: arm-mv5sft-linux-gnueabi-g++ -E  conftest.cpp
conftest.cpp:29:28: error: ac_nonexistent.h: No such file or directory
configure:12589: $? = 1
configure: failed program was:
| /* confdefs.h */
| #define PACKAGE_NAME "protobuf-c"
| #define PACKAGE_TARNAME "protobuf-c"
| #define PACKAGE_VERSION "1.0.0-pre"
| #define PACKAGE_STRING "protobuf-c 1.0.0-pre"
| #define PACKAGE_BUGREPORT ""
| #define PACKAGE_URL ""
| #define PACKAGE "protobuf-c"
| #define VERSION "1.0.0-pre"
| #define STDC_HEADERS 1
| #define HAVE_SYS_TYPES_H 1
| #define HAVE_SYS_STAT_H 1
| #define HAVE_STDLIB_H 1
| #define HAVE_STRING_H 1
| #define HAVE_MEMORY_H 1
| #define HAVE_STRINGS_H 1
| #define HAVE_INTTYPES_H 1
| #define HAVE_STDINT_H 1
| #define HAVE_UNISTD_H 1
| #define __EXTENSIONS__ 1
| #define _ALL_SOURCE 1
| #define _GNU_SOURCE 1
| #define _POSIX_PTHREAD_SEMANTICS 1
| #define _TANDEM_SOURCE 1
| #define _FILE_OFFSET_BITS 64
| #define HAVE_DLFCN_H 1
| #define LT_OBJDIR ".libs/"
| /* end confdefs.h.  */
| #include <ac_nonexistent.h>
configure:12758: checking for ld used by arm-mv5sft-linux-gnueabi-g++
configure:12825: result: /home/wei/work/smg/marvell/arm-mv5sft-linux-gnueabi/bin/ld
configure:12832: checking if the linker (/home/wei/work/smg/marvell/arm-mv5sft-linux-gnueabi/bin/ld) is GNU ld
configure:12847: result: yes
configure:12902: checking whether the arm-mv5sft-linux-gnueabi-g++ linker (/home/wei/work/smg/marvell/arm-mv5sft-linux-gnueabi/bin/ld) supports shared libraries
configure:13907: result: yes
configure:13943: arm-mv5sft-linux-gnueabi-g++ -c -g -O2  conftest.cpp >&5
configure:13946: $? = 0
configure:14466: checking for arm-mv5sft-linux-gnueabi-g++ option to produce PIC
configure:14473: result: -fPIC -DPIC
configure:14481: checking if arm-mv5sft-linux-gnueabi-g++ PIC flag -fPIC -DPIC works
configure:14499: arm-mv5sft-linux-gnueabi-g++ -c -g -O2  -fPIC -DPIC -DPIC conftest.cpp >&5
configure:14503: $? = 0
configure:14516: result: yes
configure:14539: checking if arm-mv5sft-linux-gnueabi-g++ static flag -static works
configure:14567: result: yes
configure:14579: checking if arm-mv5sft-linux-gnueabi-g++ supports -c -o file.o
configure:14600: arm-mv5sft-linux-gnueabi-g++ -c -g -O2  -o out/conftest2.o conftest.cpp >&5
configure:14604: $? = 0
configure:14626: result: yes
configure:14631: checking if arm-mv5sft-linux-gnueabi-g++ supports -c -o file.o
configure:14678: result: yes
configure:14708: checking whether the arm-mv5sft-linux-gnueabi-g++ linker (/home/wei/work/smg/marvell/arm-mv5sft-linux-gnueabi/bin/ld) supports shared libraries
configure:14747: result: yes
configure:14888: checking dynamic linker characteristics
configure:15567: result: GNU/Linux ld.so
configure:15620: checking how to hardcode library paths into programs
configure:15645: result: immediate
configure:15723: checking for arm-mv5sft-linux-gnueabi-pkg-config
configure:15756: result: no
configure:15766: checking for pkg-config
configure:15784: found /usr/bin/pkg-config
configure:15796: result: /usr/bin/pkg-config
configure:15821: checking pkg-config is at least version 0.9.0
configure:15824: result: yes
configure:16094: checking whether self tests are run under valgrind
configure:16096: result: no
configure:16100: checking whether byte ordering is bigendian
configure:16115: arm-mv5sft-linux-gnueabi-gcc -std=gnu99 -c -g -O2  conftest.c >&5
conftest.c:30: error: expected '=', ',', ';', 'asm' or '__attribute__' before 'a'
configure:16115: $? = 1
configure: failed program was:
| /* confdefs.h */
| #define PACKAGE_NAME "protobuf-c"
| #define PACKAGE_TARNAME "protobuf-c"
| #define PACKAGE_VERSION "1.0.0-pre"
| #define PACKAGE_STRING "protobuf-c 1.0.0-pre"
| #define PACKAGE_BUGREPORT ""
| #define PACKAGE_URL ""
| #define PACKAGE "protobuf-c"
| #define VERSION "1.0.0-pre"
| #define STDC_HEADERS 1
| #define HAVE_SYS_TYPES_H 1
| #define HAVE_SYS_STAT_H 1
| #define HAVE_STDLIB_H 1
| #define HAVE_STRING_H 1
| #define HAVE_MEMORY_H 1
| #define HAVE_STRINGS_H 1
| #define HAVE_INTTYPES_H 1
| #define HAVE_STDINT_H 1
| #define HAVE_UNISTD_H 1
| #define __EXTENSIONS__ 1
| #define _ALL_SOURCE 1
| #define _GNU_SOURCE 1
| #define _POSIX_PTHREAD_SEMANTICS 1
| #define _TANDEM_SOURCE 1
| #define _FILE_OFFSET_BITS 64
| #define HAVE_DLFCN_H 1
| #define LT_OBJDIR ".libs/"
| /* end confdefs.h.  */
| #ifndef __APPLE_CC__
| 	       not a universal capable compiler
| 	     #endif
| 	     typedef int dummy;
| 
configure:16160: arm-mv5sft-linux-gnueabi-gcc -std=gnu99 -c -g -O2  conftest.c >&5
configure:16160: $? = 0
configure:16178: arm-mv5sft-linux-gnueabi-gcc -std=gnu99 -c -g -O2  conftest.c >&5
conftest.c: In function 'main':
conftest.c:36: error: 'not' undeclared (first use in this function)
conftest.c:36: error: (Each undeclared identifier is reported only once
conftest.c:36: error: for each function it appears in.)
conftest.c:36: error: expected ';' before 'big'
configure:16178: $? = 1
configure: failed program was:
| /* confdefs.h */
| #define PACKAGE_NAME "protobuf-c"
| #define PACKAGE_TARNAME "protobuf-c"
| #define PACKAGE_VERSION "1.0.0-pre"
| #define PACKAGE_STRING "protobuf-c 1.0.0-pre"
| #define PACKAGE_BUGREPORT ""
| #define PACKAGE_URL ""
| #define PACKAGE "protobuf-c"
| #define VERSION "1.0.0-pre"
| #define STDC_HEADERS 1
| #define HAVE_SYS_TYPES_H 1
| #define HAVE_SYS_STAT_H 1
| #define HAVE_STDLIB_H 1
| #define HAVE_STRING_H 1
| #define HAVE_MEMORY_H 1
| #define HAVE_STRINGS_H 1
| #define HAVE_INTTYPES_H 1
| #define HAVE_STDINT_H 1
| #define HAVE_UNISTD_H 1
| #define __EXTENSIONS__ 1
| #define _ALL_SOURCE 1
| #define _GNU_SOURCE 1
| #define _POSIX_PTHREAD_SEMANTICS 1
| #define _TANDEM_SOURCE 1
| #define _FILE_OFFSET_BITS 64
| #define HAVE_DLFCN_H 1
| #define LT_OBJDIR ".libs/"
| /* end confdefs.h.  */
| #include <sys/types.h>
| 		#include <sys/param.h>
| 
| int
| main ()
| {
| #if BYTE_ORDER != BIG_ENDIAN
| 		 not big endian
| 		#endif
| 
|   ;
|   return 0;
| }
configure:16306: result: no
configure:16464: creating ./config.status

## ---------------------- ##
## Running config.status. ##
## ---------------------- ##

This file was extended by protobuf-c config.status 1.0.0-pre, which was
generated by GNU Autoconf 2.68.  Invocation command line was

  CONFIG_FILES    = 
  CONFIG_HEADERS  = 
  CONFIG_LINKS    = 
  CONFIG_COMMANDS = 
  $ ./config.status 

on leschev

config.status:1172: creating Makefile
config.status:1172: creating protobuf-c/libprotobuf-c.pc
config.status:1172: creating config.h
config.status:1353: config.h is unchanged
config.status:1401: executing depfiles commands
config.status:1401: executing libtool commands
configure:18986: result:
    protobuf-c 1.0.0-pre

        CC:                     arm-mv5sft-linux-gnueabi-gcc -std=gnu99
        CFLAGS:                 -g -O2
        CXX:                    arm-mv5sft-linux-gnueabi-g++
        CXXFLAGS:               -g -O2
        LDFLAGS:                
        LIBS:                   

        prefix:                 /home/wei/test/tunel/work/trike_zmq_connector/lib/protobuf-2.5.0
        sysconfdir:             ${prefix}/etc
        libdir:                 /home/wei/test/tunel/work/trike_zmq_connector/lib
        includedir:             /home/wei/test/tunel/work/trike_zmq_connector/include
        pkgconfigdir:           ${libdir}/pkgconfig

        bigendian:              no
        protobuf version:       not required, not building compiler


## ---------------- ##
## Cache variables. ##
## ---------------- ##

ac_cv_build=x86_64-unknown-linux-gnu
ac_cv_c_bigendian=no
ac_cv_c_compiler_gnu=yes
ac_cv_cxx_compiler_gnu=yes
ac_cv_env_CCC_set=
ac_cv_env_CCC_value=
ac_cv_env_CC_set=set
ac_cv_env_CC_value=arm-mv5sft-linux-gnueabi-gcc
ac_cv_env_CFLAGS_set=
ac_cv_env_CFLAGS_value=
ac_cv_env_CPPFLAGS_set=
ac_cv_env_CPPFLAGS_value=
ac_cv_env_CPP_set=
ac_cv_env_CPP_value=
ac_cv_env_CXXCPP_set=
ac_cv_env_CXXCPP_value=
ac_cv_env_CXXFLAGS_set=
ac_cv_env_CXXFLAGS_value=
ac_cv_env_CXX_set=
ac_cv_env_CXX_value=
ac_cv_env_LDFLAGS_set=
ac_cv_env_LDFLAGS_value=
ac_cv_env_LIBS_set=
ac_cv_env_LIBS_value=
ac_cv_env_PKG_CONFIG_LIBDIR_set=
ac_cv_env_PKG_CONFIG_LIBDIR_value=
ac_cv_env_PKG_CONFIG_PATH_set=
ac_cv_env_PKG_CONFIG_PATH_value=
ac_cv_env_PKG_CONFIG_set=
ac_cv_env_PKG_CONFIG_value=
ac_cv_env_build_alias_set=
ac_cv_env_build_alias_value=
ac_cv_env_host_alias_set=set
ac_cv_env_host_alias_value=arm-mv5sft-linux-gnueabi
ac_cv_env_protobuf_CFLAGS_set=
ac_cv_env_protobuf_CFLAGS_value=
ac_cv_env_protobuf_LIBS_set=
ac_cv_env_protobuf_LIBS_value=
ac_cv_env_target_alias_set=
ac_cv_env_target_alias_value=
ac_cv_header_dlfcn_h=yes
ac_cv_header_inttypes_h=yes
ac_cv_header_memory_h=yes
ac_cv_header_minix_config_h=no
ac_cv_header_stdc=yes
ac_cv_header_stdint_h=yes
ac_cv_header_stdlib_h=yes
ac_cv_header_string_h=yes
ac_cv_header_strings_h=yes
ac_cv_header_sys_stat_h=yes
ac_cv_header_sys_types_h=yes
ac_cv_header_unistd_h=yes
ac_cv_host=arm-mv5sft-linux-gnueabi
ac_cv_objext=o
ac_cv_path_EGREP='/bin/grep -E'
ac_cv_path_FGREP='/bin/grep -F'
ac_cv_path_GREP=/bin/grep
ac_cv_path_SED=/bin/sed
ac_cv_path_ac_pt_PKG_CONFIG=/usr/bin/pkg-config
ac_cv_path_install='/usr/bin/install -c'
ac_cv_path_mkdir=/bin/mkdir
ac_cv_prog_AR=arm-mv5sft-linux-gnueabi-ar
ac_cv_prog_AWK=gawk
ac_cv_prog_CC=arm-mv5sft-linux-gnueabi-gcc
ac_cv_prog_CPP='arm-mv5sft-linux-gnueabi-gcc -std=gnu99 -E'
ac_cv_prog_CXX=arm-mv5sft-linux-gnueabi-g++
ac_cv_prog_CXXCPP='arm-mv5sft-linux-gnueabi-g++ -E'
ac_cv_prog_OBJDUMP=arm-mv5sft-linux-gnueabi-objdump
ac_cv_prog_RANLIB=arm-mv5sft-linux-gnueabi-ranlib
ac_cv_prog_STRIP=arm-mv5sft-linux-gnueabi-strip
ac_cv_prog_ac_ct_MANIFEST_TOOL=mt
ac_cv_prog_cc_c89=
ac_cv_prog_cc_c99=-std=gnu99
ac_cv_prog_cc_g=yes
ac_cv_prog_cc_stdc=-std=gnu99
ac_cv_prog_cxx_g=yes
ac_cv_prog_make_make_set=yes
ac_cv_safe_to_define___extensions__=yes
ac_cv_sys_file_offset_bits=64
ac_cv_sys_largefile_CC=no
am_cv_CC_dependencies_compiler_type=gcc3
am_cv_CXX_dependencies_compiler_type=gcc3
am_cv_make_support_nested_variables=yes
lt_cv_ar_at_file=@
lt_cv_archive_cmds_need_lc=no
lt_cv_deplibs_check_method=pass_all
lt_cv_file_magic_cmd='$MAGIC_CMD'
lt_cv_file_magic_test_file=
lt_cv_ld_reload_flag=-r
lt_cv_nm_interface='BSD nm'
lt_cv_objdir=.libs
lt_cv_path_LD=/home/wei/work/smg/marvell/arm-mv5sft-linux-gnueabi/bin/ld
lt_cv_path_LDCXX=/home/wei/work/smg/marvell/arm-mv5sft-linux-gnueabi/bin/ld
lt_cv_path_NM='/home/wei/work/smg/marvell/bin/arm-mv5sft-linux-gnueabi-nm -B'
lt_cv_path_mainfest_tool=no
lt_cv_prog_compiler_c_o=yes
lt_cv_prog_compiler_c_o_CXX=yes
lt_cv_prog_compiler_pic='-fPIC -DPIC'
lt_cv_prog_compiler_pic_CXX='-fPIC -DPIC'
lt_cv_prog_compiler_pic_works=yes
lt_cv_prog_compiler_pic_works_CXX=yes
lt_cv_prog_compiler_rtti_exceptions=no
lt_cv_prog_compiler_static_works=yes
lt_cv_prog_compiler_static_works_CXX=yes
lt_cv_prog_gnu_ld=yes
lt_cv_prog_gnu_ldcxx=yes
lt_cv_sharedlib_from_linklib_cmd='printf %s\n'
lt_cv_shlibpath_overrides_runpath=yes
lt_cv_sys_global_symbol_pipe='sed -n -e '\''s/^.*[	 ]\([ABCDGIRSTW][ABCDGIRSTW]*\)[	 ][	 ]*\([_A-Za-z][_A-Za-z0-9]*\)$/\1 \2 \2/p'\'' | sed '\''/ __gnu_lto/d'\'''
lt_cv_sys_global_symbol_to_c_name_address='sed -n -e '\''s/^: \([^ ]*\)[ ]*$/  {\"\1\", (void *) 0},/p'\'' -e '\''s/^[ABCDGIRSTW]* \([^ ]*\) \([^ ]*\)$/  {"\2", (void *) \&\2},/p'\'''
lt_cv_sys_global_symbol_to_c_name_address_lib_prefix='sed -n -e '\''s/^: \([^ ]*\)[ ]*$/  {\"\1\", (void *) 0},/p'\'' -e '\''s/^[ABCDGIRSTW]* \([^ ]*\) \(lib[^ ]*\)$/  {"\2", (void *) \&\2},/p'\'' -e '\''s/^[ABCDGIRSTW]* \([^ ]*\) \([^ ]*\)$/  {"lib\2", (void *) \&\2},/p'\'''
lt_cv_sys_global_symbol_to_cdecl='sed -n -e '\''s/^T .* \(.*\)$/extern int \1();/p'\'' -e '\''s/^[ABCDGIRSTW]* .* \(.*\)$/extern char \1;/p'\'''
lt_cv_sys_max_cmd_len=3458764513820540925
lt_cv_to_host_file_cmd=func_convert_file_noop
lt_cv_to_tool_file_cmd=func_convert_file_noop

## ----------------- ##
## Output variables. ##
## ----------------- ##

ACLOCAL='${SHELL} /home/wei/test/tunel/work/trike_zmq_connector/lib/protobuf-c/build-aux/missing --run aclocal-1.11'
AMDEPBACKSLASH='\'
AMDEP_FALSE='#'
AMDEP_TRUE=''
AMTAR='$${TAR-tar}'
AM_BACKSLASH='\'
AM_DEFAULT_V='$(AM_DEFAULT_VERBOSITY)'
AM_DEFAULT_VERBOSITY='0'
AM_V='$(V)'
AR='arm-mv5sft-linux-gnueabi-ar'
AUTOCONF='${SHELL} /home/wei/test/tunel/work/trike_zmq_connector/lib/protobuf-c/build-aux/missing --run autoconf'
AUTOHEADER='${SHELL} /home/wei/test/tunel/work/trike_zmq_connector/lib/protobuf-c/build-aux/missing --run autoheader'
AUTOMAKE='${SHELL} /home/wei/test/tunel/work/trike_zmq_connector/lib/protobuf-c/build-aux/missing --run automake-1.11'
AWK='gawk'
BUILD_COMPILER_FALSE=''
BUILD_COMPILER_TRUE='#'
CC='arm-mv5sft-linux-gnueabi-gcc -std=gnu99'
CCDEPMODE='depmode=gcc3'
CFLAGS='-g -O2'
CPP='arm-mv5sft-linux-gnueabi-gcc -std=gnu99 -E'
CPPFLAGS=''
CXX='arm-mv5sft-linux-gnueabi-g++'
CXXCPP='arm-mv5sft-linux-gnueabi-g++ -E'
CXXDEPMODE='depmode=gcc3'
CXXFLAGS='-g -O2'
CYGPATH_W='echo'
DEFS='-DHAVE_CONFIG_H'
DEPDIR='.deps'
DLLTOOL='false'
DSYMUTIL=''
DUMPBIN=''
ECHO_C=''
ECHO_N='-n'
ECHO_T=''
EGREP='/bin/grep -E'
EXEEXT=''
FGREP='/bin/grep -F'
GREP='/bin/grep'
INSTALL_DATA='${INSTALL} -m 644'
INSTALL_PROGRAM='${INSTALL}'
INSTALL_SCRIPT='${INSTALL}'
INSTALL_STRIP_PROGRAM='$(install_sh) -c -s'
LD='/home/wei/work/smg/marvell/arm-mv5sft-linux-gnueabi/bin/ld'
LDFLAGS=''
LIBOBJS=''
LIBS=''
LIBTOOL='$(SHELL) $(top_builddir)/libtool'
LIPO=''
LN_S='ln -s'
LTLIBOBJS=''
MAKEINFO='${SHELL} /home/wei/test/tunel/work/trike_zmq_connector/lib/protobuf-c/build-aux/missing --run makeinfo'
MANIFEST_TOOL=':'
MKDIR_P='/bin/mkdir -p'
NM='/home/wei/work/smg/marvell/bin/arm-mv5sft-linux-gnueabi-nm -B'
NMEDIT=''
OBJDUMP='arm-mv5sft-linux-gnueabi-objdump'
OBJEXT='o'
OTOOL64=''
OTOOL=''
PACKAGE='protobuf-c'
PACKAGE_BUGREPORT=''
PACKAGE_NAME='protobuf-c'
PACKAGE_STRING='protobuf-c 1.0.0-pre'
PACKAGE_TARNAME='protobuf-c'
PACKAGE_URL=''
PACKAGE_VERSION='1.0.0-pre'
PATH_SEPARATOR=':'
PKG_CONFIG='/usr/bin/pkg-config'
PKG_CONFIG_LIBDIR=''
PKG_CONFIG_PATH=''
PROTOC=''
RANLIB='arm-mv5sft-linux-gnueabi-ranlib'
SED='/bin/sed'
SET_MAKE=''
SHELL='/bin/bash'
STRIP='arm-mv5sft-linux-gnueabi-strip'
VALGRIND=''
VERSION='1.0.0-pre'
ac_ct_AR=''
ac_ct_CC=''
ac_ct_CXX=''
ac_ct_DUMPBIN=''
am__EXEEXT_FALSE=''
am__EXEEXT_TRUE='#'
am__fastdepCC_FALSE='#'
am__fastdepCC_TRUE=''
am__fastdepCXX_FALSE='#'
am__fastdepCXX_TRUE=''
am__include='include'
am__isrc=''
am__leading_dot='.'
am__nodep='_no'
am__quote=''
am__tar='$${TAR-tar} chof - "$$tardir"'
am__untar='$${TAR-tar} xf -'
bindir='${exec_prefix}/bin'
build='x86_64-unknown-linux-gnu'
build_alias=''
build_cpu='x86_64'
build_os='linux-gnu'
build_vendor='unknown'
datadir='${datarootdir}'
datarootdir='${prefix}/share'
docdir='${datarootdir}/doc/${PACKAGE_TARNAME}'
dvidir='${docdir}'
exec_prefix='${prefix}'
host='arm-mv5sft-linux-gnueabi'
host_alias='arm-mv5sft-linux-gnueabi'
host_cpu='arm'
host_os='linux-gnueabi'
host_vendor='mv5sft'
htmldir='${docdir}'
includedir='/home/wei/test/tunel/work/trike_zmq_connector/include'
infodir='${datarootdir}/info'
install_sh='${SHELL} /home/wei/test/tunel/work/trike_zmq_connector/lib/protobuf-c/build-aux/install-sh'
libdir='/home/wei/test/tunel/work/trike_zmq_connector/lib'
libexecdir='${exec_prefix}/libexec'
localedir='${datarootdir}/locale'
localstatedir='${prefix}/var'
mandir='${datarootdir}/man'
mkdir_p='/bin/mkdir -p'
oldincludedir='/usr/include'
pdfdir='${docdir}'
pkgconfigdir='${libdir}/pkgconfig'
prefix='/home/wei/test/tunel/work/trike_zmq_connector/lib/protobuf-2.5.0'
program_transform_name='s,x,x,'
protobuf_CFLAGS=''
protobuf_LIBS=''
psdir='${docdir}'
sbindir='${exec_prefix}/sbin'
sharedstatedir='${prefix}/com'
sysconfdir='${prefix}/etc'
target_alias=''

## ----------- ##
## confdefs.h. ##
## ----------- ##

/* confdefs.h */
#define PACKAGE_NAME "protobuf-c"
#define PACKAGE_TARNAME "protobuf-c"
#define PACKAGE_VERSION "1.0.0-pre"
#define PACKAGE_STRING "protobuf-c 1.0.0-pre"
#define PACKAGE_BUGREPORT ""
#define PACKAGE_URL ""
#define PACKAGE "protobuf-c"
#define VERSION "1.0.0-pre"
#define STDC_HEADERS 1
#define HAVE_SYS_TYPES_H 1
#define HAVE_SYS_STAT_H 1
#define HAVE_STDLIB_H 1
#define HAVE_STRING_H 1
#define HAVE_MEMORY_H 1
#define HAVE_STRINGS_H 1
#define HAVE_INTTYPES_H 1
#define HAVE_STDINT_H 1
#define HAVE_UNISTD_H 1
#define __EXTENSIONS__ 1
#define _ALL_SOURCE 1
#define _GNU_SOURCE 1
#define _POSIX_PTHREAD_SEMANTICS 1
#define _TANDEM_SOURCE 1
#define _FILE_OFFSET_BITS 64
#define HAVE_DLFCN_H 1
#define LT_OBJDIR ".libs/"

configure: exit 0
