Грамматика

    0 $accept: program $end

    1 program: declar block

    2 declar: declar TVAR1 ID ';'
    3       | declar TVAR2 ID ';'
    4       | /* пусто */

    5 funct: funct state
    6      | /* пусто */

    7 state: ID ASSIGN expr ';'
    8      | WRITE '(' ID ')' ';'
    9      | WRITE '(' STR ')' ';'
   10      | READ '(' ID ')' ';'
   11      | WHILE '(' bool ')' block
   12      | IF '(' bool ')' block
   13      | IF '(' bool ')' block ELSE block

   14 block: '{' funct '}'

   15 expr: expr '+' expr
   16     | expr '-' expr
   17     | expr '*' expr
   18     | expr '/' expr
   19     | ID
   20     | STR
   21     | INTEGER
   22     | '(' expr ')'

   23 bool: expr '=' expr
   24     | expr '<' expr
   25     | expr '>' expr
   26     | expr NEQ expr
   27     | bool '&' bool
   28     | bool '|' bool


Терминальные символы с правилами, в которых они появляются

$end (0) 0
'&' (38) 27
'(' (40) 8 9 10 11 12 13 22
')' (41) 8 9 10 11 12 13 22
'*' (42) 17
'+' (43) 15
'-' (45) 16
'/' (47) 18
';' (59) 2 3 7 8 9 10
'<' (60) 24
'=' (61) 23
'>' (62) 25
'{' (123) 14
'|' (124) 28
'}' (125) 14
error (256)
IF (258) 12 13
WHILE (259) 11
READ (260) 10
WRITE (261) 8 9
TVAR1 (262) 2
TVAR2 (263) 3
INTEGER (264) 21
STR (265) 9 20
ID (266) 2 3 7 8 10 19
IFX (267)
ELSE (268) 13
ASSIGN (269) 7
NEQ (270) 26


Нетерминальные символы с правилами, в которых они появляются

$accept (30)
    налево: 0
program (31)
    налево: 1, направо: 0
declar (32)
    налево: 2 3 4, направо: 1 2 3
funct (33)
    налево: 5 6, направо: 5 14
state (34)
    налево: 7 8 9 10 11 12 13, направо: 5
block (35)
    налево: 14, направо: 1 11 12 13
expr (36)
    налево: 15 16 17 18 19 20 21 22, направо: 7 15 16
    17 18 22 23 24 25 26
bool (37)
    налево: 23 24 25 26 27 28, направо: 11 12 13 27 28


состояние 0

    0 $accept: . program $end

    $default  вывод с использованием правила 4 (declar)

    program  переход в состояние 1
    declar   переход в состояние 2


состояние 1

    0 $accept: program . $end

    $end  сдвиг, и переход в состояние 3


состояние 2

    1 program: declar . block
    2 declar: declar . TVAR1 ID ';'
    3       | declar . TVAR2 ID ';'

    TVAR1  сдвиг, и переход в состояние 4
    TVAR2  сдвиг, и переход в состояние 5
    '{'    сдвиг, и переход в состояние 6

    block  переход в состояние 7


состояние 3

    0 $accept: program $end .

    $default  accept


состояние 4

    2 declar: declar TVAR1 . ID ';'

    ID  сдвиг, и переход в состояние 8


состояние 5

    3 declar: declar TVAR2 . ID ';'

    ID  сдвиг, и переход в состояние 9


состояние 6

   14 block: '{' . funct '}'

    $default  вывод с использованием правила 6 (funct)

    funct  переход в состояние 10


состояние 7

    1 program: declar block .

    $default  вывод с использованием правила 1 (program)


состояние 8

    2 declar: declar TVAR1 ID . ';'

    ';'  сдвиг, и переход в состояние 11


состояние 9

    3 declar: declar TVAR2 ID . ';'

    ';'  сдвиг, и переход в состояние 12


состояние 10

    5 funct: funct . state
   14 block: '{' funct . '}'

    IF     сдвиг, и переход в состояние 13
    WHILE  сдвиг, и переход в состояние 14
    READ   сдвиг, и переход в состояние 15
    WRITE  сдвиг, и переход в состояние 16
    ID     сдвиг, и переход в состояние 17
    '}'    сдвиг, и переход в состояние 18

    state  переход в состояние 19


состояние 11

    2 declar: declar TVAR1 ID ';' .

    $default  вывод с использованием правила 2 (declar)


состояние 12

    3 declar: declar TVAR2 ID ';' .

    $default  вывод с использованием правила 3 (declar)


состояние 13

   12 state: IF . '(' bool ')' block
   13      | IF . '(' bool ')' block ELSE block

    '('  сдвиг, и переход в состояние 20


состояние 14

   11 state: WHILE . '(' bool ')' block

    '('  сдвиг, и переход в состояние 21


состояние 15

   10 state: READ . '(' ID ')' ';'

    '('  сдвиг, и переход в состояние 22


состояние 16

    8 state: WRITE . '(' ID ')' ';'
    9      | WRITE . '(' STR ')' ';'

    '('  сдвиг, и переход в состояние 23


состояние 17

    7 state: ID . ASSIGN expr ';'

    ASSIGN  сдвиг, и переход в состояние 24


состояние 18

   14 block: '{' funct '}' .

    $default  вывод с использованием правила 14 (block)


состояние 19

    5 funct: funct state .

    $default  вывод с использованием правила 5 (funct)


состояние 20

   12 state: IF '(' . bool ')' block
   13      | IF '(' . bool ')' block ELSE block

    INTEGER  сдвиг, и переход в состояние 25
    STR      сдвиг, и переход в состояние 26
    ID       сдвиг, и переход в состояние 27
    '('      сдвиг, и переход в состояние 28

    expr  переход в состояние 29
    bool  переход в состояние 30


состояние 21

   11 state: WHILE '(' . bool ')' block

    INTEGER  сдвиг, и переход в состояние 25
    STR      сдвиг, и переход в состояние 26
    ID       сдвиг, и переход в состояние 27
    '('      сдвиг, и переход в состояние 28

    expr  переход в состояние 29
    bool  переход в состояние 31


состояние 22

   10 state: READ '(' . ID ')' ';'

    ID  сдвиг, и переход в состояние 32


состояние 23

    8 state: WRITE '(' . ID ')' ';'
    9      | WRITE '(' . STR ')' ';'

    STR  сдвиг, и переход в состояние 33
    ID   сдвиг, и переход в состояние 34


состояние 24

    7 state: ID ASSIGN . expr ';'

    INTEGER  сдвиг, и переход в состояние 25
    STR      сдвиг, и переход в состояние 26
    ID       сдвиг, и переход в состояние 27
    '('      сдвиг, и переход в состояние 28

    expr  переход в состояние 35


состояние 25

   21 expr: INTEGER .

    $default  вывод с использованием правила 21 (expr)


состояние 26

   20 expr: STR .

    $default  вывод с использованием правила 20 (expr)


состояние 27

   19 expr: ID .

    $default  вывод с использованием правила 19 (expr)


состояние 28

   22 expr: '(' . expr ')'

    INTEGER  сдвиг, и переход в состояние 25
    STR      сдвиг, и переход в состояние 26
    ID       сдвиг, и переход в состояние 27
    '('      сдвиг, и переход в состояние 28

    expr  переход в состояние 36


состояние 29

   15 expr: expr . '+' expr
   16     | expr . '-' expr
   17     | expr . '*' expr
   18     | expr . '/' expr
   23 bool: expr . '=' expr
   24     | expr . '<' expr
   25     | expr . '>' expr
   26     | expr . NEQ expr

    '<'  сдвиг, и переход в состояние 37
    '>'  сдвиг, и переход в состояние 38
    '='  сдвиг, и переход в состояние 39
    NEQ  сдвиг, и переход в состояние 40
    '+'  сдвиг, и переход в состояние 41
    '-'  сдвиг, и переход в состояние 42
    '*'  сдвиг, и переход в состояние 43
    '/'  сдвиг, и переход в состояние 44


состояние 30

   12 state: IF '(' bool . ')' block
   13      | IF '(' bool . ')' block ELSE block
   27 bool: bool . '&' bool
   28     | bool . '|' bool

    '&'  сдвиг, и переход в состояние 45
    '|'  сдвиг, и переход в состояние 46
    ')'  сдвиг, и переход в состояние 47


состояние 31

   11 state: WHILE '(' bool . ')' block
   27 bool: bool . '&' bool
   28     | bool . '|' bool

    '&'  сдвиг, и переход в состояние 45
    '|'  сдвиг, и переход в состояние 46
    ')'  сдвиг, и переход в состояние 48


состояние 32

   10 state: READ '(' ID . ')' ';'

    ')'  сдвиг, и переход в состояние 49


состояние 33

    9 state: WRITE '(' STR . ')' ';'

    ')'  сдвиг, и переход в состояние 50


состояние 34

    8 state: WRITE '(' ID . ')' ';'

    ')'  сдвиг, и переход в состояние 51


состояние 35

    7 state: ID ASSIGN expr . ';'
   15 expr: expr . '+' expr
   16     | expr . '-' expr
   17     | expr . '*' expr
   18     | expr . '/' expr

    '+'  сдвиг, и переход в состояние 41
    '-'  сдвиг, и переход в состояние 42
    '*'  сдвиг, и переход в состояние 43
    '/'  сдвиг, и переход в состояние 44
    ';'  сдвиг, и переход в состояние 52


состояние 36

   15 expr: expr . '+' expr
   16     | expr . '-' expr
   17     | expr . '*' expr
   18     | expr . '/' expr
   22     | '(' expr . ')'

    '+'  сдвиг, и переход в состояние 41
    '-'  сдвиг, и переход в состояние 42
    '*'  сдвиг, и переход в состояние 43
    '/'  сдвиг, и переход в состояние 44
    ')'  сдвиг, и переход в состояние 53


состояние 37

   24 bool: expr '<' . expr

    INTEGER  сдвиг, и переход в состояние 25
    STR      сдвиг, и переход в состояние 26
    ID       сдвиг, и переход в состояние 27
    '('      сдвиг, и переход в состояние 28

    expr  переход в состояние 54


состояние 38

   25 bool: expr '>' . expr

    INTEGER  сдвиг, и переход в состояние 25
    STR      сдвиг, и переход в состояние 26
    ID       сдвиг, и переход в состояние 27
    '('      сдвиг, и переход в состояние 28

    expr  переход в состояние 55


состояние 39

   23 bool: expr '=' . expr

    INTEGER  сдвиг, и переход в состояние 25
    STR      сдвиг, и переход в состояние 26
    ID       сдвиг, и переход в состояние 27
    '('      сдвиг, и переход в состояние 28

    expr  переход в состояние 56


состояние 40

   26 bool: expr NEQ . expr

    INTEGER  сдвиг, и переход в состояние 25
    STR      сдвиг, и переход в состояние 26
    ID       сдвиг, и переход в состояние 27
    '('      сдвиг, и переход в состояние 28

    expr  переход в состояние 57


состояние 41

   15 expr: expr '+' . expr

    INTEGER  сдвиг, и переход в состояние 25
    STR      сдвиг, и переход в состояние 26
    ID       сдвиг, и переход в состояние 27
    '('      сдвиг, и переход в состояние 28

    expr  переход в состояние 58


состояние 42

   16 expr: expr '-' . expr

    INTEGER  сдвиг, и переход в состояние 25
    STR      сдвиг, и переход в состояние 26
    ID       сдвиг, и переход в состояние 27
    '('      сдвиг, и переход в состояние 28

    expr  переход в состояние 59


состояние 43

   17 expr: expr '*' . expr

    INTEGER  сдвиг, и переход в состояние 25
    STR      сдвиг, и переход в состояние 26
    ID       сдвиг, и переход в состояние 27
    '('      сдвиг, и переход в состояние 28

    expr  переход в состояние 60


состояние 44

   18 expr: expr '/' . expr

    INTEGER  сдвиг, и переход в состояние 25
    STR      сдвиг, и переход в состояние 26
    ID       сдвиг, и переход в состояние 27
    '('      сдвиг, и переход в состояние 28

    expr  переход в состояние 61


состояние 45

   27 bool: bool '&' . bool

    INTEGER  сдвиг, и переход в состояние 25
    STR      сдвиг, и переход в состояние 26
    ID       сдвиг, и переход в состояние 27
    '('      сдвиг, и переход в состояние 28

    expr  переход в состояние 29
    bool  переход в состояние 62


состояние 46

   28 bool: bool '|' . bool

    INTEGER  сдвиг, и переход в состояние 25
    STR      сдвиг, и переход в состояние 26
    ID       сдвиг, и переход в состояние 27
    '('      сдвиг, и переход в состояние 28

    expr  переход в состояние 29
    bool  переход в состояние 63


состояние 47

   12 state: IF '(' bool ')' . block
   13      | IF '(' bool ')' . block ELSE block

    '{'  сдвиг, и переход в состояние 6

    block  переход в состояние 64


состояние 48

   11 state: WHILE '(' bool ')' . block

    '{'  сдвиг, и переход в состояние 6

    block  переход в состояние 65


состояние 49

   10 state: READ '(' ID ')' . ';'

    ';'  сдвиг, и переход в состояние 66


состояние 50

    9 state: WRITE '(' STR ')' . ';'

    ';'  сдвиг, и переход в состояние 67


состояние 51

    8 state: WRITE '(' ID ')' . ';'

    ';'  сдвиг, и переход в состояние 68


состояние 52

    7 state: ID ASSIGN expr ';' .

    $default  вывод с использованием правила 7 (state)


состояние 53

   22 expr: '(' expr ')' .

    $default  вывод с использованием правила 22 (expr)


состояние 54

   15 expr: expr . '+' expr
   16     | expr . '-' expr
   17     | expr . '*' expr
   18     | expr . '/' expr
   24 bool: expr '<' expr .

    '+'  сдвиг, и переход в состояние 41
    '-'  сдвиг, и переход в состояние 42
    '*'  сдвиг, и переход в состояние 43
    '/'  сдвиг, и переход в состояние 44

    $default  вывод с использованием правила 24 (bool)


состояние 55

   15 expr: expr . '+' expr
   16     | expr . '-' expr
   17     | expr . '*' expr
   18     | expr . '/' expr
   25 bool: expr '>' expr .

    '+'  сдвиг, и переход в состояние 41
    '-'  сдвиг, и переход в состояние 42
    '*'  сдвиг, и переход в состояние 43
    '/'  сдвиг, и переход в состояние 44

    $default  вывод с использованием правила 25 (bool)


состояние 56

   15 expr: expr . '+' expr
   16     | expr . '-' expr
   17     | expr . '*' expr
   18     | expr . '/' expr
   23 bool: expr '=' expr .

    '+'  сдвиг, и переход в состояние 41
    '-'  сдвиг, и переход в состояние 42
    '*'  сдвиг, и переход в состояние 43
    '/'  сдвиг, и переход в состояние 44

    $default  вывод с использованием правила 23 (bool)


состояние 57

   15 expr: expr . '+' expr
   16     | expr . '-' expr
   17     | expr . '*' expr
   18     | expr . '/' expr
   26 bool: expr NEQ expr .

    '+'  сдвиг, и переход в состояние 41
    '-'  сдвиг, и переход в состояние 42
    '*'  сдвиг, и переход в состояние 43
    '/'  сдвиг, и переход в состояние 44

    $default  вывод с использованием правила 26 (bool)


состояние 58

   15 expr: expr . '+' expr
   15     | expr '+' expr .
   16     | expr . '-' expr
   17     | expr . '*' expr
   18     | expr . '/' expr

    '*'  сдвиг, и переход в состояние 43
    '/'  сдвиг, и переход в состояние 44

    $default  вывод с использованием правила 15 (expr)


состояние 59

   15 expr: expr . '+' expr
   16     | expr . '-' expr
   16     | expr '-' expr .
   17     | expr . '*' expr
   18     | expr . '/' expr

    '*'  сдвиг, и переход в состояние 43
    '/'  сдвиг, и переход в состояние 44

    $default  вывод с использованием правила 16 (expr)


состояние 60

   15 expr: expr . '+' expr
   16     | expr . '-' expr
   17     | expr . '*' expr
   17     | expr '*' expr .
   18     | expr . '/' expr

    $default  вывод с использованием правила 17 (expr)


состояние 61

   15 expr: expr . '+' expr
   16     | expr . '-' expr
   17     | expr . '*' expr
   18     | expr . '/' expr
   18     | expr '/' expr .

    $default  вывод с использованием правила 18 (expr)


состояние 62

   27 bool: bool . '&' bool
   27     | bool '&' bool .
   28     | bool . '|' bool

    $default  вывод с использованием правила 27 (bool)


состояние 63

   27 bool: bool . '&' bool
   28     | bool . '|' bool
   28     | bool '|' bool .

    $default  вывод с использованием правила 28 (bool)


состояние 64

   12 state: IF '(' bool ')' block .
   13      | IF '(' bool ')' block . ELSE block

    ELSE  сдвиг, и переход в состояние 69

    $default  вывод с использованием правила 12 (state)


состояние 65

   11 state: WHILE '(' bool ')' block .

    $default  вывод с использованием правила 11 (state)


состояние 66

   10 state: READ '(' ID ')' ';' .

    $default  вывод с использованием правила 10 (state)


состояние 67

    9 state: WRITE '(' STR ')' ';' .

    $default  вывод с использованием правила 9 (state)


состояние 68

    8 state: WRITE '(' ID ')' ';' .

    $default  вывод с использованием правила 8 (state)


состояние 69

   13 state: IF '(' bool ')' block ELSE . block

    '{'  сдвиг, и переход в состояние 6

    block  переход в состояние 70


состояние 70

   13 state: IF '(' bool ')' block ELSE block .

    $default  вывод с использованием правила 13 (state)
